{"/Users/mackentoch/GitProjects/react-redux-bootstrap-webpack-starter/front/src/components/navigation/NavigationBar.tsx": {"path":"/Users/mackentoch/GitProjects/react-redux-bootstrap-webpack-starter/front/src/components/navigation/NavigationBar.tsx","statementMap":{"0":{"start":{"line":1,"column":0},"end":{"line":1,"column":40}},"1":{"start":{"line":2,"column":0},"end":{"line":2,"column":null}},"2":{"start":{"line":22,"column":2},"end":{"line":22,"column":7}},"3":{"start":{"line":23,"column":14},"end":{"line":23,"column":24}},"4":{"start":{"line":24,"column":2},"end":{"line":24,"column":18}},"5":{"start":{"line":25,"column":2},"end":{"line":25,"column":19}},"6":{"start":{"line":26,"column":2},"end":{"line":26,"column":17}},"7":{"start":{"line":27,"column":2},"end":{"line":27,"column":9}},"8":{"start":{"line":28,"column":2},"end":{"line":28,"column":16}},"9":{"start":{"line":30,"column":8},"end":{"line":30,"column":9}},"10":{"start":{"line":30,"column":9},"end":{"line":30,"column":15}},"11":{"start":{"line":30,"column":17},"end":{"line":30,"column":45}},"12":{"start":{"line":33,"column":17},"end":{"line":36,"column":3}},"13":{"start":{"line":34,"column":4},"end":{"line":34,"column":36}},"14":{"start":{"line":35,"column":4},"end":{"line":35,"column":23}},"15":{"start":{"line":40,"column":30},"end":{"line":40,"column":null}},"16":{"start":{"line":40,"column":31},"end":{"line":40,"column":54}},"17":{"start":{"line":40,"column":54},"end":{"line":45,"column":4}},"18":{"start":{"line":43,"column":4},"end":{"line":43,"column":36}},"19":{"start":{"line":44,"column":4},"end":{"line":44,"column":23}},"20":{"start":{"line":49,"column":28},"end":{"line":53,"column":3}},"21":{"start":{"line":50,"column":4},"end":{"line":50,"column":36}},"22":{"start":{"line":51,"column":4},"end":{"line":51,"column":21}},"23":{"start":{"line":52,"column":4},"end":{"line":52,"column":22}},"24":{"start":{"line":56,"column":2},"end":{"line":79,"column":4}},"25":{"start":{"line":62,"column":29},"end":{"line":62,"column":34}},"26":{"start":{"line":62,"column":36},"end":{"line":62,"column":40}},"27":{"start":{"line":62,"column":54},"end":{"line":68,"column":12}},"28":{"start":{"line":82,"column":0},"end":{"line":82,"column":44}},"29":{"start":{"line":84,"column":0},"end":{"line":84,"column":29}}},"fnMap":{"0":{"name":"NavigationBar","decl":{"start":{"line":21,"column":9},"end":{"line":21,"column":22}},"loc":{"start":{"line":29,"column":8},"end":{"line":80,"column":1}}},"1":{"name":"(anonymous_1)","decl":{"start":{"line":33,"column":17},"end":{"line":33,"column":18}},"loc":{"start":{"line":33,"column":72},"end":{"line":36,"column":3}}},"2":{"name":"(anonymous_2)","decl":{"start":{"line":40,"column":30},"end":{"line":40,"column":31}},"loc":{"start":{"line":40,"column":49},"end":{"line":40,"column":null}}},"3":{"name":"(anonymous_3)","decl":{"start":{"line":40,"column":54},"end":{"line":40,"column":null}},"loc":{"start":{"line":41,"column":46},"end":{"line":45,"column":3}}},"4":{"name":"(anonymous_4)","decl":{"start":{"line":49,"column":28},"end":{"line":49,"column":29}},"loc":{"start":{"line":49,"column":71},"end":{"line":53,"column":3}}},"5":{"name":"(anonymous_5)","decl":{"start":{"line":62,"column":26},"end":{"line":62,"column":27}},"loc":{"start":{"line":62,"column":49},"end":{"line":62,"column":null}}}},"branchMap":{"0":{"loc":{"start":{"line":34,"column":4},"end":{"line":34,"column":9}},"type":"binary-expr","locations":[{"start":{"line":34,"column":4},"end":{"line":34,"column":9}},{"start":{"line":34,"column":13},"end":{"line":34,"column":35}}]},"1":{"loc":{"start":{"line":40,"column":31},"end":{"line":40,"column":54}},"type":"if","locations":[{"start":{"line":40,"column":31},"end":{"line":40,"column":54}},{"start":{"line":40,"column":31},"end":{"line":40,"column":54}}]},"2":{"loc":{"start":{"line":43,"column":4},"end":{"line":43,"column":9}},"type":"binary-expr","locations":[{"start":{"line":43,"column":4},"end":{"line":43,"column":9}},{"start":{"line":43,"column":13},"end":{"line":43,"column":35}}]},"3":{"loc":{"start":{"line":50,"column":4},"end":{"line":50,"column":9}},"type":"binary-expr","locations":[{"start":{"line":50,"column":4},"end":{"line":50,"column":9}},{"start":{"line":50,"column":13},"end":{"line":50,"column":35}}]},"4":{"loc":{"start":{"line":69,"column":11},"end":{"line":69,"column":26}},"type":"binary-expr","locations":[{"start":{"line":69,"column":11},"end":{"line":69,"column":26}},{"start":{"line":70,"column":12},"end":{"line":73,"column":null}}]}},"s":{"0":1,"1":1,"2":1,"3":1,"4":1,"5":1,"6":1,"7":1,"8":1,"9":1,"10":1,"11":1,"12":1,"13":0,"14":0,"15":1,"16":1,"17":1,"18":0,"19":0,"20":1,"21":0,"22":0,"23":0,"24":1,"25":1,"26":1,"27":1,"28":1,"29":1},"f":{"0":1,"1":0,"2":1,"3":0,"4":0,"5":1},"b":{"0":[0,0],"1":[0,1],"2":[0,0],"3":[0,0],"4":[1,0]}}
,"/Users/mackentoch/GitProjects/react-redux-bootstrap-webpack-starter/front/src/components/navigation/index.ts": {"path":"/Users/mackentoch/GitProjects/react-redux-bootstrap-webpack-starter/front/src/components/navigation/index.ts","statementMap":{"0":{"start":{"line":2,"column":0},"end":{"line":2,"column":38}},"1":{"start":{"line":3,"column":0},"end":{"line":3,"column":62}},"2":{"start":{"line":4,"column":0},"end":{"line":4,"column":46}},"3":{"start":{"line":5,"column":0},"end":{"line":5,"column":64}},"4":{"start":{"line":6,"column":0},"end":{"line":6,"column":44}},"5":{"start":{"line":36,"column":24},"end":{"line":41,"column":1}},"6":{"start":{"line":37,"column":2},"end":{"line":40,"column":4}},"7":{"start":{"line":43,"column":27},"end":{"line":45,"column":1}},"8":{"start":{"line":44,"column":2},"end":{"line":44,"column":62}},"9":{"start":{"line":48,"column":0},"end":{"line":54,"column":17}}},"fnMap":{"0":{"name":"(anonymous_0)","decl":{"start":{"line":36,"column":24},"end":{"line":36,"column":25}},"loc":{"start":{"line":36,"column":41},"end":{"line":41,"column":1}}},"1":{"name":"(anonymous_1)","decl":{"start":{"line":43,"column":27},"end":{"line":43,"column":28}},"loc":{"start":{"line":43,"column":46},"end":{"line":45,"column":1}}}},"branchMap":{},"s":{"0":1,"1":1,"2":1,"3":1,"4":1,"5":1,"6":1,"7":1,"8":1,"9":1},"f":{"0":1,"1":1},"b":{}}
,"/Users/mackentoch/GitProjects/react-redux-bootstrap-webpack-starter/front/src/config/appConfig.ts": {"path":"/Users/mackentoch/GitProjects/react-redux-bootstrap-webpack-starter/front/src/config/appConfig.ts","statementMap":{"0":{"start":{"line":1,"column":13},"end":{"line":14,"column":3}},"1":{"start":{"line":16,"column":0},"end":{"line":16,"column":25}}},"fnMap":{},"branchMap":{},"s":{"0":1,"1":1},"f":{},"b":{}}
,"/Users/mackentoch/GitProjects/react-redux-bootstrap-webpack-starter/front/src/redux/middleware/fetchMiddleware.ts": {"path":"/Users/mackentoch/GitProjects/react-redux-bootstrap-webpack-starter/front/src/redux/middleware/fetchMiddleware.ts","statementMap":{"0":{"start":{"line":2,"column":0},"end":{"line":2,"column":26}},"1":{"start":{"line":5,"column":13},"end":{"line":5,"column":39}},"2":{"start":{"line":6,"column":13},"end":{"line":6,"column":29}},"3":{"start":{"line":42,"column":0},"end":{"line":42,"column":null}},"4":{"start":{"line":43,"column":2},"end":{"line":43,"column":null}},"5":{"start":{"line":44,"column":2},"end":{"line":44,"column":null}},"6":{"start":{"line":63,"column":46},"end":{"line":63,"column":null}},"7":{"start":{"line":63,"column":72},"end":{"line":153,"column":2}},"8":{"start":{"line":65,"column":5},"end":{"line":153,"column":2}},"9":{"start":{"line":65,"column":53},"end":{"line":153,"column":2}},"10":{"start":{"line":67,"column":2},"end":{"line":69,"column":null}},"11":{"start":{"line":68,"column":4},"end":{"line":68,"column":24}},"12":{"start":{"line":71,"column":2},"end":{"line":73,"column":null}},"13":{"start":{"line":72,"column":4},"end":{"line":72,"column":24}},"14":{"start":{"line":82,"column":2},"end":{"line":84,"column":null}},"15":{"start":{"line":83,"column":4},"end":{"line":83,"column":24}},"16":{"start":{"line":88,"column":2},"end":{"line":113,"column":null}},"17":{"start":{"line":89,"column":4},"end":{"line":93,"column":null}},"18":{"start":{"line":90,"column":6},"end":{"line":92,"column":8}},"19":{"start":{"line":95,"column":10},"end":{"line":97,"column":null}},"20":{"start":{"line":101,"column":4},"end":{"line":101,"column":38}},"21":{"start":{"line":104,"column":4},"end":{"line":112,"column":6}},"22":{"start":{"line":117,"column":6},"end":{"line":117,"column":12}},"23":{"start":{"line":118,"column":10},"end":{"line":123,"column":null}},"24":{"start":{"line":127,"column":4},"end":{"line":127,"column":38}},"25":{"start":{"line":131,"column":19},"end":{"line":142,"column":null}},"26":{"start":{"line":131,"column":12},"end":{"line":142,"column":null}},"27":{"start":{"line":143,"column":6},"end":{"line":143,"column":55}},"28":{"start":{"line":144,"column":6},"end":{"line":144,"column":18}},"29":{"start":{"line":146,"column":6},"end":{"line":146,"column":60}},"30":{"start":{"line":147,"column":6},"end":{"line":147,"column":18}},"31":{"start":{"line":152,"column":2},"end":{"line":152,"column":22}},"32":{"start":{"line":155,"column":0},"end":{"line":155,"column":31}}},"fnMap":{"0":{"name":"(anonymous_0)","decl":{"start":{"line":42,"column":0},"end":{"line":42,"column":12}},"loc":{"start":{"line":42,"column":27},"end":{"line":45,"column":1}}},"1":{"name":"(anonymous_1)","decl":{"start":{"line":63,"column":46},"end":{"line":63,"column":47}},"loc":{"start":{"line":63,"column":67},"end":{"line":63,"column":null}}},"2":{"name":"(anonymous_2)","decl":{"start":{"line":63,"column":72},"end":{"line":63,"column":null}},"loc":{"start":{"line":64,"column":16},"end":{"line":65,"column":12}}},"3":{"name":"(anonymous_3)","decl":{"start":{"line":65,"column":5},"end":{"line":65,"column":12}},"loc":{"start":{"line":65,"column":53},"end":{"line":153,"column":2}}},"4":{"name":"(anonymous_4)","decl":{"start":{"line":65,"column":53},"end":{"line":65,"column":null}},"loc":{"start":{"line":65,"column":53},"end":{"line":153,"column":2}}}},"branchMap":{"0":{"loc":{"start":{"line":42,"column":12},"end":{"line":42,"column":27}},"type":"binary-expr","locations":[{"start":{"line":42,"column":12},"end":{"line":42,"column":27}},{"start":{"line":42,"column":12},"end":{"line":42,"column":null}}]},"1":{"loc":{"start":{"line":67,"column":2},"end":{"line":69,"column":null}},"type":"if","locations":[{"start":{"line":67,"column":2},"end":{"line":69,"column":null}},{"start":{"line":67,"column":2},"end":{"line":69,"column":null}}]},"2":{"loc":{"start":{"line":71,"column":2},"end":{"line":73,"column":null}},"type":"if","locations":[{"start":{"line":71,"column":2},"end":{"line":73,"column":null}},{"start":{"line":71,"column":2},"end":{"line":73,"column":null}}]},"3":{"loc":{"start":{"line":82,"column":2},"end":{"line":84,"column":null}},"type":"if","locations":[{"start":{"line":82,"column":2},"end":{"line":84,"column":null}},{"start":{"line":82,"column":2},"end":{"line":84,"column":null}}]},"4":{"loc":{"start":{"line":88,"column":2},"end":{"line":113,"column":null}},"type":"if","locations":[{"start":{"line":88,"column":2},"end":{"line":113,"column":null}},{"start":{"line":88,"column":2},"end":{"line":113,"column":null}}]},"5":{"loc":{"start":{"line":89,"column":4},"end":{"line":93,"column":null}},"type":"if","locations":[{"start":{"line":89,"column":4},"end":{"line":93,"column":null}},{"start":{"line":89,"column":4},"end":{"line":93,"column":null}}]},"6":{"loc":{"start":{"line":117,"column":6},"end":{"line":117,"column":12}},"type":"if","locations":[{"start":{"line":117,"column":6},"end":{"line":117,"column":12}},{"start":{"line":117,"column":6},"end":{"line":117,"column":12}}]}},"s":{"0":1,"1":1,"2":1,"3":1,"4":1,"5":1,"6":1,"7":0,"8":0,"9":0,"10":0,"11":0,"12":0,"13":0,"14":0,"15":0,"16":0,"17":0,"18":0,"19":0,"20":0,"21":0,"22":0,"23":0,"24":0,"25":0,"26":0,"27":0,"28":0,"29":0,"30":0,"31":0,"32":1},"f":{"0":1,"1":0,"2":0,"3":0,"4":0},"b":{"0":[1,1],"1":[0,0],"2":[0,0],"3":[0,0],"4":[0,0],"5":[0,0],"6":[0,0]}}
,"/Users/mackentoch/GitProjects/react-redux-bootstrap-webpack-starter/front/src/redux/modules/userAuth/index.ts": {"path":"/Users/mackentoch/GitProjects/react-redux-bootstrap-webpack-starter/front/src/redux/modules/userAuth/index.ts","statementMap":{"0":{"start":{"line":2,"column":0},"end":{"line":2,"column":26}},"1":{"start":{"line":3,"column":0},"end":{"line":3,"column":50}},"2":{"start":{"line":4,"column":0},"end":{"line":4,"column":65}},"3":{"start":{"line":5,"column":0},"end":{"line":5,"column":69}},"4":{"start":{"line":6,"column":0},"end":{"line":6,"column":42}},"5":{"start":{"line":7,"column":0},"end":{"line":7,"column":67}},"6":{"start":{"line":11,"column":32},"end":{"line":11,"column":57}},"7":{"start":{"line":12,"column":33},"end":{"line":12,"column":59}},"8":{"start":{"line":13,"column":30},"end":{"line":13,"column":53}},"9":{"start":{"line":15,"column":25},"end":{"line":15,"column":43}},"10":{"start":{"line":16,"column":26},"end":{"line":16,"column":45}},"11":{"start":{"line":17,"column":23},"end":{"line":17,"column":39}},"12":{"start":{"line":19,"column":39},"end":{"line":19,"column":71}},"13":{"start":{"line":21,"column":24},"end":{"line":21,"column":41}},"14":{"start":{"line":55,"column":28},"end":{"line":68,"column":2}},"15":{"start":{"line":72,"column":24},"end":{"line":72,"column":53}},"16":{"start":{"line":73,"column":2},"end":{"line":177,"column":null}},"17":{"start":{"line":76,"column":8},"end":{"line":76,"column":31}},"18":{"start":{"line":77,"column":8},"end":{"line":77,"column":18}},"19":{"start":{"line":78,"column":8},"end":{"line":78,"column":65}},"20":{"start":{"line":81,"column":6},"end":{"line":88,"column":null}},"21":{"start":{"line":93,"column":6},"end":{"line":100,"column":null}},"22":{"start":{"line":106,"column":6},"end":{"line":108,"column":null}},"23":{"start":{"line":114,"column":8},"end":{"line":114,"column":null}},"24":{"start":{"line":115,"column":10},"end":{"line":115,"column":20}},"25":{"start":{"line":116,"column":10},"end":{"line":116,"column":17}},"26":{"start":{"line":117,"column":10},"end":{"line":117,"column":20}},"27":{"start":{"line":118,"column":10},"end":{"line":118,"column":24}},"28":{"start":{"line":119,"column":10},"end":{"line":119,"column":23}},"29":{"start":{"line":123,"column":6},"end":{"line":131,"column":null}},"30":{"start":{"line":136,"column":6},"end":{"line":139,"column":null}},"31":{"start":{"line":145,"column":6},"end":{"line":147,"column":null}},"32":{"start":{"line":154,"column":10},"end":{"line":154,"column":72}},"33":{"start":{"line":158,"column":6},"end":{"line":164,"column":null}},"34":{"start":{"line":169,"column":6},"end":{"line":171,"column":null}},"35":{"start":{"line":176,"column":6},"end":{"line":176,"column":19}},"36":{"start":{"line":72,"column":0},"end":{"line":72,"column":24}},"37":{"start":{"line":187,"column":2},"end":{"line":187,"column":28}},"38":{"start":{"line":188,"column":2},"end":{"line":188,"column":37}},"39":{"start":{"line":186,"column":0},"end":{"line":186,"column":16}},"40":{"start":{"line":200,"column":2},"end":{"line":219,"column":4}},"41":{"start":{"line":201,"column":18},"end":{"line":201,"column":33}},"42":{"start":{"line":202,"column":17},"end":{"line":202,"column":35}},"43":{"start":{"line":203,"column":27},"end":{"line":203,"column":44}},"44":{"start":{"line":203,"column":41},"end":{"line":203,"column":66}},"45":{"start":{"line":204,"column":22},"end":{"line":204,"column":48}},"46":{"start":{"line":205,"column":28},"end":{"line":205,"column":72}},"47":{"start":{"line":207,"column":4},"end":{"line":212,"column":7}},"48":{"start":{"line":214,"column":4},"end":{"line":217,"column":null}},"49":{"start":{"line":199,"column":0},"end":{"line":199,"column":16}},"50":{"start":{"line":225,"column":0},"end":{"line":225,"column":9}},"51":{"start":{"line":226,"column":2},"end":{"line":266,"column":4}},"52":{"start":{"line":226,"column":23},"end":{"line":266,"column":4}},"53":{"start":{"line":227,"column":10},"end":{"line":229,"column":30}},"54":{"start":{"line":231,"column":10},"end":{"line":231,"column":39}},"55":{"start":{"line":233,"column":10},"end":{"line":233,"column":41}},"56":{"start":{"line":234,"column":10},"end":{"line":234,"column":63}},"57":{"start":{"line":235,"column":10},"end":{"line":235,"column":26}},"58":{"start":{"line":236,"column":10},"end":{"line":236,"column":23}},"59":{"start":{"line":237,"column":10},"end":{"line":243,"column":6}},"60":{"start":{"line":246,"column":10},"end":{"line":246,"column":37}},"61":{"start":{"line":247,"column":4},"end":{"line":265,"column":7}},"62":{"start":{"line":273,"column":2},"end":{"line":278,"column":4}},"63":{"start":{"line":274,"column":4},"end":{"line":276,"column":null}},"64":{"start":{"line":275,"column":6},"end":{"line":275,"column":48}},"65":{"start":{"line":277,"column":4},"end":{"line":277,"column":29}},"66":{"start":{"line":269,"column":0},"end":{"line":269,"column":16}},"67":{"start":{"line":281,"column":10},"end":{"line":281,"column":19}},"68":{"start":{"line":282,"column":2},"end":{"line":282,"column":20}},"69":{"start":{"line":288,"column":0},"end":{"line":288,"column":9}},"70":{"start":{"line":288,"column":28},"end":{"line":288,"column":null}},"71":{"start":{"line":289,"column":2},"end":{"line":328,"column":4}},"72":{"start":{"line":289,"column":23},"end":{"line":328,"column":4}},"73":{"start":{"line":290,"column":10},"end":{"line":290,"column":34}},"74":{"start":{"line":292,"column":6},"end":{"line":293,"column":null}},"75":{"start":{"line":295,"column":10},"end":{"line":297,"column":30}},"76":{"start":{"line":298,"column":10},"end":{"line":298,"column":41}},"77":{"start":{"line":299,"column":10},"end":{"line":299,"column":56}},"78":{"start":{"line":300,"column":10},"end":{"line":300,"column":25}},"79":{"start":{"line":301,"column":10},"end":{"line":301,"column":63}},"80":{"start":{"line":302,"column":10},"end":{"line":302,"column":51}},"81":{"start":{"line":304,"column":4},"end":{"line":306,"column":null}},"82":{"start":{"line":305,"column":6},"end":{"line":305,"column":51}},"83":{"start":{"line":309,"column":6},"end":{"line":309,"column":50}},"84":{"start":{"line":311,"column":22},"end":{"line":322,"column":null}},"85":{"start":{"line":311,"column":12},"end":{"line":322,"column":null}},"86":{"start":{"line":324,"column":6},"end":{"line":324,"column":21}},"87":{"start":{"line":326,"column":6},"end":{"line":326,"column":55}},"88":{"start":{"line":332,"column":2},"end":{"line":332,"column":null}},"89":{"start":{"line":334,"column":2},"end":{"line":339,"column":4}},"90":{"start":{"line":335,"column":4},"end":{"line":337,"column":null}},"91":{"start":{"line":336,"column":6},"end":{"line":336,"column":46}},"92":{"start":{"line":338,"column":4},"end":{"line":338,"column":29}},"93":{"start":{"line":331,"column":0},"end":{"line":331,"column":16}},"94":{"start":{"line":343,"column":10},"end":{"line":343,"column":20}},"95":{"start":{"line":344,"column":2},"end":{"line":344,"column":21}}},"fnMap":{"0":{"name":"default_1","decl":{"start":{"line":72,"column":0},"end":{"line":72,"column":24}},"loc":{"start":{"line":72,"column":67},"end":{"line":178,"column":1}}},"1":{"name":"disconnectUser","decl":{"start":{"line":186,"column":16},"end":{"line":186,"column":30}},"loc":{"start":{"line":186,"column":30},"end":{"line":189,"column":1}}},"2":{"name":"checkUserIsConnected","decl":{"start":{"line":199,"column":16},"end":{"line":199,"column":36}},"loc":{"start":{"line":199,"column":36},"end":{"line":220,"column":1}}},"3":{"name":"(anonymous_3)","decl":{"start":{"line":200,"column":9},"end":{"line":200,"column":17}},"loc":{"start":{"line":200,"column":17},"end":{"line":219,"column":3}}},"4":{"name":"(anonymous_4)","decl":{"start":{"line":203,"column":27},"end":{"line":203,"column":28}},"loc":{"start":{"line":203,"column":36},"end":{"line":203,"column":44}}},"5":{"name":"logUser","decl":{"start":{"line":225,"column":9},"end":{"line":225,"column":16}},"loc":{"start":{"line":225,"column":48},"end":{"line":267,"column":1}}},"6":{"name":"(anonymous_6)","decl":{"start":{"line":226,"column":9},"end":{"line":226,"column":15}},"loc":{"start":{"line":226,"column":23},"end":{"line":266,"column":4}}},"7":{"name":"(anonymous_7)","decl":{"start":{"line":226,"column":23},"end":{"line":226,"column":null}},"loc":{"start":{"line":226,"column":23},"end":{"line":266,"column":4}}},"8":{"name":"logUserIfNeeded","decl":{"start":{"line":269,"column":16},"end":{"line":269,"column":31}},"loc":{"start":{"line":271,"column":18},"end":{"line":279,"column":1}}},"9":{"name":"(anonymous_10)","decl":{"start":{"line":273,"column":9},"end":{"line":273,"column":10}},"loc":{"start":{"line":273,"column":28},"end":{"line":278,"column":3}}},"10":{"name":"shouldLogUser","decl":{"start":{"line":280,"column":9},"end":{"line":280,"column":22}},"loc":{"start":{"line":280,"column":55},"end":{"line":283,"column":1}}},"11":{"name":"fetchUserInfosData","decl":{"start":{"line":288,"column":9},"end":{"line":288,"column":27}},"loc":{"start":{"line":288,"column":43},"end":{"line":329,"column":1}}},"12":{"name":"(anonymous_13)","decl":{"start":{"line":289,"column":9},"end":{"line":289,"column":15}},"loc":{"start":{"line":289,"column":23},"end":{"line":328,"column":4}}},"13":{"name":"(anonymous_14)","decl":{"start":{"line":289,"column":23},"end":{"line":289,"column":null}},"loc":{"start":{"line":289,"column":23},"end":{"line":328,"column":4}}},"14":{"name":"fetchUserInfoDataIfNeeded","decl":{"start":{"line":331,"column":16},"end":{"line":331,"column":41}},"loc":{"start":{"line":332,"column":17},"end":{"line":340,"column":1}}},"15":{"name":"(anonymous_17)","decl":{"start":{"line":334,"column":9},"end":{"line":334,"column":10}},"loc":{"start":{"line":334,"column":28},"end":{"line":339,"column":3}}},"16":{"name":"shouldFetchUserInfoData","decl":{"start":{"line":342,"column":9},"end":{"line":342,"column":32}},"loc":{"start":{"line":342,"column":65},"end":{"line":345,"column":1}}}},"branchMap":{"0":{"loc":{"start":{"line":72,"column":24},"end":{"line":72,"column":53}},"type":"if","locations":[{"start":{"line":72,"column":24},"end":{"line":72,"column":53}},{"start":{"line":72,"column":24},"end":{"line":72,"column":53}}]},"1":{"loc":{"start":{"line":74,"column":4},"end":{"line":90,"column":null}},"type":"switch","locations":[{"start":{"line":74,"column":4},"end":{"line":90,"column":null}},{"start":{"line":92,"column":4},"end":{"line":102,"column":null}},{"start":{"line":105,"column":4},"end":{"line":110,"column":null}},{"start":{"line":112,"column":4},"end":{"line":133,"column":null}},{"start":{"line":135,"column":4},"end":{"line":141,"column":null}},{"start":{"line":144,"column":4},"end":{"line":149,"column":null}},{"start":{"line":151,"column":4},"end":{"line":166,"column":null}},{"start":{"line":168,"column":4},"end":{"line":173,"column":null}},{"start":{"line":175,"column":4},"end":{"line":176,"column":19}}]},"2":{"loc":{"start":{"line":76,"column":8},"end":{"line":76,"column":31}},"type":"cond-expr","locations":[{"start":{"line":76,"column":8},"end":{"line":76,"column":31}},{"start":{"line":76,"column":8},"end":{"line":76,"column":31}}]},"3":{"loc":{"start":{"line":77,"column":8},"end":{"line":77,"column":18}},"type":"cond-expr","locations":[{"start":{"line":77,"column":8},"end":{"line":77,"column":18}},{"start":{"line":77,"column":8},"end":{"line":77,"column":18}}]},"4":{"loc":{"start":{"line":78,"column":8},"end":{"line":78,"column":65}},"type":"cond-expr","locations":[{"start":{"line":78,"column":8},"end":{"line":78,"column":65}},{"start":{"line":78,"column":8},"end":{"line":78,"column":65}}]},"5":{"loc":{"start":{"line":115,"column":10},"end":{"line":115,"column":20}},"type":"cond-expr","locations":[{"start":{"line":115,"column":10},"end":{"line":115,"column":20}},{"start":{"line":115,"column":10},"end":{"line":115,"column":20}}]},"6":{"loc":{"start":{"line":116,"column":10},"end":{"line":116,"column":17}},"type":"cond-expr","locations":[{"start":{"line":116,"column":10},"end":{"line":116,"column":17}},{"start":{"line":116,"column":10},"end":{"line":116,"column":17}}]},"7":{"loc":{"start":{"line":117,"column":10},"end":{"line":117,"column":20}},"type":"cond-expr","locations":[{"start":{"line":117,"column":10},"end":{"line":117,"column":20}},{"start":{"line":117,"column":10},"end":{"line":117,"column":20}}]},"8":{"loc":{"start":{"line":118,"column":10},"end":{"line":118,"column":24}},"type":"cond-expr","locations":[{"start":{"line":118,"column":10},"end":{"line":118,"column":24}},{"start":{"line":118,"column":10},"end":{"line":118,"column":24}}]},"9":{"loc":{"start":{"line":119,"column":10},"end":{"line":119,"column":23}},"type":"cond-expr","locations":[{"start":{"line":119,"column":10},"end":{"line":119,"column":23}},{"start":{"line":119,"column":10},"end":{"line":119,"column":23}}]},"10":{"loc":{"start":{"line":154,"column":10},"end":{"line":154,"column":72}},"type":"cond-expr","locations":[{"start":{"line":154,"column":10},"end":{"line":154,"column":72}},{"start":{"line":154,"column":10},"end":{"line":154,"column":72}}]},"11":{"loc":{"start":{"line":203,"column":41},"end":{"line":203,"column":44}},"type":"binary-expr","locations":[{"start":{"line":203,"column":41},"end":{"line":203,"column":44}},{"start":{"line":203,"column":49},"end":{"line":203,"column":55}},{"start":{"line":203,"column":59},"end":{"line":203,"column":64}}]},"12":{"loc":{"start":{"line":205,"column":60},"end":{"line":205,"column":64}},"type":"cond-expr","locations":[{"start":{"line":205,"column":60},"end":{"line":205,"column":64}},{"start":{"line":205,"column":67},"end":{"line":205,"column":72}}]},"13":{"loc":{"start":{"line":205,"column":28},"end":{"line":205,"column":33}},"type":"binary-expr","locations":[{"start":{"line":205,"column":28},"end":{"line":205,"column":33}},{"start":{"line":205,"column":37},"end":{"line":205,"column":57}}]},"14":{"loc":{"start":{"line":211,"column":23},"end":{"line":211,"column":38}},"type":"binary-expr","locations":[{"start":{"line":211,"column":23},"end":{"line":211,"column":38}},{"start":{"line":211,"column":42},"end":{"line":211,"column":52}}]},"15":{"loc":{"start":{"line":217,"column":23},"end":{"line":217,"column":38}},"type":"binary-expr","locations":[{"start":{"line":217,"column":23},"end":{"line":217,"column":38}},{"start":{"line":217,"column":42},"end":{"line":217,"column":52}}]},"16":{"loc":{"start":{"line":228,"column":8},"end":{"line":228,"column":34}},"type":"cond-expr","locations":[{"start":{"line":228,"column":8},"end":{"line":228,"column":34}},{"start":{"line":229,"column":8},"end":{"line":229,"column":29}}]},"17":{"loc":{"start":{"line":274,"column":4},"end":{"line":276,"column":null}},"type":"if","locations":[{"start":{"line":274,"column":4},"end":{"line":276,"column":null}},{"start":{"line":274,"column":4},"end":{"line":276,"column":null}}]},"18":{"loc":{"start":{"line":288,"column":28},"end":{"line":288,"column":null}},"type":"if","locations":[{"start":{"line":288,"column":28},"end":{"line":288,"column":null}},{"start":{"line":288,"column":28},"end":{"line":288,"column":null}}]},"19":{"loc":{"start":{"line":296,"column":8},"end":{"line":296,"column":34}},"type":"cond-expr","locations":[{"start":{"line":296,"column":8},"end":{"line":296,"column":34}},{"start":{"line":297,"column":8},"end":{"line":297,"column":29}}]},"20":{"loc":{"start":{"line":301,"column":47},"end":{"line":301,"column":52}},"type":"binary-expr","locations":[{"start":{"line":301,"column":47},"end":{"line":301,"column":52}},{"start":{"line":301,"column":56},"end":{"line":301,"column":58}}]},"21":{"loc":{"start":{"line":304,"column":4},"end":{"line":306,"column":null}},"type":"if","locations":[{"start":{"line":304,"column":4},"end":{"line":306,"column":null}},{"start":{"line":304,"column":4},"end":{"line":306,"column":null}}]},"22":{"loc":{"start":{"line":332,"column":2},"end":{"line":332,"column":null}},"type":"if","locations":[{"start":{"line":332,"column":2},"end":{"line":332,"column":null}},{"start":{"line":332,"column":2},"end":{"line":332,"column":null}}]},"23":{"loc":{"start":{"line":335,"column":4},"end":{"line":337,"column":null}},"type":"if","locations":[{"start":{"line":335,"column":4},"end":{"line":337,"column":null}},{"start":{"line":335,"column":4},"end":{"line":337,"column":null}}]}},"s":{"0":1,"1":1,"2":1,"3":1,"4":1,"5":1,"6":1,"7":1,"8":1,"9":1,"10":1,"11":1,"12":1,"13":1,"14":1,"15":0,"16":0,"17":0,"18":0,"19":0,"20":0,"21":0,"22":0,"23":0,"24":0,"25":0,"26":0,"27":0,"28":0,"29":0,"30":0,"31":0,"32":0,"33":0,"34":0,"35":0,"36":1,"37":0,"38":0,"39":1,"40":0,"41":0,"42":0,"43":0,"44":0,"45":0,"46":0,"47":0,"48":0,"49":1,"50":0,"51":0,"52":0,"53":0,"54":0,"55":0,"56":0,"57":0,"58":0,"59":0,"60":0,"61":0,"62":0,"63":0,"64":0,"65":0,"66":1,"67":0,"68":0,"69":0,"70":0,"71":0,"72":0,"73":0,"74":0,"75":0,"76":0,"77":0,"78":0,"79":0,"80":0,"81":0,"82":0,"83":0,"84":0,"85":0,"86":0,"87":0,"88":0,"89":0,"90":0,"91":0,"92":0,"93":1,"94":0,"95":0},"f":{"0":0,"1":0,"2":0,"3":0,"4":0,"5":0,"6":0,"7":0,"8":0,"9":0,"10":0,"11":0,"12":0,"13":0,"14":0,"15":0,"16":0},"b":{"0":[0,0],"1":[0,0,0,0,0,0,0,0,0],"2":[0,0],"3":[0,0],"4":[0,0],"5":[0,0],"6":[0,0],"7":[0,0],"8":[0,0],"9":[0,0],"10":[0,0],"11":[0,0,0],"12":[0,0],"13":[0,0],"14":[0,0],"15":[0,0],"16":[0,0],"17":[0,0],"18":[0,0],"19":[0,0],"20":[0,0],"21":[0,0],"22":[0,0],"23":[0,0]}}
,"/Users/mackentoch/GitProjects/react-redux-bootstrap-webpack-starter/front/src/services/API/fetchTools.ts": {"path":"/Users/mackentoch/GitProjects/react-redux-bootstrap-webpack-starter/front/src/services/API/fetchTools.ts","statementMap":{"0":{"start":{"line":1,"column":0},"end":{"line":1,"column":35}},"1":{"start":{"line":4,"column":13},"end":{"line":12,"column":2}},"2":{"start":{"line":5,"column":2},"end":{"line":10,"column":null}},"3":{"start":{"line":7,"column":4},"end":{"line":9,"column":64}},"4":{"start":{"line":11,"column":2},"end":{"line":11,"column":32}},"5":{"start":{"line":16,"column":13},"end":{"line":18,"column":2}},"6":{"start":{"line":20,"column":13},"end":{"line":22,"column":2}},"7":{"start":{"line":24,"column":13},"end":{"line":26,"column":2}},"8":{"start":{"line":28,"column":13},"end":{"line":34,"column":2}},"9":{"start":{"line":38,"column":13},"end":{"line":40,"column":2}},"10":{"start":{"line":38,"column":29},"end":{"line":38,"column":null}},"11":{"start":{"line":39,"column":2},"end":{"line":39,"column":39}}},"fnMap":{"0":{"name":"(anonymous_0)","decl":{"start":{"line":4,"column":33},"end":{"line":4,"column":null}},"loc":{"start":{"line":4,"column":33},"end":{"line":12,"column":1}}},"1":{"name":"(anonymous_1)","decl":{"start":{"line":38,"column":28},"end":{"line":38,"column":29}},"loc":{"start":{"line":38,"column":56},"end":{"line":40,"column":1}}}},"branchMap":{"0":{"loc":{"start":{"line":5,"column":2},"end":{"line":10,"column":null}},"type":"if","locations":[{"start":{"line":5,"column":2},"end":{"line":10,"column":null}},{"start":{"line":5,"column":2},"end":{"line":10,"column":null}}]},"1":{"loc":{"start":{"line":9,"column":30},"end":{"line":9,"column":56}},"type":"cond-expr","locations":[{"start":{"line":9,"column":30},"end":{"line":9,"column":56}},{"start":{"line":9,"column":59},"end":{"line":9,"column":61}}]},"2":{"loc":{"start":{"line":38,"column":29},"end":{"line":38,"column":null}},"type":"if","locations":[{"start":{"line":38,"column":29},"end":{"line":38,"column":null}},{"start":{"line":38,"column":29},"end":{"line":38,"column":null}}]}},"s":{"0":1,"1":1,"2":0,"3":0,"4":0,"5":1,"6":1,"7":1,"8":1,"9":1,"10":0,"11":0},"f":{"0":0,"1":0},"b":{"0":[0,0],"1":[0,0],"2":[0,0]}}
,"/Users/mackentoch/GitProjects/react-redux-bootstrap-webpack-starter/front/src/services/auth/index.ts": {"path":"/Users/mackentoch/GitProjects/react-redux-bootstrap-webpack-starter/front/src/services/auth/index.ts","statementMap":{"0":{"start":{"line":1,"column":0},"end":{"line":1,"column":32}},"1":{"start":{"line":2,"column":0},"end":{"line":2,"column":40}},"2":{"start":{"line":5,"column":18},"end":{"line":5,"column":25}},"3":{"start":{"line":6,"column":18},"end":{"line":6,"column":28}},"4":{"start":{"line":8,"column":54},"end":{"line":11,"column":2}},"5":{"start":{"line":13,"column":14},"end":{"line":13,"column":24}},"6":{"start":{"line":14,"column":18},"end":{"line":14,"column":32}},"7":{"start":{"line":23,"column":13},"end":{"line":303,"column":2}},"8":{"start":{"line":36,"column":4},"end":{"line":36,"column":null}},"9":{"start":{"line":37,"column":4},"end":{"line":37,"column":null}},"10":{"start":{"line":40,"column":4},"end":{"line":42,"column":null}},"11":{"start":{"line":41,"column":6},"end":{"line":41,"column":70}},"12":{"start":{"line":44,"column":4},"end":{"line":46,"column":null}},"13":{"start":{"line":45,"column":6},"end":{"line":45,"column":74}},"14":{"start":{"line":48,"column":4},"end":{"line":48,"column":16}},"15":{"start":{"line":60,"column":4},"end":{"line":60,"column":null}},"16":{"start":{"line":61,"column":4},"end":{"line":61,"column":null}},"17":{"start":{"line":62,"column":4},"end":{"line":62,"column":null}},"18":{"start":{"line":64,"column":4},"end":{"line":66,"column":null}},"19":{"start":{"line":65,"column":6},"end":{"line":65,"column":13}},"20":{"start":{"line":68,"column":4},"end":{"line":73,"column":null}},"21":{"start":{"line":69,"column":6},"end":{"line":72,"column":null}},"22":{"start":{"line":70,"column":8},"end":{"line":70,"column":46}},"23":{"start":{"line":71,"column":8},"end":{"line":71,"column":15}},"24":{"start":{"line":75,"column":4},"end":{"line":80,"column":null}},"25":{"start":{"line":76,"column":6},"end":{"line":79,"column":null}},"26":{"start":{"line":77,"column":8},"end":{"line":77,"column":48}},"27":{"start":{"line":78,"column":8},"end":{"line":78,"column":15}},"28":{"start":{"line":105,"column":4},"end":{"line":105,"column":null}},"29":{"start":{"line":106,"column":4},"end":{"line":106,"column":null}},"30":{"start":{"line":109,"column":4},"end":{"line":114,"column":null}},"31":{"start":{"line":110,"column":6},"end":{"line":112,"column":null}},"32":{"start":{"line":111,"column":8},"end":{"line":111,"column":20}},"33":{"start":{"line":113,"column":6},"end":{"line":113,"column":19}},"34":{"start":{"line":117,"column":4},"end":{"line":122,"column":null}},"35":{"start":{"line":118,"column":6},"end":{"line":120,"column":null}},"36":{"start":{"line":119,"column":8},"end":{"line":119,"column":20}},"37":{"start":{"line":121,"column":6},"end":{"line":121,"column":19}},"38":{"start":{"line":125,"column":4},"end":{"line":125,"column":17}},"39":{"start":{"line":135,"column":4},"end":{"line":135,"column":null}},"40":{"start":{"line":136,"column":4},"end":{"line":136,"column":null}},"41":{"start":{"line":139,"column":4},"end":{"line":142,"column":null}},"42":{"start":{"line":140,"column":6},"end":{"line":140,"column":40}},"43":{"start":{"line":141,"column":6},"end":{"line":141,"column":18}},"44":{"start":{"line":144,"column":4},"end":{"line":147,"column":null}},"45":{"start":{"line":145,"column":6},"end":{"line":145,"column":42}},"46":{"start":{"line":146,"column":6},"end":{"line":146,"column":18}},"47":{"start":{"line":149,"column":4},"end":{"line":149,"column":17}},"48":{"start":{"line":159,"column":4},"end":{"line":161,"column":null}},"49":{"start":{"line":160,"column":6},"end":{"line":160,"column":25}},"50":{"start":{"line":163,"column":35},"end":{"line":163,"column":55}},"51":{"start":{"line":164,"column":4},"end":{"line":166,"column":null}},"52":{"start":{"line":165,"column":6},"end":{"line":165,"column":25}},"53":{"start":{"line":168,"column":27},"end":{"line":168,"column":53}},"54":{"start":{"line":169,"column":4},"end":{"line":169,"column":26}},"55":{"start":{"line":179,"column":27},"end":{"line":179,"column":68}},"56":{"start":{"line":180,"column":21},"end":{"line":180,"column":31}},"57":{"start":{"line":181,"column":27},"end":{"line":181,"column":60}},"58":{"start":{"line":183,"column":4},"end":{"line":183,"column":26}},"59":{"start":{"line":197,"column":4},"end":{"line":197,"column":null}},"60":{"start":{"line":198,"column":4},"end":{"line":198,"column":null}},"61":{"start":{"line":201,"column":4},"end":{"line":212,"column":null}},"62":{"start":{"line":202,"column":6},"end":{"line":211,"column":null}},"63":{"start":{"line":203,"column":8},"end":{"line":208,"column":10}},"64":{"start":{"line":210,"column":8},"end":{"line":210,"column":20}},"65":{"start":{"line":214,"column":4},"end":{"line":225,"column":null}},"66":{"start":{"line":215,"column":6},"end":{"line":224,"column":null}},"67":{"start":{"line":216,"column":8},"end":{"line":221,"column":10}},"68":{"start":{"line":223,"column":8},"end":{"line":223,"column":20}},"69":{"start":{"line":227,"column":4},"end":{"line":227,"column":16}},"70":{"start":{"line":239,"column":4},"end":{"line":239,"column":null}},"71":{"start":{"line":240,"column":4},"end":{"line":240,"column":null}},"72":{"start":{"line":241,"column":4},"end":{"line":241,"column":null}},"73":{"start":{"line":243,"column":4},"end":{"line":245,"column":null}},"74":{"start":{"line":244,"column":6},"end":{"line":244,"column":13}},"75":{"start":{"line":248,"column":4},"end":{"line":253,"column":null}},"76":{"start":{"line":249,"column":6},"end":{"line":252,"column":null}},"77":{"start":{"line":250,"column":8},"end":{"line":250,"column":60}},"78":{"start":{"line":251,"column":8},"end":{"line":251,"column":15}},"79":{"start":{"line":256,"column":4},"end":{"line":261,"column":null}},"80":{"start":{"line":257,"column":6},"end":{"line":260,"column":null}},"81":{"start":{"line":258,"column":8},"end":{"line":258,"column":62}},"82":{"start":{"line":259,"column":8},"end":{"line":259,"column":15}},"83":{"start":{"line":270,"column":16},"end":{"line":270,"column":null}},"84":{"start":{"line":272,"column":4},"end":{"line":275,"column":null}},"85":{"start":{"line":273,"column":6},"end":{"line":273,"column":43}},"86":{"start":{"line":274,"column":6},"end":{"line":274,"column":13}},"87":{"start":{"line":278,"column":4},"end":{"line":281,"column":null}},"88":{"start":{"line":279,"column":6},"end":{"line":279,"column":45}},"89":{"start":{"line":280,"column":6},"end":{"line":280,"column":13}},"90":{"start":{"line":293,"column":4},"end":{"line":296,"column":null}},"91":{"start":{"line":294,"column":6},"end":{"line":294,"column":27}},"92":{"start":{"line":295,"column":6},"end":{"line":295,"column":13}},"93":{"start":{"line":298,"column":4},"end":{"line":301,"column":null}},"94":{"start":{"line":299,"column":6},"end":{"line":299,"column":29}},"95":{"start":{"line":300,"column":6},"end":{"line":300,"column":13}},"96":{"start":{"line":305,"column":0},"end":{"line":305,"column":20}}},"fnMap":{"0":{"name":"(anonymous_0)","decl":{"start":{"line":35,"column":2},"end":{"line":35,"column":10}},"loc":{"start":{"line":37,"column":34},"end":{"line":49,"column":3}}},"1":{"name":"(anonymous_1)","decl":{"start":{"line":59,"column":2},"end":{"line":59,"column":10}},"loc":{"start":{"line":62,"column":34},"end":{"line":81,"column":3}}},"2":{"name":"(anonymous_2)","decl":{"start":{"line":104,"column":2},"end":{"line":104,"column":17}},"loc":{"start":{"line":106,"column":34},"end":{"line":126,"column":3}}},"3":{"name":"(anonymous_3)","decl":{"start":{"line":134,"column":2},"end":{"line":134,"column":12}},"loc":{"start":{"line":136,"column":34},"end":{"line":150,"column":3}}},"4":{"name":"(anonymous_4)","decl":{"start":{"line":158,"column":2},"end":{"line":158,"column":24}},"loc":{"start":{"line":158,"column":42},"end":{"line":170,"column":3}}},"5":{"name":"(anonymous_5)","decl":{"start":{"line":178,"column":2},"end":{"line":178,"column":16}},"loc":{"start":{"line":178,"column":34},"end":{"line":184,"column":3}}},"6":{"name":"(anonymous_6)","decl":{"start":{"line":196,"column":2},"end":{"line":196,"column":13}},"loc":{"start":{"line":198,"column":40},"end":{"line":228,"column":3}}},"7":{"name":"(anonymous_7)","decl":{"start":{"line":238,"column":2},"end":{"line":238,"column":13}},"loc":{"start":{"line":241,"column":40},"end":{"line":262,"column":3}}},"8":{"name":"(anonymous_8)","decl":{"start":{"line":270,"column":2},"end":{"line":270,"column":15}},"loc":{"start":{"line":270,"column":52},"end":{"line":282,"column":3}}},"9":{"name":"(anonymous_9)","decl":{"start":{"line":292,"column":2},"end":{"line":292,"column":20}},"loc":{"start":{"line":292,"column":2},"end":{"line":302,"column":3}}}},"branchMap":{"0":{"loc":{"start":{"line":36,"column":4},"end":{"line":36,"column":null}},"type":"if","locations":[{"start":{"line":36,"column":4},"end":{"line":36,"column":null}},{"start":{"line":36,"column":4},"end":{"line":36,"column":null}}]},"1":{"loc":{"start":{"line":37,"column":4},"end":{"line":37,"column":null}},"type":"if","locations":[{"start":{"line":37,"column":4},"end":{"line":37,"column":null}},{"start":{"line":37,"column":4},"end":{"line":37,"column":null}}]},"2":{"loc":{"start":{"line":40,"column":4},"end":{"line":42,"column":null}},"type":"if","locations":[{"start":{"line":40,"column":4},"end":{"line":42,"column":null}},{"start":{"line":40,"column":4},"end":{"line":42,"column":null}}]},"3":{"loc":{"start":{"line":41,"column":14},"end":{"line":41,"column":26}},"type":"binary-expr","locations":[{"start":{"line":41,"column":14},"end":{"line":41,"column":26}},{"start":{"line":41,"column":30},"end":{"line":41,"column":60}},{"start":{"line":41,"column":65},"end":{"line":41,"column":69}}]},"4":{"loc":{"start":{"line":44,"column":4},"end":{"line":46,"column":null}},"type":"if","locations":[{"start":{"line":44,"column":4},"end":{"line":46,"column":null}},{"start":{"line":44,"column":4},"end":{"line":46,"column":null}}]},"5":{"loc":{"start":{"line":45,"column":14},"end":{"line":45,"column":28}},"type":"binary-expr","locations":[{"start":{"line":45,"column":14},"end":{"line":45,"column":28}},{"start":{"line":45,"column":32},"end":{"line":45,"column":64}},{"start":{"line":45,"column":69},"end":{"line":45,"column":73}}]},"6":{"loc":{"start":{"line":60,"column":4},"end":{"line":60,"column":null}},"type":"if","locations":[{"start":{"line":60,"column":4},"end":{"line":60,"column":null}},{"start":{"line":60,"column":4},"end":{"line":60,"column":null}}]},"7":{"loc":{"start":{"line":61,"column":4},"end":{"line":61,"column":null}},"type":"if","locations":[{"start":{"line":61,"column":4},"end":{"line":61,"column":null}},{"start":{"line":61,"column":4},"end":{"line":61,"column":null}}]},"8":{"loc":{"start":{"line":62,"column":4},"end":{"line":62,"column":null}},"type":"if","locations":[{"start":{"line":62,"column":4},"end":{"line":62,"column":null}},{"start":{"line":62,"column":4},"end":{"line":62,"column":null}}]},"9":{"loc":{"start":{"line":64,"column":4},"end":{"line":66,"column":null}},"type":"if","locations":[{"start":{"line":64,"column":4},"end":{"line":66,"column":null}},{"start":{"line":64,"column":4},"end":{"line":66,"column":null}}]},"10":{"loc":{"start":{"line":64,"column":8},"end":{"line":64,"column":14}},"type":"binary-expr","locations":[{"start":{"line":64,"column":8},"end":{"line":64,"column":14}},{"start":{"line":64,"column":18},"end":{"line":64,"column":35}}]},"11":{"loc":{"start":{"line":68,"column":4},"end":{"line":73,"column":null}},"type":"if","locations":[{"start":{"line":68,"column":4},"end":{"line":73,"column":null}},{"start":{"line":68,"column":4},"end":{"line":73,"column":null}}]},"12":{"loc":{"start":{"line":69,"column":6},"end":{"line":72,"column":null}},"type":"if","locations":[{"start":{"line":69,"column":6},"end":{"line":72,"column":null}},{"start":{"line":69,"column":6},"end":{"line":72,"column":null}}]},"13":{"loc":{"start":{"line":75,"column":4},"end":{"line":80,"column":null}},"type":"if","locations":[{"start":{"line":75,"column":4},"end":{"line":80,"column":null}},{"start":{"line":75,"column":4},"end":{"line":80,"column":null}}]},"14":{"loc":{"start":{"line":76,"column":6},"end":{"line":79,"column":null}},"type":"if","locations":[{"start":{"line":76,"column":6},"end":{"line":79,"column":null}},{"start":{"line":76,"column":6},"end":{"line":79,"column":null}}]},"15":{"loc":{"start":{"line":105,"column":4},"end":{"line":105,"column":null}},"type":"if","locations":[{"start":{"line":105,"column":4},"end":{"line":105,"column":null}},{"start":{"line":105,"column":4},"end":{"line":105,"column":null}}]},"16":{"loc":{"start":{"line":106,"column":4},"end":{"line":106,"column":null}},"type":"if","locations":[{"start":{"line":106,"column":4},"end":{"line":106,"column":null}},{"start":{"line":106,"column":4},"end":{"line":106,"column":null}}]},"17":{"loc":{"start":{"line":109,"column":4},"end":{"line":114,"column":null}},"type":"if","locations":[{"start":{"line":109,"column":4},"end":{"line":114,"column":null}},{"start":{"line":109,"column":4},"end":{"line":114,"column":null}}]},"18":{"loc":{"start":{"line":110,"column":6},"end":{"line":112,"column":null}},"type":"if","locations":[{"start":{"line":110,"column":6},"end":{"line":112,"column":null}},{"start":{"line":110,"column":6},"end":{"line":112,"column":null}}]},"19":{"loc":{"start":{"line":110,"column":10},"end":{"line":110,"column":22}},"type":"binary-expr","locations":[{"start":{"line":110,"column":10},"end":{"line":110,"column":22}},{"start":{"line":110,"column":26},"end":{"line":110,"column":56}}]},"20":{"loc":{"start":{"line":117,"column":4},"end":{"line":122,"column":null}},"type":"if","locations":[{"start":{"line":117,"column":4},"end":{"line":122,"column":null}},{"start":{"line":117,"column":4},"end":{"line":122,"column":null}}]},"21":{"loc":{"start":{"line":118,"column":6},"end":{"line":120,"column":null}},"type":"if","locations":[{"start":{"line":118,"column":6},"end":{"line":120,"column":null}},{"start":{"line":118,"column":6},"end":{"line":120,"column":null}}]},"22":{"loc":{"start":{"line":118,"column":10},"end":{"line":118,"column":24}},"type":"binary-expr","locations":[{"start":{"line":118,"column":10},"end":{"line":118,"column":24}},{"start":{"line":118,"column":28},"end":{"line":118,"column":60}}]},"23":{"loc":{"start":{"line":135,"column":4},"end":{"line":135,"column":null}},"type":"if","locations":[{"start":{"line":135,"column":4},"end":{"line":135,"column":null}},{"start":{"line":135,"column":4},"end":{"line":135,"column":null}}]},"24":{"loc":{"start":{"line":136,"column":4},"end":{"line":136,"column":null}},"type":"if","locations":[{"start":{"line":136,"column":4},"end":{"line":136,"column":null}},{"start":{"line":136,"column":4},"end":{"line":136,"column":null}}]},"25":{"loc":{"start":{"line":139,"column":4},"end":{"line":142,"column":null}},"type":"if","locations":[{"start":{"line":139,"column":4},"end":{"line":142,"column":null}},{"start":{"line":139,"column":4},"end":{"line":142,"column":null}}]},"26":{"loc":{"start":{"line":139,"column":8},"end":{"line":139,"column":20}},"type":"binary-expr","locations":[{"start":{"line":139,"column":8},"end":{"line":139,"column":20}},{"start":{"line":139,"column":24},"end":{"line":139,"column":46}}]},"27":{"loc":{"start":{"line":144,"column":4},"end":{"line":147,"column":null}},"type":"if","locations":[{"start":{"line":144,"column":4},"end":{"line":147,"column":null}},{"start":{"line":144,"column":4},"end":{"line":147,"column":null}}]},"28":{"loc":{"start":{"line":144,"column":8},"end":{"line":144,"column":22}},"type":"binary-expr","locations":[{"start":{"line":144,"column":8},"end":{"line":144,"column":22}},{"start":{"line":144,"column":26},"end":{"line":144,"column":50}}]},"29":{"loc":{"start":{"line":159,"column":4},"end":{"line":161,"column":null}},"type":"if","locations":[{"start":{"line":159,"column":4},"end":{"line":161,"column":null}},{"start":{"line":159,"column":4},"end":{"line":161,"column":null}}]},"30":{"loc":{"start":{"line":164,"column":4},"end":{"line":166,"column":null}},"type":"if","locations":[{"start":{"line":164,"column":4},"end":{"line":166,"column":null}},{"start":{"line":164,"column":4},"end":{"line":166,"column":null}}]},"31":{"loc":{"start":{"line":197,"column":4},"end":{"line":197,"column":null}},"type":"if","locations":[{"start":{"line":197,"column":4},"end":{"line":197,"column":null}},{"start":{"line":197,"column":4},"end":{"line":197,"column":null}}]},"32":{"loc":{"start":{"line":198,"column":4},"end":{"line":198,"column":null}},"type":"if","locations":[{"start":{"line":198,"column":4},"end":{"line":198,"column":null}},{"start":{"line":198,"column":4},"end":{"line":198,"column":null}}]},"33":{"loc":{"start":{"line":201,"column":4},"end":{"line":212,"column":null}},"type":"if","locations":[{"start":{"line":201,"column":4},"end":{"line":212,"column":null}},{"start":{"line":201,"column":4},"end":{"line":212,"column":null}}]},"34":{"loc":{"start":{"line":204,"column":11},"end":{"line":204,"column":17}},"type":"binary-expr","locations":[{"start":{"line":204,"column":11},"end":{"line":204,"column":17}},{"start":{"line":205,"column":12},"end":{"line":205,"column":24}},{"start":{"line":206,"column":12},"end":{"line":206,"column":58}},{"start":{"line":207,"column":10},"end":{"line":207,"column":14}}]},"35":{"loc":{"start":{"line":206,"column":18},"end":{"line":206,"column":51}},"type":"binary-expr","locations":[{"start":{"line":206,"column":18},"end":{"line":206,"column":51}},{"start":{"line":206,"column":55},"end":{"line":206,"column":57}}]},"36":{"loc":{"start":{"line":214,"column":4},"end":{"line":225,"column":null}},"type":"if","locations":[{"start":{"line":214,"column":4},"end":{"line":225,"column":null}},{"start":{"line":214,"column":4},"end":{"line":225,"column":null}}]},"37":{"loc":{"start":{"line":217,"column":11},"end":{"line":217,"column":17}},"type":"binary-expr","locations":[{"start":{"line":217,"column":11},"end":{"line":217,"column":17}},{"start":{"line":218,"column":12},"end":{"line":218,"column":26}},{"start":{"line":219,"column":12},"end":{"line":219,"column":60}},{"start":{"line":220,"column":10},"end":{"line":220,"column":14}}]},"38":{"loc":{"start":{"line":219,"column":18},"end":{"line":219,"column":53}},"type":"binary-expr","locations":[{"start":{"line":219,"column":18},"end":{"line":219,"column":53}},{"start":{"line":219,"column":57},"end":{"line":219,"column":59}}]},"39":{"loc":{"start":{"line":239,"column":4},"end":{"line":239,"column":null}},"type":"if","locations":[{"start":{"line":239,"column":4},"end":{"line":239,"column":null}},{"start":{"line":239,"column":4},"end":{"line":239,"column":null}}]},"40":{"loc":{"start":{"line":240,"column":4},"end":{"line":240,"column":null}},"type":"if","locations":[{"start":{"line":240,"column":4},"end":{"line":240,"column":null}},{"start":{"line":240,"column":4},"end":{"line":240,"column":null}}]},"41":{"loc":{"start":{"line":241,"column":4},"end":{"line":241,"column":null}},"type":"if","locations":[{"start":{"line":241,"column":4},"end":{"line":241,"column":null}},{"start":{"line":241,"column":4},"end":{"line":241,"column":null}}]},"42":{"loc":{"start":{"line":243,"column":4},"end":{"line":245,"column":null}},"type":"if","locations":[{"start":{"line":243,"column":4},"end":{"line":245,"column":null}},{"start":{"line":243,"column":4},"end":{"line":245,"column":null}}]},"43":{"loc":{"start":{"line":243,"column":8},"end":{"line":243,"column":14}},"type":"binary-expr","locations":[{"start":{"line":243,"column":8},"end":{"line":243,"column":14}},{"start":{"line":243,"column":18},"end":{"line":243,"column":35}}]},"44":{"loc":{"start":{"line":248,"column":4},"end":{"line":253,"column":null}},"type":"if","locations":[{"start":{"line":248,"column":4},"end":{"line":253,"column":null}},{"start":{"line":248,"column":4},"end":{"line":253,"column":null}}]},"45":{"loc":{"start":{"line":249,"column":6},"end":{"line":252,"column":null}},"type":"if","locations":[{"start":{"line":249,"column":6},"end":{"line":252,"column":null}},{"start":{"line":249,"column":6},"end":{"line":252,"column":null}}]},"46":{"loc":{"start":{"line":256,"column":4},"end":{"line":261,"column":null}},"type":"if","locations":[{"start":{"line":256,"column":4},"end":{"line":261,"column":null}},{"start":{"line":256,"column":4},"end":{"line":261,"column":null}}]},"47":{"loc":{"start":{"line":257,"column":6},"end":{"line":260,"column":null}},"type":"if","locations":[{"start":{"line":257,"column":6},"end":{"line":260,"column":null}},{"start":{"line":257,"column":6},"end":{"line":260,"column":null}}]},"48":{"loc":{"start":{"line":270,"column":16},"end":{"line":270,"column":null}},"type":"if","locations":[{"start":{"line":270,"column":16},"end":{"line":270,"column":null}},{"start":{"line":270,"column":16},"end":{"line":270,"column":null}}]},"49":{"loc":{"start":{"line":272,"column":4},"end":{"line":275,"column":null}},"type":"if","locations":[{"start":{"line":272,"column":4},"end":{"line":275,"column":null}},{"start":{"line":272,"column":4},"end":{"line":275,"column":null}}]},"50":{"loc":{"start":{"line":272,"column":8},"end":{"line":272,"column":20}},"type":"binary-expr","locations":[{"start":{"line":272,"column":8},"end":{"line":272,"column":20}},{"start":{"line":272,"column":24},"end":{"line":272,"column":49}}]},"51":{"loc":{"start":{"line":278,"column":4},"end":{"line":281,"column":null}},"type":"if","locations":[{"start":{"line":278,"column":4},"end":{"line":281,"column":null}},{"start":{"line":278,"column":4},"end":{"line":281,"column":null}}]},"52":{"loc":{"start":{"line":278,"column":8},"end":{"line":278,"column":22}},"type":"binary-expr","locations":[{"start":{"line":278,"column":8},"end":{"line":278,"column":22}},{"start":{"line":278,"column":26},"end":{"line":278,"column":53}}]},"53":{"loc":{"start":{"line":293,"column":4},"end":{"line":296,"column":null}},"type":"if","locations":[{"start":{"line":293,"column":4},"end":{"line":296,"column":null}},{"start":{"line":293,"column":4},"end":{"line":296,"column":null}}]},"54":{"loc":{"start":{"line":298,"column":4},"end":{"line":301,"column":null}},"type":"if","locations":[{"start":{"line":298,"column":4},"end":{"line":301,"column":null}},{"start":{"line":298,"column":4},"end":{"line":301,"column":null}}]}},"s":{"0":1,"1":1,"2":1,"3":1,"4":1,"5":1,"6":1,"7":1,"8":0,"9":0,"10":0,"11":0,"12":0,"13":0,"14":0,"15":0,"16":0,"17":0,"18":0,"19":0,"20":0,"21":0,"22":0,"23":0,"24":0,"25":0,"26":0,"27":0,"28":0,"29":0,"30":0,"31":0,"32":0,"33":0,"34":0,"35":0,"36":0,"37":0,"38":0,"39":0,"40":0,"41":0,"42":0,"43":0,"44":0,"45":0,"46":0,"47":0,"48":0,"49":0,"50":0,"51":0,"52":0,"53":0,"54":0,"55":0,"56":0,"57":0,"58":0,"59":0,"60":0,"61":0,"62":0,"63":0,"64":0,"65":0,"66":0,"67":0,"68":0,"69":0,"70":0,"71":0,"72":0,"73":0,"74":0,"75":0,"76":0,"77":0,"78":0,"79":0,"80":0,"81":0,"82":0,"83":0,"84":0,"85":0,"86":0,"87":0,"88":0,"89":0,"90":0,"91":0,"92":0,"93":0,"94":0,"95":0,"96":1},"f":{"0":0,"1":0,"2":0,"3":0,"4":0,"5":0,"6":0,"7":0,"8":0,"9":0},"b":{"0":[0,0],"1":[0,0],"2":[0,0],"3":[0,0,0],"4":[0,0],"5":[0,0,0],"6":[0,0],"7":[0,0],"8":[0,0],"9":[0,0],"10":[0,0],"11":[0,0],"12":[0,0],"13":[0,0],"14":[0,0],"15":[0,0],"16":[0,0],"17":[0,0],"18":[0,0],"19":[0,0],"20":[0,0],"21":[0,0],"22":[0,0],"23":[0,0],"24":[0,0],"25":[0,0],"26":[0,0],"27":[0,0],"28":[0,0],"29":[0,0],"30":[0,0],"31":[0,0],"32":[0,0],"33":[0,0],"34":[0,0,0,0],"35":[0,0],"36":[0,0],"37":[0,0,0,0],"38":[0,0],"39":[0,0],"40":[0,0],"41":[0,0],"42":[0,0],"43":[0,0],"44":[0,0],"45":[0,0],"46":[0,0],"47":[0,0],"48":[0,0],"49":[0,0],"50":[0,0],"51":[0,0],"52":[0,0],"53":[0,0],"54":[0,0]}}
}
