{"/Users/mackentoch/GitProjects/react-redux-bootstrap-webpack-starter/front/src/components/backToTop/BackToTop.tsx": {"path":"/Users/mackentoch/GitProjects/react-redux-bootstrap-webpack-starter/front/src/components/backToTop/BackToTop.tsx","statementMap":{"0":{"start":{"line":2,"column":0},"end":{"line":2,"column":51}},"1":{"start":{"line":3,"column":0},"end":{"line":3,"column":64}},"2":{"start":{"line":4,"column":0},"end":{"line":4,"column":55}},"3":{"start":{"line":14,"column":21},"end":{"line":14,"column":37}},"4":{"start":{"line":14,"column":39},"end":{"line":14,"column":62}},"5":{"start":{"line":15,"column":8},"end":{"line":15,"column":9}},"6":{"start":{"line":15,"column":9},"end":{"line":15,"column":23}},"7":{"start":{"line":15,"column":25},"end":{"line":15,"column":61}},"8":{"start":{"line":16,"column":8},"end":{"line":16,"column":9}},"9":{"start":{"line":16,"column":9},"end":{"line":16,"column":22}},"10":{"start":{"line":16,"column":24},"end":{"line":16,"column":55}},"11":{"start":{"line":17,"column":8},"end":{"line":17,"column":9}},"12":{"start":{"line":17,"column":9},"end":{"line":17,"column":28}},"13":{"start":{"line":17,"column":30},"end":{"line":17,"column":71}},"14":{"start":{"line":20,"column":29},"end":{"line":51,"column":3}},"15":{"start":{"line":21,"column":4},"end":{"line":23,"column":null}},"16":{"start":{"line":22,"column":6},"end":{"line":22,"column":13}},"17":{"start":{"line":27,"column":6},"end":{"line":33,"column":21}},"18":{"start":{"line":37,"column":4},"end":{"line":48,"column":null}},"19":{"start":{"line":38,"column":6},"end":{"line":47,"column":9}},"20":{"start":{"line":39,"column":8},"end":{"line":45,"column":null}},"21":{"start":{"line":41,"column":12},"end":{"line":41,"column":61}},"22":{"start":{"line":43,"column":10},"end":{"line":43,"column":49}},"23":{"start":{"line":44,"column":10},"end":{"line":44,"column":50}},"24":{"start":{"line":46,"column":8},"end":{"line":46,"column":38}},"25":{"start":{"line":50,"column":4},"end":{"line":50,"column":33}},"26":{"start":{"line":55,"column":35},"end":{"line":64,"column":3}},"27":{"start":{"line":58,"column":4},"end":{"line":58,"column":36}},"28":{"start":{"line":59,"column":4},"end":{"line":63,"column":null}},"29":{"start":{"line":61,"column":6},"end":{"line":61,"column":61}},"30":{"start":{"line":62,"column":6},"end":{"line":62,"column":59}},"31":{"start":{"line":68,"column":2},"end":{"line":78,"column":5}},"32":{"start":{"line":69,"column":4},"end":{"line":71,"column":null}},"33":{"start":{"line":70,"column":6},"end":{"line":70,"column":60}},"34":{"start":{"line":73,"column":4},"end":{"line":77,"column":6}},"35":{"start":{"line":74,"column":6},"end":{"line":76,"column":null}},"36":{"start":{"line":75,"column":8},"end":{"line":75,"column":65}},"37":{"start":{"line":81,"column":2},"end":{"line":95,"column":4}},"38":{"start":{"line":84,"column":10},"end":{"line":84,"column":11}},"39":{"start":{"line":84,"column":18},"end":{"line":93,"column":null}},"40":{"start":{"line":98,"column":0},"end":{"line":98,"column":36}},"41":{"start":{"line":100,"column":0},"end":{"line":100,"column":25}}},"fnMap":{"0":{"name":"BackToTop","decl":{"start":{"line":14,"column":9},"end":{"line":14,"column":18}},"loc":{"start":{"line":14,"column":71},"end":{"line":96,"column":1}}},"1":{"name":"(anonymous_1)","decl":{"start":{"line":14,"column":39},"end":{"line":14,"column":62}},"loc":{"start":{"line":14,"column":39},"end":{"line":14,"column":62}}},"2":{"name":"(anonymous_2)","decl":{"start":{"line":20,"column":29},"end":{"line":20,"column":null}},"loc":{"start":{"line":20,"column":29},"end":{"line":51,"column":3}}},"3":{"name":"(anonymous_3)","decl":{"start":{"line":38,"column":35},"end":{"line":38,"column":null}},"loc":{"start":{"line":38,"column":35},"end":{"line":47,"column":7}}},"4":{"name":"(anonymous_4)","decl":{"start":{"line":55,"column":35},"end":{"line":55,"column":null}},"loc":{"start":{"line":56,"column":46},"end":{"line":64,"column":3}}},"5":{"name":"(anonymous_5)","decl":{"start":{"line":68,"column":12},"end":{"line":68,"column":null}},"loc":{"start":{"line":68,"column":12},"end":{"line":78,"column":3}}},"6":{"name":"unsubscribeEvents","decl":{"start":{"line":73,"column":20},"end":{"line":73,"column":37}},"loc":{"start":{"line":73,"column":37},"end":{"line":77,"column":5}}},"7":{"name":"(anonymous_7)","decl":{"start":{"line":84,"column":7},"end":{"line":84,"column":8}},"loc":{"start":{"line":84,"column":13},"end":{"line":84,"column":null}}}},"branchMap":{"0":{"loc":{"start":{"line":14,"column":21},"end":{"line":14,"column":37}},"type":"cond-expr","locations":[{"start":{"line":14,"column":21},"end":{"line":14,"column":37}},{"start":{"line":14,"column":21},"end":{"line":14,"column":37}}]},"1":{"loc":{"start":{"line":14,"column":39},"end":{"line":14,"column":62}},"type":"cond-expr","locations":[{"start":{"line":14,"column":39},"end":{"line":14,"column":62}},{"start":{"line":14,"column":39},"end":{"line":14,"column":62}}]},"2":{"loc":{"start":{"line":21,"column":4},"end":{"line":23,"column":null}},"type":"if","locations":[{"start":{"line":21,"column":4},"end":{"line":23,"column":null}},{"start":{"line":21,"column":4},"end":{"line":23,"column":null}}]},"3":{"loc":{"start":{"line":28,"column":10},"end":{"line":28,"column":28}},"type":"cond-expr","locations":[{"start":{"line":28,"column":10},"end":{"line":28,"column":28}},{"start":{"line":29,"column":10},"end":{"line":33,"column":21}}]},"4":{"loc":{"start":{"line":30,"column":12},"end":{"line":30,"column":36}},"type":"binary-expr","locations":[{"start":{"line":30,"column":12},"end":{"line":30,"column":36}},{"start":{"line":31,"column":12},"end":{"line":31,"column":36}},{"start":{"line":32,"column":12},"end":{"line":32,"column":25}}]},"5":{"loc":{"start":{"line":37,"column":4},"end":{"line":48,"column":null}},"type":"if","locations":[{"start":{"line":37,"column":4},"end":{"line":48,"column":null}},{"start":{"line":37,"column":4},"end":{"line":48,"column":null}}]},"6":{"loc":{"start":{"line":39,"column":8},"end":{"line":45,"column":null}},"type":"if","locations":[{"start":{"line":39,"column":8},"end":{"line":45,"column":null}},{"start":{"line":39,"column":8},"end":{"line":45,"column":null}}]},"7":{"loc":{"start":{"line":41,"column":49},"end":{"line":41,"column":53}},"type":"cond-expr","locations":[{"start":{"line":41,"column":49},"end":{"line":41,"column":53}},{"start":{"line":41,"column":56},"end":{"line":41,"column":61}}]},"8":{"loc":{"start":{"line":58,"column":4},"end":{"line":58,"column":9}},"type":"binary-expr","locations":[{"start":{"line":58,"column":4},"end":{"line":58,"column":9}},{"start":{"line":58,"column":13},"end":{"line":58,"column":35}}]},"9":{"loc":{"start":{"line":59,"column":4},"end":{"line":63,"column":null}},"type":"if","locations":[{"start":{"line":59,"column":4},"end":{"line":63,"column":null}},{"start":{"line":59,"column":4},"end":{"line":63,"column":null}}]},"10":{"loc":{"start":{"line":59,"column":8},"end":{"line":59,"column":14}},"type":"binary-expr","locations":[{"start":{"line":59,"column":8},"end":{"line":59,"column":14}},{"start":{"line":59,"column":18},"end":{"line":59,"column":31}},{"start":{"line":59,"column":35},"end":{"line":59,"column":61}}]},"11":{"loc":{"start":{"line":62,"column":6},"end":{"line":62,"column":40}},"type":"binary-expr","locations":[{"start":{"line":62,"column":6},"end":{"line":62,"column":40}},{"start":{"line":62,"column":44},"end":{"line":62,"column":58}}]},"12":{"loc":{"start":{"line":69,"column":4},"end":{"line":71,"column":null}},"type":"if","locations":[{"start":{"line":69,"column":4},"end":{"line":71,"column":null}},{"start":{"line":69,"column":4},"end":{"line":71,"column":null}}]},"13":{"loc":{"start":{"line":74,"column":6},"end":{"line":76,"column":null}},"type":"if","locations":[{"start":{"line":74,"column":6},"end":{"line":76,"column":null}},{"start":{"line":74,"column":6},"end":{"line":76,"column":null}}]},"14":{"loc":{"start":{"line":83,"column":48},"end":{"line":83,"column":49}},"type":"cond-expr","locations":[{"start":{"line":83,"column":48},"end":{"line":83,"column":49}},{"start":{"line":83,"column":52},"end":{"line":83,"column":55}}]}},"s":{"0":2,"1":2,"2":2,"3":2,"4":2,"5":1,"6":1,"7":1,"8":1,"9":1,"10":1,"11":1,"12":1,"13":1,"14":1,"15":0,"16":0,"17":0,"18":0,"19":0,"20":0,"21":0,"22":0,"23":0,"24":0,"25":0,"26":1,"27":0,"28":0,"29":0,"30":0,"31":1,"32":0,"33":0,"34":0,"35":0,"36":0,"37":1,"38":0,"39":0,"40":2,"41":2},"f":{"0":1,"1":0,"2":0,"3":0,"4":0,"5":0,"6":0,"7":0},"b":{"0":[0,1],"1":[0,1],"2":[0,0],"3":[0,0],"4":[0,0,0],"5":[0,0],"6":[0,0],"7":[0,0],"8":[0,0],"9":[0,0],"10":[0,0,0],"11":[0,0],"12":[0,0],"13":[0,0],"14":[0,1]}}
,"/Users/mackentoch/GitProjects/react-redux-bootstrap-webpack-starter/front/src/components/backToTop/backToTopButton/BackToTopButton.tsx": {"path":"/Users/mackentoch/GitProjects/react-redux-bootstrap-webpack-starter/front/src/components/backToTop/backToTopButton/BackToTopButton.tsx","statementMap":{"0":{"start":{"line":1,"column":0},"end":{"line":1,"column":26}},"1":{"start":{"line":2,"column":0},"end":{"line":2,"column":28}},"2":{"start":{"line":3,"column":0},"end":{"line":3,"column":30}},"3":{"start":{"line":4,"column":0},"end":{"line":4,"column":55}},"4":{"start":{"line":17,"column":31},"end":{"line":17,"column":40}},"5":{"start":{"line":18,"column":19},"end":{"line":18,"column":26}},"6":{"start":{"line":19,"column":21},"end":{"line":19,"column":27}},"7":{"start":{"line":20,"column":21},"end":{"line":20,"column":28}},"8":{"start":{"line":21,"column":22},"end":{"line":21,"column":24}},"9":{"start":{"line":22,"column":23},"end":{"line":22,"column":26}},"10":{"start":{"line":23,"column":21},"end":{"line":32,"column":2}},"11":{"start":{"line":34,"column":21},"end":{"line":34,"column":48}},"12":{"start":{"line":34,"column":48},"end":{"line":34,"column":null}},"13":{"start":{"line":35,"column":13},"end":{"line":35,"column":31}},"14":{"start":{"line":37,"column":2},"end":{"line":50,"column":null}},"15":{"start":{"line":39,"column":6},"end":{"line":39,"column":31}},"16":{"start":{"line":40,"column":6},"end":{"line":40,"column":22}},"17":{"start":{"line":41,"column":6},"end":{"line":41,"column":19}},"18":{"start":{"line":44,"column":6},"end":{"line":44,"column":23}},"19":{"start":{"line":45,"column":6},"end":{"line":45,"column":30}},"20":{"start":{"line":46,"column":6},"end":{"line":46,"column":19}},"21":{"start":{"line":49,"column":6},"end":{"line":49,"column":22}},"22":{"start":{"line":54,"column":24},"end":{"line":81,"column":1}},"23":{"start":{"line":55,"column":2},"end":{"line":55,"column":9}},"24":{"start":{"line":56,"column":2},"end":{"line":56,"column":27}},"25":{"start":{"line":57,"column":2},"end":{"line":57,"column":10}},"26":{"start":{"line":58,"column":2},"end":{"line":58,"column":13}},"27":{"start":{"line":60,"column":22},"end":{"line":62,"column":null}},"28":{"start":{"line":65,"column":2},"end":{"line":80,"column":4}},"29":{"start":{"line":83,"column":0},"end":{"line":83,"column":48}},"30":{"start":{"line":85,"column":0},"end":{"line":85,"column":31}}},"fnMap":{"0":{"name":"setPosition","decl":{"start":{"line":34,"column":9},"end":{"line":34,"column":20}},"loc":{"start":{"line":34,"column":71},"end":{"line":51,"column":1}}},"1":{"name":"(anonymous_1)","decl":{"start":{"line":54,"column":24},"end":{"line":54,"column":25}},"loc":{"start":{"line":59,"column":8},"end":{"line":81,"column":1}}}},"branchMap":{"0":{"loc":{"start":{"line":34,"column":21},"end":{"line":34,"column":48}},"type":"if","locations":[{"start":{"line":34,"column":21},"end":{"line":34,"column":48}},{"start":{"line":34,"column":21},"end":{"line":34,"column":48}}]},"1":{"loc":{"start":{"line":34,"column":48},"end":{"line":34,"column":null}},"type":"if","locations":[{"start":{"line":34,"column":48},"end":{"line":34,"column":null}},{"start":{"line":34,"column":48},"end":{"line":34,"column":null}}]},"2":{"loc":{"start":{"line":38,"column":4},"end":{"line":41,"column":19}},"type":"switch","locations":[{"start":{"line":38,"column":4},"end":{"line":41,"column":19}},{"start":{"line":43,"column":4},"end":{"line":46,"column":19}},{"start":{"line":48,"column":4},"end":{"line":49,"column":22}}]},"3":{"loc":{"start":{"line":56,"column":2},"end":{"line":56,"column":27}},"type":"cond-expr","locations":[{"start":{"line":56,"column":2},"end":{"line":56,"column":27}},{"start":{"line":56,"column":2},"end":{"line":56,"column":27}}]},"4":{"loc":{"start":{"line":73,"column":7},"end":{"line":73,"column":16}},"type":"binary-expr","locations":[{"start":{"line":73,"column":7},"end":{"line":73,"column":16}},{"start":{"line":74,"column":8},"end":{"line":75,"column":null}}]},"5":{"loc":{"start":{"line":78,"column":7},"end":{"line":78,"column":17}},"type":"binary-expr","locations":[{"start":{"line":78,"column":7},"end":{"line":78,"column":17}},{"start":{"line":78,"column":21},"end":{"line":78,"column":29}}]}},"s":{"0":3,"1":3,"2":3,"3":3,"4":3,"5":3,"6":3,"7":3,"8":3,"9":3,"10":3,"11":1,"12":1,"13":1,"14":1,"15":0,"16":0,"17":0,"18":1,"19":1,"20":1,"21":0,"22":3,"23":1,"24":2,"25":1,"26":1,"27":1,"28":1,"29":3,"30":3},"f":{"0":1,"1":1},"b":{"0":[0,1],"1":[0,1],"2":[0,1,0],"3":[0,1],"4":[1,0],"5":[1,1]}}
,"/Users/mackentoch/GitProjects/react-redux-bootstrap-webpack-starter/front/src/components/backToTop/backToTopButton/UpIcon.tsx": {"path":"/Users/mackentoch/GitProjects/react-redux-bootstrap-webpack-starter/front/src/components/backToTop/backToTopButton/UpIcon.tsx","statementMap":{"0":{"start":{"line":1,"column":0},"end":{"line":1,"column":26}},"1":{"start":{"line":9,"column":15},"end":{"line":18,"column":1}},"2":{"start":{"line":9,"column":18},"end":{"line":9,"column":35}},"3":{"start":{"line":10,"column":2},"end":{"line":17,"column":4}},"4":{"start":{"line":20,"column":0},"end":{"line":20,"column":30}},"5":{"start":{"line":22,"column":0},"end":{"line":22,"column":22}}},"fnMap":{"0":{"name":"(anonymous_0)","decl":{"start":{"line":9,"column":15},"end":{"line":9,"column":16}},"loc":{"start":{"line":9,"column":44},"end":{"line":18,"column":1}}}},"branchMap":{"0":{"loc":{"start":{"line":9,"column":18},"end":{"line":9,"column":35}},"type":"cond-expr","locations":[{"start":{"line":9,"column":18},"end":{"line":9,"column":35}},{"start":{"line":9,"column":18},"end":{"line":9,"column":35}}]}},"s":{"0":4,"1":4,"2":2,"3":1,"4":4,"5":4},"f":{"0":1},"b":{"0":[0,1]}}
,"/Users/mackentoch/GitProjects/react-redux-bootstrap-webpack-starter/front/src/components/backToTop/backToTopButton/styled/WithRightMargin.tsx": {"path":"/Users/mackentoch/GitProjects/react-redux-bootstrap-webpack-starter/front/src/components/backToTop/backToTopButton/styled/WithRightMargin.tsx","statementMap":{"0":{"start":{"line":1,"column":0},"end":{"line":1,"column":39}},"1":{"start":{"line":3,"column":24},"end":{"line":5,"column":2}},"2":{"start":{"line":7,"column":0},"end":{"line":7,"column":31}}},"fnMap":{},"branchMap":{"0":{"loc":{"start":{"line":3,"column":34},"end":{"line":3,"column":null}},"type":"binary-expr","locations":[{"start":{"line":3,"column":34},"end":{"line":3,"column":null}},{"start":{"line":3,"column":34},"end":{"line":5,"column":2}}]}},"s":{"0":3,"1":3,"2":3},"f":{},"b":{"0":[3,3]}}
,"/Users/mackentoch/GitProjects/react-redux-bootstrap-webpack-starter/front/src/components/fadeInEntrance/FadeInEntrance.tsx": {"path":"/Users/mackentoch/GitProjects/react-redux-bootstrap-webpack-starter/front/src/components/fadeInEntrance/FadeInEntrance.tsx","statementMap":{"0":{"start":{"line":1,"column":0},"end":{"line":1,"column":26}},"1":{"start":{"line":2,"column":0},"end":{"line":2,"column":43}},"2":{"start":{"line":10,"column":26},"end":{"line":10,"column":34}},"3":{"start":{"line":11,"column":2},"end":{"line":11,"column":58}},"4":{"start":{"line":14,"column":0},"end":{"line":14,"column":46}},"5":{"start":{"line":16,"column":0},"end":{"line":16,"column":30}}},"fnMap":{"0":{"name":"FadeInEntrance","decl":{"start":{"line":10,"column":9},"end":{"line":10,"column":23}},"loc":{"start":{"line":10,"column":43},"end":{"line":12,"column":1}}}},"branchMap":{},"s":{"0":6,"1":6,"2":1,"3":1,"4":6,"5":6},"f":{"0":1},"b":{}}
,"/Users/mackentoch/GitProjects/react-redux-bootstrap-webpack-starter/front/src/components/fadeInEntrance/index.ts": {"path":"/Users/mackentoch/GitProjects/react-redux-bootstrap-webpack-starter/front/src/components/fadeInEntrance/index.ts","statementMap":{"0":{"start":{"line":1,"column":0},"end":{"line":1,"column":46}},"1":{"start":{"line":3,"column":0},"end":{"line":3,"column":30}}},"fnMap":{},"branchMap":{},"s":{"0":6,"1":6},"f":{},"b":{}}
,"/Users/mackentoch/GitProjects/react-redux-bootstrap-webpack-starter/front/src/components/fadeInEntrance/styled/FadeInDiv.tsx": {"path":"/Users/mackentoch/GitProjects/react-redux-bootstrap-webpack-starter/front/src/components/fadeInEntrance/styled/FadeInDiv.tsx","statementMap":{"0":{"start":{"line":1,"column":0},"end":{"line":1,"column":59}},"1":{"start":{"line":3,"column":15},"end":{"line":11,"column":2}},"2":{"start":{"line":13,"column":27},"end":{"line":15,"column":null}},"3":{"start":{"line":27,"column":2},"end":{"line":30,"column":null}},"4":{"start":{"line":30,"column":7},"end":{"line":30,"column":21}},"5":{"start":{"line":30,"column":28},"end":{"line":30,"column":null}},"6":{"start":{"line":33,"column":0},"end":{"line":33,"column":25}}},"fnMap":{"0":{"name":"(anonymous_0)","decl":{"start":{"line":30,"column":4},"end":{"line":30,"column":5}},"loc":{"start":{"line":30,"column":23},"end":{"line":30,"column":42}}}},"branchMap":{"0":{"loc":{"start":{"line":3,"column":24},"end":{"line":3,"column":null}},"type":"binary-expr","locations":[{"start":{"line":3,"column":24},"end":{"line":3,"column":null}},{"start":{"line":3,"column":24},"end":{"line":11,"column":2}}]},"1":{"loc":{"start":{"line":13,"column":30},"end":{"line":13,"column":null}},"type":"binary-expr","locations":[{"start":{"line":13,"column":30},"end":{"line":13,"column":null}},{"start":{"line":13,"column":30},"end":{"line":20,"column":2}}]},"2":{"loc":{"start":{"line":27,"column":12},"end":{"line":27,"column":null}},"type":"binary-expr","locations":[{"start":{"line":27,"column":12},"end":{"line":27,"column":null}},{"start":{"line":27,"column":12},"end":{"line":31,"column":2}}]},"3":{"loc":{"start":{"line":30,"column":28},"end":{"line":30,"column":42}},"type":"binary-expr","locations":[{"start":{"line":30,"column":28},"end":{"line":30,"column":42}},{"start":{"line":30,"column":46},"end":{"line":30,"column":64}}]}},"s":{"0":6,"1":6,"2":6,"3":6,"4":0,"5":0,"6":6},"f":{"0":0},"b":{"0":[6,6],"1":[6,6],"2":[6,6],"3":[0,0]}}
,"/Users/mackentoch/GitProjects/react-redux-bootstrap-webpack-starter/front/src/components/logoutRoute/LogoutRoute.tsx": {"path":"/Users/mackentoch/GitProjects/react-redux-bootstrap-webpack-starter/front/src/components/logoutRoute/LogoutRoute.tsx","statementMap":{"0":{"start":{"line":1,"column":0},"end":{"line":1,"column":26}},"1":{"start":{"line":2,"column":0},"end":{"line":2,"column":32}},"2":{"start":{"line":3,"column":0},"end":{"line":3,"column":51}},"3":{"start":{"line":15,"column":10},"end":{"line":15,"column":24}},"4":{"start":{"line":16,"column":2},"end":{"line":16,"column":36}},"5":{"start":{"line":16,"column":18},"end":{"line":16,"column":35}},"6":{"start":{"line":18,"column":2},"end":{"line":22,"column":4}},"7":{"start":{"line":25,"column":0},"end":{"line":25,"column":40}},"8":{"start":{"line":27,"column":0},"end":{"line":27,"column":27}}},"fnMap":{"0":{"name":"LogoutRoute","decl":{"start":{"line":14,"column":9},"end":{"line":14,"column":20}},"loc":{"start":{"line":14,"column":33},"end":{"line":23,"column":1}}},"1":{"name":"(anonymous_1)","decl":{"start":{"line":16,"column":12},"end":{"line":16,"column":18}},"loc":{"start":{"line":16,"column":12},"end":{"line":16,"column":32}}}},"branchMap":{},"s":{"0":1,"1":1,"2":1,"3":0,"4":0,"5":0,"6":0,"7":1,"8":1},"f":{"0":0,"1":0},"b":{}}
,"/Users/mackentoch/GitProjects/react-redux-bootstrap-webpack-starter/front/src/components/logoutRoute/index.ts": {"path":"/Users/mackentoch/GitProjects/react-redux-bootstrap-webpack-starter/front/src/components/logoutRoute/index.ts","statementMap":{"0":{"start":{"line":1,"column":0},"end":{"line":1,"column":38}},"1":{"start":{"line":2,"column":0},"end":{"line":2,"column":62}},"2":{"start":{"line":3,"column":0},"end":{"line":3,"column":46}},"3":{"start":{"line":4,"column":0},"end":{"line":4,"column":64}},"4":{"start":{"line":7,"column":0},"end":{"line":7,"column":40}},"5":{"start":{"line":20,"column":24},"end":{"line":22,"column":1}},"6":{"start":{"line":21,"column":2},"end":{"line":21,"column":12}},"7":{"start":{"line":24,"column":27},"end":{"line":26,"column":1}},"8":{"start":{"line":25,"column":2},"end":{"line":25,"column":62}},"9":{"start":{"line":29,"column":0},"end":{"line":35,"column":17}}},"fnMap":{"0":{"name":"(anonymous_0)","decl":{"start":{"line":20,"column":24},"end":{"line":20,"column":25}},"loc":{"start":{"line":20,"column":41},"end":{"line":22,"column":1}}},"1":{"name":"(anonymous_1)","decl":{"start":{"line":24,"column":27},"end":{"line":24,"column":28}},"loc":{"start":{"line":24,"column":46},"end":{"line":26,"column":1}}}},"branchMap":{},"s":{"0":1,"1":1,"2":1,"3":1,"4":1,"5":1,"6":0,"7":1,"8":0,"9":1},"f":{"0":0,"1":0},"b":{}}
,"/Users/mackentoch/GitProjects/react-redux-bootstrap-webpack-starter/front/src/components/navigation/NavigationBar.tsx": {"path":"/Users/mackentoch/GitProjects/react-redux-bootstrap-webpack-starter/front/src/components/navigation/NavigationBar.tsx","statementMap":{"0":{"start":{"line":1,"column":0},"end":{"line":1,"column":40}},"1":{"start":{"line":2,"column":0},"end":{"line":2,"column":null}},"2":{"start":{"line":22,"column":2},"end":{"line":22,"column":7}},"3":{"start":{"line":23,"column":14},"end":{"line":23,"column":24}},"4":{"start":{"line":24,"column":2},"end":{"line":24,"column":18}},"5":{"start":{"line":25,"column":2},"end":{"line":25,"column":19}},"6":{"start":{"line":26,"column":2},"end":{"line":26,"column":17}},"7":{"start":{"line":27,"column":2},"end":{"line":27,"column":9}},"8":{"start":{"line":28,"column":2},"end":{"line":28,"column":16}},"9":{"start":{"line":30,"column":8},"end":{"line":30,"column":9}},"10":{"start":{"line":30,"column":9},"end":{"line":30,"column":15}},"11":{"start":{"line":30,"column":17},"end":{"line":30,"column":45}},"12":{"start":{"line":33,"column":17},"end":{"line":36,"column":3}},"13":{"start":{"line":34,"column":4},"end":{"line":34,"column":36}},"14":{"start":{"line":35,"column":4},"end":{"line":35,"column":23}},"15":{"start":{"line":40,"column":30},"end":{"line":40,"column":null}},"16":{"start":{"line":40,"column":31},"end":{"line":40,"column":54}},"17":{"start":{"line":40,"column":54},"end":{"line":45,"column":4}},"18":{"start":{"line":43,"column":4},"end":{"line":43,"column":36}},"19":{"start":{"line":44,"column":4},"end":{"line":44,"column":23}},"20":{"start":{"line":49,"column":28},"end":{"line":53,"column":3}},"21":{"start":{"line":50,"column":4},"end":{"line":50,"column":36}},"22":{"start":{"line":51,"column":4},"end":{"line":51,"column":21}},"23":{"start":{"line":52,"column":4},"end":{"line":52,"column":22}},"24":{"start":{"line":56,"column":2},"end":{"line":79,"column":4}},"25":{"start":{"line":62,"column":29},"end":{"line":62,"column":34}},"26":{"start":{"line":62,"column":36},"end":{"line":62,"column":40}},"27":{"start":{"line":62,"column":54},"end":{"line":68,"column":12}},"28":{"start":{"line":82,"column":0},"end":{"line":82,"column":44}},"29":{"start":{"line":84,"column":0},"end":{"line":84,"column":29}}},"fnMap":{"0":{"name":"NavigationBar","decl":{"start":{"line":21,"column":9},"end":{"line":21,"column":22}},"loc":{"start":{"line":29,"column":8},"end":{"line":80,"column":1}}},"1":{"name":"(anonymous_1)","decl":{"start":{"line":33,"column":17},"end":{"line":33,"column":18}},"loc":{"start":{"line":33,"column":72},"end":{"line":36,"column":3}}},"2":{"name":"(anonymous_2)","decl":{"start":{"line":40,"column":30},"end":{"line":40,"column":31}},"loc":{"start":{"line":40,"column":49},"end":{"line":40,"column":null}}},"3":{"name":"(anonymous_3)","decl":{"start":{"line":40,"column":54},"end":{"line":40,"column":null}},"loc":{"start":{"line":41,"column":46},"end":{"line":45,"column":3}}},"4":{"name":"(anonymous_4)","decl":{"start":{"line":49,"column":28},"end":{"line":49,"column":29}},"loc":{"start":{"line":49,"column":71},"end":{"line":53,"column":3}}},"5":{"name":"(anonymous_5)","decl":{"start":{"line":62,"column":26},"end":{"line":62,"column":27}},"loc":{"start":{"line":62,"column":49},"end":{"line":62,"column":null}}}},"branchMap":{"0":{"loc":{"start":{"line":34,"column":4},"end":{"line":34,"column":9}},"type":"binary-expr","locations":[{"start":{"line":34,"column":4},"end":{"line":34,"column":9}},{"start":{"line":34,"column":13},"end":{"line":34,"column":35}}]},"1":{"loc":{"start":{"line":40,"column":31},"end":{"line":40,"column":54}},"type":"if","locations":[{"start":{"line":40,"column":31},"end":{"line":40,"column":54}},{"start":{"line":40,"column":31},"end":{"line":40,"column":54}}]},"2":{"loc":{"start":{"line":43,"column":4},"end":{"line":43,"column":9}},"type":"binary-expr","locations":[{"start":{"line":43,"column":4},"end":{"line":43,"column":9}},{"start":{"line":43,"column":13},"end":{"line":43,"column":35}}]},"3":{"loc":{"start":{"line":50,"column":4},"end":{"line":50,"column":9}},"type":"binary-expr","locations":[{"start":{"line":50,"column":4},"end":{"line":50,"column":9}},{"start":{"line":50,"column":13},"end":{"line":50,"column":35}}]},"4":{"loc":{"start":{"line":69,"column":11},"end":{"line":69,"column":26}},"type":"binary-expr","locations":[{"start":{"line":69,"column":11},"end":{"line":69,"column":26}},{"start":{"line":70,"column":12},"end":{"line":73,"column":null}}]}},"s":{"0":2,"1":2,"2":0,"3":0,"4":0,"5":0,"6":0,"7":0,"8":0,"9":0,"10":0,"11":0,"12":0,"13":0,"14":0,"15":0,"16":0,"17":0,"18":0,"19":0,"20":0,"21":0,"22":0,"23":0,"24":0,"25":0,"26":0,"27":0,"28":2,"29":2},"f":{"0":0,"1":0,"2":0,"3":0,"4":0,"5":0},"b":{"0":[0,0],"1":[0,0],"2":[0,0],"3":[0,0],"4":[0,0]}}
,"/Users/mackentoch/GitProjects/react-redux-bootstrap-webpack-starter/front/src/components/navigation/index.ts": {"path":"/Users/mackentoch/GitProjects/react-redux-bootstrap-webpack-starter/front/src/components/navigation/index.ts","statementMap":{"0":{"start":{"line":2,"column":0},"end":{"line":2,"column":38}},"1":{"start":{"line":3,"column":0},"end":{"line":3,"column":62}},"2":{"start":{"line":4,"column":0},"end":{"line":4,"column":46}},"3":{"start":{"line":5,"column":0},"end":{"line":5,"column":64}},"4":{"start":{"line":6,"column":0},"end":{"line":6,"column":44}},"5":{"start":{"line":36,"column":24},"end":{"line":41,"column":1}},"6":{"start":{"line":37,"column":2},"end":{"line":40,"column":4}},"7":{"start":{"line":43,"column":27},"end":{"line":45,"column":1}},"8":{"start":{"line":44,"column":2},"end":{"line":44,"column":62}},"9":{"start":{"line":48,"column":0},"end":{"line":54,"column":17}}},"fnMap":{"0":{"name":"(anonymous_0)","decl":{"start":{"line":36,"column":24},"end":{"line":36,"column":25}},"loc":{"start":{"line":36,"column":41},"end":{"line":41,"column":1}}},"1":{"name":"(anonymous_1)","decl":{"start":{"line":43,"column":27},"end":{"line":43,"column":28}},"loc":{"start":{"line":43,"column":46},"end":{"line":45,"column":1}}}},"branchMap":{},"s":{"0":2,"1":2,"2":2,"3":2,"4":2,"5":2,"6":0,"7":2,"8":0,"9":2},"f":{"0":0,"1":0},"b":{}}
,"/Users/mackentoch/GitProjects/react-redux-bootstrap-webpack-starter/front/src/components/scrollToTop/ScrollToTop.tsx": {"path":"/Users/mackentoch/GitProjects/react-redux-bootstrap-webpack-starter/front/src/components/scrollToTop/ScrollToTop.tsx","statementMap":{"0":{"start":{"line":1,"column":0},"end":{"line":1,"column":59}},"1":{"start":{"line":2,"column":0},"end":{"line":2,"column":63}},"2":{"start":{"line":11,"column":23},"end":{"line":11,"column":31}},"3":{"start":{"line":13,"column":2},"end":{"line":15,"column":9}},"4":{"start":{"line":14,"column":4},"end":{"line":14,"column":36}},"5":{"start":{"line":17,"column":2},"end":{"line":22,"column":17}},"6":{"start":{"line":18,"column":4},"end":{"line":21,"column":null}},"7":{"start":{"line":19,"column":6},"end":{"line":19,"column":38}},"8":{"start":{"line":20,"column":6},"end":{"line":20,"column":38}},"9":{"start":{"line":25,"column":23},"end":{"line":25,"column":31}},"10":{"start":{"line":25,"column":33},"end":{"line":25,"column":41}},"11":{"start":{"line":26,"column":2},"end":{"line":26,"column":43}},"12":{"start":{"line":28,"column":2},"end":{"line":28,"column":41}},"13":{"start":{"line":31,"column":0},"end":{"line":31,"column":40}},"14":{"start":{"line":33,"column":0},"end":{"line":33,"column":39}}},"fnMap":{"0":{"name":"useScrollToTopOnLocationChange","decl":{"start":{"line":10,"column":9},"end":{"line":10,"column":39}},"loc":{"start":{"line":10,"column":53},"end":{"line":23,"column":1}}},"1":{"name":"(anonymous_1)","decl":{"start":{"line":13,"column":12},"end":{"line":13,"column":null}},"loc":{"start":{"line":13,"column":12},"end":{"line":15,"column":3}}},"2":{"name":"(anonymous_2)","decl":{"start":{"line":17,"column":12},"end":{"line":17,"column":null}},"loc":{"start":{"line":17,"column":12},"end":{"line":22,"column":3}}},"3":{"name":"ScrollToTop","decl":{"start":{"line":25,"column":9},"end":{"line":25,"column":20}},"loc":{"start":{"line":25,"column":50},"end":{"line":29,"column":1}}}},"branchMap":{"0":{"loc":{"start":{"line":18,"column":4},"end":{"line":21,"column":null}},"type":"if","locations":[{"start":{"line":18,"column":4},"end":{"line":21,"column":null}},{"start":{"line":18,"column":4},"end":{"line":21,"column":null}}]},"1":{"loc":{"start":{"line":19,"column":6},"end":{"line":19,"column":12}},"type":"binary-expr","locations":[{"start":{"line":19,"column":6},"end":{"line":19,"column":12}},{"start":{"line":19,"column":16},"end":{"line":19,"column":37}}]}},"s":{"0":1,"1":1,"2":0,"3":0,"4":0,"5":0,"6":0,"7":0,"8":0,"9":0,"10":0,"11":0,"12":0,"13":1,"14":1},"f":{"0":0,"1":0,"2":0,"3":0},"b":{"0":[0,0],"1":[0,0]}}
,"/Users/mackentoch/GitProjects/react-redux-bootstrap-webpack-starter/front/src/config/appConfig.ts": {"path":"/Users/mackentoch/GitProjects/react-redux-bootstrap-webpack-starter/front/src/config/appConfig.ts","statementMap":{"0":{"start":{"line":1,"column":13},"end":{"line":14,"column":3}},"1":{"start":{"line":16,"column":0},"end":{"line":16,"column":25}}},"fnMap":{},"branchMap":{},"s":{"0":6,"1":6},"f":{},"b":{}}
,"/Users/mackentoch/GitProjects/react-redux-bootstrap-webpack-starter/front/src/config/navigation.ts": {"path":"/Users/mackentoch/GitProjects/react-redux-bootstrap-webpack-starter/front/src/config/navigation.ts","statementMap":{"0":{"start":{"line":15,"column":19},"end":{"line":36,"column":2}},"1":{"start":{"line":38,"column":0},"end":{"line":38,"column":26}}},"fnMap":{},"branchMap":{},"s":{"0":1,"1":1},"f":{},"b":{}}
,"/Users/mackentoch/GitProjects/react-redux-bootstrap-webpack-starter/front/src/layout/mainLayout/MainLayout.tsx": {"path":"/Users/mackentoch/GitProjects/react-redux-bootstrap-webpack-starter/front/src/layout/mainLayout/MainLayout.tsx","statementMap":{"0":{"start":{"line":1,"column":0},"end":{"line":1,"column":64}},"1":{"start":{"line":2,"column":0},"end":{"line":2,"column":42}},"2":{"start":{"line":4,"column":0},"end":{"line":4,"column":56}},"3":{"start":{"line":5,"column":0},"end":{"line":5,"column":61}},"4":{"start":{"line":6,"column":0},"end":{"line":6,"column":54}},"5":{"start":{"line":7,"column":0},"end":{"line":7,"column":76}},"6":{"start":{"line":16,"column":22},"end":{"line":16,"column":29}},"7":{"start":{"line":16,"column":31},"end":{"line":16,"column":39}},"8":{"start":{"line":16,"column":41},"end":{"line":16,"column":46}},"9":{"start":{"line":16,"column":48},"end":{"line":16,"column":56}},"10":{"start":{"line":18,"column":2},"end":{"line":23,"column":9}},"11":{"start":{"line":19,"column":4},"end":{"line":22,"column":null}},"12":{"start":{"line":21,"column":6},"end":{"line":21,"column":30}},"13":{"start":{"line":28,"column":33},"end":{"line":32,"column":null}},"14":{"start":{"line":35,"column":34},"end":{"line":39,"column":null}},"15":{"start":{"line":43,"column":2},"end":{"line":56,"column":4}},"16":{"start":{"line":59,"column":0},"end":{"line":59,"column":38}}},"fnMap":{"0":{"name":"MainLayout","decl":{"start":{"line":16,"column":9},"end":{"line":16,"column":19}},"loc":{"start":{"line":16,"column":65},"end":{"line":57,"column":1}}},"1":{"name":"(anonymous_1)","decl":{"start":{"line":18,"column":12},"end":{"line":18,"column":null}},"loc":{"start":{"line":18,"column":12},"end":{"line":23,"column":3}}},"2":{"name":"(anonymous_2)","decl":{"start":{"line":29,"column":4},"end":{"line":29,"column":5}},"loc":{"start":{"line":29,"column":66},"end":{"line":31,"column":5}}},"3":{"name":"(anonymous_3)","decl":{"start":{"line":36,"column":4},"end":{"line":36,"column":5}},"loc":{"start":{"line":36,"column":66},"end":{"line":38,"column":5}}}},"branchMap":{"0":{"loc":{"start":{"line":19,"column":4},"end":{"line":22,"column":null}},"type":"if","locations":[{"start":{"line":19,"column":4},"end":{"line":22,"column":null}},{"start":{"line":19,"column":4},"end":{"line":22,"column":null}}]}},"s":{"0":1,"1":1,"2":1,"3":1,"4":1,"5":1,"6":0,"7":0,"8":0,"9":0,"10":0,"11":0,"12":0,"13":0,"14":0,"15":0,"16":1},"f":{"0":0,"1":0,"2":0,"3":0},"b":{"0":[0,0]}}
,"/Users/mackentoch/GitProjects/react-redux-bootstrap-webpack-starter/front/src/layout/mainLayout/index.ts": {"path":"/Users/mackentoch/GitProjects/react-redux-bootstrap-webpack-starter/front/src/layout/mainLayout/index.ts","statementMap":{"0":{"start":{"line":1,"column":0},"end":{"line":1,"column":38}},"1":{"start":{"line":3,"column":0},"end":{"line":3,"column":26}}},"fnMap":{},"branchMap":{},"s":{"0":1,"1":1},"f":{},"b":{}}
,"/Users/mackentoch/GitProjects/react-redux-bootstrap-webpack-starter/front/src/pages/about/About.tsx": {"path":"/Users/mackentoch/GitProjects/react-redux-bootstrap-webpack-starter/front/src/pages/about/About.tsx","statementMap":{"0":{"start":{"line":1,"column":0},"end":{"line":1,"column":26}},"1":{"start":{"line":3,"column":0},"end":{"line":3,"column":61}},"2":{"start":{"line":10,"column":2},"end":{"line":14,"column":4}},"3":{"start":{"line":17,"column":0},"end":{"line":17,"column":28}},"4":{"start":{"line":19,"column":0},"end":{"line":19,"column":21}}},"fnMap":{"0":{"name":"About","decl":{"start":{"line":9,"column":9},"end":{"line":9,"column":14}},"loc":{"start":{"line":9,"column":27},"end":{"line":15,"column":1}}}},"branchMap":{},"s":{"0":1,"1":1,"2":0,"3":1,"4":1},"f":{"0":0},"b":{}}
,"/Users/mackentoch/GitProjects/react-redux-bootstrap-webpack-starter/front/src/pages/about/index.ts": {"path":"/Users/mackentoch/GitProjects/react-redux-bootstrap-webpack-starter/front/src/pages/about/index.ts","statementMap":{"0":{"start":{"line":1,"column":0},"end":{"line":1,"column":38}},"1":{"start":{"line":2,"column":0},"end":{"line":2,"column":62}},"2":{"start":{"line":4,"column":0},"end":{"line":4,"column":28}},"3":{"start":{"line":13,"column":24},"end":{"line":15,"column":1}},"4":{"start":{"line":14,"column":2},"end":{"line":14,"column":12}},"5":{"start":{"line":17,"column":27},"end":{"line":19,"column":1}},"6":{"start":{"line":18,"column":2},"end":{"line":18,"column":42}},"7":{"start":{"line":22,"column":0},"end":{"line":27,"column":9}}},"fnMap":{"0":{"name":"(anonymous_0)","decl":{"start":{"line":13,"column":24},"end":{"line":13,"column":25}},"loc":{"start":{"line":13,"column":41},"end":{"line":15,"column":1}}},"1":{"name":"(anonymous_1)","decl":{"start":{"line":17,"column":27},"end":{"line":17,"column":28}},"loc":{"start":{"line":17,"column":46},"end":{"line":19,"column":1}}}},"branchMap":{},"s":{"0":1,"1":1,"2":1,"3":1,"4":0,"5":1,"6":0,"7":1},"f":{"0":0,"1":0},"b":{}}
,"/Users/mackentoch/GitProjects/react-redux-bootstrap-webpack-starter/front/src/pages/home/Home.tsx": {"path":"/Users/mackentoch/GitProjects/react-redux-bootstrap-webpack-starter/front/src/pages/home/Home.tsx","statementMap":{"0":{"start":{"line":1,"column":0},"end":{"line":1,"column":26}},"1":{"start":{"line":3,"column":0},"end":{"line":3,"column":40}},"2":{"start":{"line":4,"column":0},"end":{"line":4,"column":49}},"3":{"start":{"line":5,"column":0},"end":{"line":5,"column":61}},"4":{"start":{"line":6,"column":0},"end":{"line":6,"column":41}},"5":{"start":{"line":7,"column":0},"end":{"line":7,"column":43}},"6":{"start":{"line":19,"column":2},"end":{"line":40,"column":4}},"7":{"start":{"line":43,"column":0},"end":{"line":43,"column":26}},"8":{"start":{"line":45,"column":0},"end":{"line":45,"column":20}}},"fnMap":{"0":{"name":"Home","decl":{"start":{"line":18,"column":9},"end":{"line":18,"column":13}},"loc":{"start":{"line":18,"column":26},"end":{"line":41,"column":1}}}},"branchMap":{},"s":{"0":1,"1":1,"2":1,"3":1,"4":1,"5":1,"6":0,"7":1,"8":1},"f":{"0":0},"b":{}}
,"/Users/mackentoch/GitProjects/react-redux-bootstrap-webpack-starter/front/src/pages/home/index.ts": {"path":"/Users/mackentoch/GitProjects/react-redux-bootstrap-webpack-starter/front/src/pages/home/index.ts","statementMap":{"0":{"start":{"line":1,"column":0},"end":{"line":1,"column":38}},"1":{"start":{"line":2,"column":0},"end":{"line":2,"column":62}},"2":{"start":{"line":4,"column":0},"end":{"line":4,"column":26}},"3":{"start":{"line":14,"column":24},"end":{"line":16,"column":1}},"4":{"start":{"line":15,"column":2},"end":{"line":15,"column":12}},"5":{"start":{"line":18,"column":27},"end":{"line":20,"column":1}},"6":{"start":{"line":19,"column":2},"end":{"line":19,"column":42}},"7":{"start":{"line":23,"column":0},"end":{"line":28,"column":8}}},"fnMap":{"0":{"name":"(anonymous_0)","decl":{"start":{"line":14,"column":24},"end":{"line":14,"column":25}},"loc":{"start":{"line":14,"column":41},"end":{"line":16,"column":1}}},"1":{"name":"(anonymous_1)","decl":{"start":{"line":18,"column":27},"end":{"line":18,"column":28}},"loc":{"start":{"line":18,"column":46},"end":{"line":20,"column":1}}}},"branchMap":{},"s":{"0":1,"1":1,"2":1,"3":1,"4":0,"5":1,"6":0,"7":1},"f":{"0":0,"1":0},"b":{}}
,"/Users/mackentoch/GitProjects/react-redux-bootstrap-webpack-starter/front/src/pages/home/styled/HomeInfo.tsx": {"path":"/Users/mackentoch/GitProjects/react-redux-bootstrap-webpack-starter/front/src/pages/home/styled/HomeInfo.tsx","statementMap":{"0":{"start":{"line":1,"column":0},"end":{"line":1,"column":39}},"1":{"start":{"line":3,"column":17},"end":{"line":3,"column":30}},"2":{"start":{"line":5,"column":0},"end":{"line":5,"column":24}}},"fnMap":{},"branchMap":{"0":{"loc":{"start":{"line":3,"column":27},"end":{"line":3,"column":29}},"type":"binary-expr","locations":[{"start":{"line":3,"column":27},"end":{"line":3,"column":29}},{"start":{"line":3,"column":27},"end":{"line":3,"column":30}}]}},"s":{"0":1,"1":1,"2":1},"f":{},"b":{"0":[1,1]}}
,"/Users/mackentoch/GitProjects/react-redux-bootstrap-webpack-starter/front/src/pages/home/styled/MainTitle.ts": {"path":"/Users/mackentoch/GitProjects/react-redux-bootstrap-webpack-starter/front/src/pages/home/styled/MainTitle.ts","statementMap":{"0":{"start":{"line":1,"column":0},"end":{"line":1,"column":39}},"1":{"start":{"line":3,"column":18},"end":{"line":6,"column":2}},"2":{"start":{"line":8,"column":0},"end":{"line":8,"column":25}}},"fnMap":{},"branchMap":{"0":{"loc":{"start":{"line":3,"column":27},"end":{"line":3,"column":null}},"type":"binary-expr","locations":[{"start":{"line":3,"column":27},"end":{"line":3,"column":null}},{"start":{"line":3,"column":27},"end":{"line":6,"column":2}}]}},"s":{"0":1,"1":1,"2":1},"f":{},"b":{"0":[1,1]}}
,"/Users/mackentoch/GitProjects/react-redux-bootstrap-webpack-starter/front/src/pages/login/Login.tsx": {"path":"/Users/mackentoch/GitProjects/react-redux-bootstrap-webpack-starter/front/src/pages/login/Login.tsx","statementMap":{"0":{"start":{"line":1,"column":0},"end":{"line":1,"column":51}},"1":{"start":{"line":3,"column":0},"end":{"line":3,"column":43}},"2":{"start":{"line":4,"column":0},"end":{"line":4,"column":37}},"3":{"start":{"line":5,"column":0},"end":{"line":5,"column":37}},"4":{"start":{"line":6,"column":0},"end":{"line":6,"column":39}},"5":{"start":{"line":7,"column":0},"end":{"line":7,"column":61}},"6":{"start":{"line":17,"column":0},"end":{"line":17,"column":9}},"7":{"start":{"line":18,"column":2},"end":{"line":18,"column":11}},"8":{"start":{"line":19,"column":2},"end":{"line":19,"column":12}},"9":{"start":{"line":20,"column":2},"end":{"line":20,"column":16}},"10":{"start":{"line":21,"column":2},"end":{"line":21,"column":17}},"11":{"start":{"line":22,"column":2},"end":{"line":22,"column":9}},"12":{"start":{"line":24,"column":8},"end":{"line":24,"column":9}},"13":{"start":{"line":24,"column":9},"end":{"line":24,"column":14}},"14":{"start":{"line":24,"column":16},"end":{"line":24,"column":40}},"15":{"start":{"line":25,"column":8},"end":{"line":25,"column":9}},"16":{"start":{"line":25,"column":9},"end":{"line":25,"column":17}},"17":{"start":{"line":25,"column":19},"end":{"line":25,"column":46}},"18":{"start":{"line":27,"column":2},"end":{"line":30,"column":9}},"19":{"start":{"line":29,"column":4},"end":{"line":29,"column":21}},"20":{"start":{"line":33,"column":31},"end":{"line":38,"column":3}},"21":{"start":{"line":34,"column":4},"end":{"line":37,"column":null}},"22":{"start":{"line":35,"column":6},"end":{"line":35,"column":29}},"23":{"start":{"line":36,"column":6},"end":{"line":36,"column":42}},"24":{"start":{"line":40,"column":34},"end":{"line":47,"column":3}},"25":{"start":{"line":43,"column":4},"end":{"line":46,"column":null}},"26":{"start":{"line":44,"column":6},"end":{"line":44,"column":29}},"27":{"start":{"line":45,"column":6},"end":{"line":45,"column":45}},"28":{"start":{"line":51,"column":25},"end":{"line":70,"column":4}},"29":{"start":{"line":51,"column":74},"end":{"line":70,"column":4}},"30":{"start":{"line":52,"column":4},"end":{"line":52,"column":36}},"31":{"start":{"line":55,"column":23},"end":{"line":55,"column":null}},"32":{"start":{"line":55,"column":12},"end":{"line":55,"column":null}},"33":{"start":{"line":56,"column":6},"end":{"line":56,"column":43}},"34":{"start":{"line":58,"column":8},"end":{"line":58,"column":29}},"35":{"start":{"line":61,"column":6},"end":{"line":61,"column":27}},"36":{"start":{"line":62,"column":6},"end":{"line":62,"column":29}},"37":{"start":{"line":64,"column":6},"end":{"line":64,"column":38}},"38":{"start":{"line":67,"column":6},"end":{"line":67,"column":57}},"39":{"start":{"line":74,"column":17},"end":{"line":77,"column":3}},"40":{"start":{"line":75,"column":4},"end":{"line":75,"column":36}},"41":{"start":{"line":76,"column":4},"end":{"line":76,"column":36}},"42":{"start":{"line":80,"column":2},"end":{"line":162,"column":4}},"43":{"start":{"line":165,"column":0},"end":{"line":168,"column":2}},"44":{"start":{"line":170,"column":0},"end":{"line":170,"column":28}},"45":{"start":{"line":172,"column":0},"end":{"line":172,"column":21}}},"fnMap":{"0":{"name":"Login","decl":{"start":{"line":17,"column":9},"end":{"line":17,"column":14}},"loc":{"start":{"line":23,"column":8},"end":{"line":163,"column":1}}},"1":{"name":"(anonymous_1)","decl":{"start":{"line":27,"column":12},"end":{"line":27,"column":null}},"loc":{"start":{"line":27,"column":12},"end":{"line":30,"column":3}}},"2":{"name":"(anonymous_2)","decl":{"start":{"line":33,"column":31},"end":{"line":33,"column":32}},"loc":{"start":{"line":33,"column":74},"end":{"line":38,"column":3}}},"3":{"name":"(anonymous_3)","decl":{"start":{"line":40,"column":34},"end":{"line":40,"column":null}},"loc":{"start":{"line":41,"column":46},"end":{"line":47,"column":3}}},"4":{"name":"(anonymous_4)","decl":{"start":{"line":51,"column":25},"end":{"line":51,"column":32}},"loc":{"start":{"line":51,"column":74},"end":{"line":70,"column":4}}},"5":{"name":"(anonymous_5)","decl":{"start":{"line":51,"column":74},"end":{"line":51,"column":null}},"loc":{"start":{"line":51,"column":74},"end":{"line":70,"column":4}}},"6":{"name":"(anonymous_7)","decl":{"start":{"line":74,"column":17},"end":{"line":74,"column":18}},"loc":{"start":{"line":74,"column":60},"end":{"line":77,"column":3}}}},"branchMap":{"0":{"loc":{"start":{"line":34,"column":4},"end":{"line":37,"column":null}},"type":"if","locations":[{"start":{"line":34,"column":4},"end":{"line":37,"column":null}},{"start":{"line":34,"column":4},"end":{"line":37,"column":null}}]},"1":{"loc":{"start":{"line":43,"column":4},"end":{"line":46,"column":null}},"type":"if","locations":[{"start":{"line":43,"column":4},"end":{"line":46,"column":null}},{"start":{"line":43,"column":4},"end":{"line":46,"column":null}}]},"2":{"loc":{"start":{"line":52,"column":4},"end":{"line":52,"column":9}},"type":"binary-expr","locations":[{"start":{"line":52,"column":4},"end":{"line":52,"column":9}},{"start":{"line":52,"column":13},"end":{"line":52,"column":35}}]},"3":{"loc":{"start":{"line":75,"column":4},"end":{"line":75,"column":9}},"type":"binary-expr","locations":[{"start":{"line":75,"column":4},"end":{"line":75,"column":9}},{"start":{"line":75,"column":13},"end":{"line":75,"column":35}}]},"4":{"loc":{"start":{"line":137,"column":24},"end":{"line":139,"column":null}},"type":"cond-expr","locations":[{"start":{"line":137,"column":24},"end":{"line":139,"column":null}},{"start":{"line":142,"column":24},"end":{"line":142,"column":42}}]}},"s":{"0":1,"1":1,"2":1,"3":1,"4":1,"5":1,"6":0,"7":0,"8":0,"9":0,"10":0,"11":0,"12":0,"13":0,"14":0,"15":0,"16":0,"17":0,"18":0,"19":0,"20":0,"21":0,"22":0,"23":0,"24":0,"25":0,"26":0,"27":0,"28":0,"29":0,"30":0,"31":0,"32":0,"33":0,"34":0,"35":0,"36":0,"37":0,"38":0,"39":0,"40":0,"41":0,"42":0,"43":1,"44":1,"45":1},"f":{"0":0,"1":0,"2":0,"3":0,"4":0,"5":0,"6":0},"b":{"0":[0,0],"1":[0,0],"2":[0,0],"3":[0,0],"4":[0,0]}}
,"/Users/mackentoch/GitProjects/react-redux-bootstrap-webpack-starter/front/src/pages/login/index.ts": {"path":"/Users/mackentoch/GitProjects/react-redux-bootstrap-webpack-starter/front/src/pages/login/index.ts","statementMap":{"0":{"start":{"line":1,"column":0},"end":{"line":1,"column":62}},"1":{"start":{"line":2,"column":0},"end":{"line":2,"column":38}},"2":{"start":{"line":3,"column":0},"end":{"line":3,"column":64}},"3":{"start":{"line":4,"column":0},"end":{"line":4,"column":28}},"4":{"start":{"line":22,"column":24},"end":{"line":28,"column":1}},"5":{"start":{"line":23,"column":2},"end":{"line":27,"column":4}},"6":{"start":{"line":30,"column":27},"end":{"line":32,"column":1}},"7":{"start":{"line":31,"column":2},"end":{"line":31,"column":62}},"8":{"start":{"line":35,"column":0},"end":{"line":40,"column":9}}},"fnMap":{"0":{"name":"(anonymous_0)","decl":{"start":{"line":22,"column":24},"end":{"line":22,"column":25}},"loc":{"start":{"line":22,"column":61},"end":{"line":28,"column":1}}},"1":{"name":"(anonymous_1)","decl":{"start":{"line":30,"column":27},"end":{"line":30,"column":28}},"loc":{"start":{"line":30,"column":46},"end":{"line":32,"column":1}}}},"branchMap":{},"s":{"0":1,"1":1,"2":1,"3":1,"4":1,"5":0,"6":1,"7":0,"8":1},"f":{"0":0,"1":0},"b":{}}
,"/Users/mackentoch/GitProjects/react-redux-bootstrap-webpack-starter/front/src/pages/pageNotFound/PageNotFound.tsx": {"path":"/Users/mackentoch/GitProjects/react-redux-bootstrap-webpack-starter/front/src/pages/pageNotFound/PageNotFound.tsx","statementMap":{"0":{"start":{"line":1,"column":0},"end":{"line":1,"column":26}},"1":{"start":{"line":3,"column":0},"end":{"line":3,"column":49}},"2":{"start":{"line":4,"column":0},"end":{"line":4,"column":61}},"3":{"start":{"line":11,"column":2},"end":{"line":17,"column":4}},"4":{"start":{"line":20,"column":0},"end":{"line":20,"column":42}},"5":{"start":{"line":22,"column":0},"end":{"line":22,"column":28}}},"fnMap":{"0":{"name":"PageNotFound","decl":{"start":{"line":10,"column":9},"end":{"line":10,"column":21}},"loc":{"start":{"line":10,"column":34},"end":{"line":18,"column":1}}}},"branchMap":{},"s":{"0":1,"1":1,"2":1,"3":0,"4":1,"5":1},"f":{"0":0},"b":{}}
,"/Users/mackentoch/GitProjects/react-redux-bootstrap-webpack-starter/front/src/pages/pageNotFound/index.ts": {"path":"/Users/mackentoch/GitProjects/react-redux-bootstrap-webpack-starter/front/src/pages/pageNotFound/index.ts","statementMap":{"0":{"start":{"line":1,"column":0},"end":{"line":1,"column":32}},"1":{"start":{"line":2,"column":0},"end":{"line":2,"column":42}},"2":{"start":{"line":4,"column":0},"end":{"line":4,"column":44}}},"fnMap":{},"branchMap":{},"s":{"0":1,"1":1,"2":1},"f":{},"b":{}}
,"/Users/mackentoch/GitProjects/react-redux-bootstrap-webpack-starter/front/src/pages/protected/Protected.tsx": {"path":"/Users/mackentoch/GitProjects/react-redux-bootstrap-webpack-starter/front/src/pages/protected/Protected.tsx","statementMap":{"0":{"start":{"line":1,"column":0},"end":{"line":1,"column":26}},"1":{"start":{"line":3,"column":0},"end":{"line":3,"column":61}},"2":{"start":{"line":10,"column":2},"end":{"line":15,"column":4}},"3":{"start":{"line":18,"column":0},"end":{"line":18,"column":36}},"4":{"start":{"line":20,"column":0},"end":{"line":20,"column":25}}},"fnMap":{"0":{"name":"Protected","decl":{"start":{"line":9,"column":9},"end":{"line":9,"column":18}},"loc":{"start":{"line":9,"column":31},"end":{"line":16,"column":1}}}},"branchMap":{},"s":{"0":1,"1":1,"2":0,"3":1,"4":1},"f":{"0":0},"b":{}}
,"/Users/mackentoch/GitProjects/react-redux-bootstrap-webpack-starter/front/src/pages/protected/index.ts": {"path":"/Users/mackentoch/GitProjects/react-redux-bootstrap-webpack-starter/front/src/pages/protected/index.ts","statementMap":{"0":{"start":{"line":1,"column":0},"end":{"line":1,"column":32}},"1":{"start":{"line":2,"column":0},"end":{"line":2,"column":36}},"2":{"start":{"line":4,"column":0},"end":{"line":4,"column":36}}},"fnMap":{},"branchMap":{},"s":{"0":1,"1":1,"2":1},"f":{},"b":{}}
,"/Users/mackentoch/GitProjects/react-redux-bootstrap-webpack-starter/front/src/redux/middleware/fetchMiddleware.ts": {"path":"/Users/mackentoch/GitProjects/react-redux-bootstrap-webpack-starter/front/src/redux/middleware/fetchMiddleware.ts","statementMap":{"0":{"start":{"line":2,"column":0},"end":{"line":2,"column":26}},"1":{"start":{"line":5,"column":13},"end":{"line":5,"column":39}},"2":{"start":{"line":6,"column":13},"end":{"line":6,"column":29}},"3":{"start":{"line":42,"column":0},"end":{"line":42,"column":null}},"4":{"start":{"line":43,"column":2},"end":{"line":43,"column":null}},"5":{"start":{"line":44,"column":2},"end":{"line":44,"column":null}},"6":{"start":{"line":63,"column":46},"end":{"line":63,"column":null}},"7":{"start":{"line":63,"column":72},"end":{"line":156,"column":2}},"8":{"start":{"line":65,"column":5},"end":{"line":156,"column":2}},"9":{"start":{"line":65,"column":53},"end":{"line":156,"column":2}},"10":{"start":{"line":67,"column":2},"end":{"line":69,"column":null}},"11":{"start":{"line":68,"column":4},"end":{"line":68,"column":24}},"12":{"start":{"line":71,"column":2},"end":{"line":73,"column":null}},"13":{"start":{"line":72,"column":4},"end":{"line":72,"column":24}},"14":{"start":{"line":75,"column":2},"end":{"line":80,"column":null}},"15":{"start":{"line":79,"column":4},"end":{"line":79,"column":24}},"16":{"start":{"line":82,"column":2},"end":{"line":84,"column":null}},"17":{"start":{"line":83,"column":4},"end":{"line":83,"column":24}},"18":{"start":{"line":88,"column":2},"end":{"line":113,"column":null}},"19":{"start":{"line":89,"column":4},"end":{"line":93,"column":null}},"20":{"start":{"line":90,"column":6},"end":{"line":92,"column":8}},"21":{"start":{"line":95,"column":10},"end":{"line":97,"column":null}},"22":{"start":{"line":101,"column":4},"end":{"line":101,"column":38}},"23":{"start":{"line":104,"column":4},"end":{"line":112,"column":6}},"24":{"start":{"line":117,"column":6},"end":{"line":117,"column":12}},"25":{"start":{"line":118,"column":10},"end":{"line":123,"column":null}},"26":{"start":{"line":127,"column":4},"end":{"line":127,"column":38}},"27":{"start":{"line":131,"column":19},"end":{"line":143,"column":null}},"28":{"start":{"line":131,"column":12},"end":{"line":143,"column":null}},"29":{"start":{"line":144,"column":6},"end":{"line":144,"column":null}},"30":{"start":{"line":145,"column":6},"end":{"line":145,"column":18}},"31":{"start":{"line":148,"column":6},"end":{"line":148,"column":60}},"32":{"start":{"line":149,"column":6},"end":{"line":149,"column":18}},"33":{"start":{"line":155,"column":2},"end":{"line":155,"column":22}},"34":{"start":{"line":158,"column":0},"end":{"line":158,"column":31}}},"fnMap":{"0":{"name":"(anonymous_0)","decl":{"start":{"line":42,"column":0},"end":{"line":42,"column":12}},"loc":{"start":{"line":42,"column":27},"end":{"line":45,"column":1}}},"1":{"name":"(anonymous_1)","decl":{"start":{"line":63,"column":46},"end":{"line":63,"column":47}},"loc":{"start":{"line":63,"column":67},"end":{"line":63,"column":null}}},"2":{"name":"(anonymous_2)","decl":{"start":{"line":63,"column":72},"end":{"line":63,"column":null}},"loc":{"start":{"line":64,"column":16},"end":{"line":65,"column":12}}},"3":{"name":"(anonymous_3)","decl":{"start":{"line":65,"column":5},"end":{"line":65,"column":12}},"loc":{"start":{"line":65,"column":53},"end":{"line":156,"column":2}}},"4":{"name":"(anonymous_4)","decl":{"start":{"line":65,"column":53},"end":{"line":65,"column":null}},"loc":{"start":{"line":65,"column":53},"end":{"line":156,"column":2}}}},"branchMap":{"0":{"loc":{"start":{"line":42,"column":12},"end":{"line":42,"column":27}},"type":"binary-expr","locations":[{"start":{"line":42,"column":12},"end":{"line":42,"column":27}},{"start":{"line":42,"column":12},"end":{"line":42,"column":null}}]},"1":{"loc":{"start":{"line":67,"column":2},"end":{"line":69,"column":null}},"type":"if","locations":[{"start":{"line":67,"column":2},"end":{"line":69,"column":null}},{"start":{"line":67,"column":2},"end":{"line":69,"column":null}}]},"2":{"loc":{"start":{"line":71,"column":2},"end":{"line":73,"column":null}},"type":"if","locations":[{"start":{"line":71,"column":2},"end":{"line":73,"column":null}},{"start":{"line":71,"column":2},"end":{"line":73,"column":null}}]},"3":{"loc":{"start":{"line":75,"column":2},"end":{"line":80,"column":null}},"type":"if","locations":[{"start":{"line":75,"column":2},"end":{"line":80,"column":null}},{"start":{"line":75,"column":2},"end":{"line":80,"column":null}}]},"4":{"loc":{"start":{"line":76,"column":4},"end":{"line":76,"column":38}},"type":"binary-expr","locations":[{"start":{"line":76,"column":4},"end":{"line":76,"column":38}},{"start":{"line":77,"column":4},"end":{"line":77,"column":33}}]},"5":{"loc":{"start":{"line":82,"column":2},"end":{"line":84,"column":null}},"type":"if","locations":[{"start":{"line":82,"column":2},"end":{"line":84,"column":null}},{"start":{"line":82,"column":2},"end":{"line":84,"column":null}}]},"6":{"loc":{"start":{"line":88,"column":2},"end":{"line":113,"column":null}},"type":"if","locations":[{"start":{"line":88,"column":2},"end":{"line":113,"column":null}},{"start":{"line":88,"column":2},"end":{"line":113,"column":null}}]},"7":{"loc":{"start":{"line":89,"column":4},"end":{"line":93,"column":null}},"type":"if","locations":[{"start":{"line":89,"column":4},"end":{"line":93,"column":null}},{"start":{"line":89,"column":4},"end":{"line":93,"column":null}}]},"8":{"loc":{"start":{"line":117,"column":6},"end":{"line":117,"column":12}},"type":"if","locations":[{"start":{"line":117,"column":6},"end":{"line":117,"column":12}},{"start":{"line":117,"column":6},"end":{"line":117,"column":12}}]}},"s":{"0":1,"1":1,"2":1,"3":1,"4":1,"5":1,"6":1,"7":2,"8":2,"9":2,"10":2,"11":2,"12":0,"13":0,"14":0,"15":0,"16":0,"17":0,"18":0,"19":0,"20":0,"21":0,"22":0,"23":0,"24":0,"25":0,"26":0,"27":0,"28":0,"29":0,"30":0,"31":0,"32":0,"33":0,"34":1},"f":{"0":1,"1":2,"2":2,"3":2,"4":2},"b":{"0":[1,1],"1":[2,0],"2":[0,0],"3":[0,0],"4":[0,0],"5":[0,0],"6":[0,0],"7":[0,0],"8":[0,0]}}
,"/Users/mackentoch/GitProjects/react-redux-bootstrap-webpack-starter/front/src/redux/modules/fakeModuleWithFetch/index.ts": {"path":"/Users/mackentoch/GitProjects/react-redux-bootstrap-webpack-starter/front/src/redux/modules/fakeModuleWithFetch/index.ts","statementMap":{"0":{"start":{"line":1,"column":0},"end":{"line":1,"column":34}},"1":{"start":{"line":3,"column":0},"end":{"line":3,"column":50}},"2":{"start":{"line":4,"column":0},"end":{"line":4,"column":50}},"3":{"start":{"line":5,"column":0},"end":{"line":5,"column":69}},"4":{"start":{"line":9,"column":27},"end":{"line":9,"column":47}},"5":{"start":{"line":10,"column":28},"end":{"line":10,"column":49}},"6":{"start":{"line":11,"column":25},"end":{"line":11,"column":43}},"7":{"start":{"line":36,"column":28},"end":{"line":41,"column":2}},"8":{"start":{"line":46,"column":2},"end":{"line":46,"column":null}},"9":{"start":{"line":49,"column":22},"end":{"line":49,"column":40}},"10":{"start":{"line":51,"column":2},"end":{"line":84,"column":null}},"11":{"start":{"line":54,"column":6},"end":{"line":57,"column":null}},"12":{"start":{"line":62,"column":14},"end":{"line":62,"column":26}},"13":{"start":{"line":63,"column":6},"end":{"line":67,"column":null}},"14":{"start":{"line":72,"column":14},"end":{"line":72,"column":24}},"15":{"start":{"line":73,"column":6},"end":{"line":77,"column":null}},"16":{"start":{"line":83,"column":6},"end":{"line":83,"column":19}},"17":{"start":{"line":45,"column":0},"end":{"line":45,"column":null}},"18":{"start":{"line":95,"column":2},"end":{"line":129,"column":4}},"19":{"start":{"line":96,"column":28},"end":{"line":96,"column":46}},"20":{"start":{"line":97,"column":22},"end":{"line":97,"column":62}},"21":{"start":{"line":98,"column":23},"end":{"line":98,"column":31}},"22":{"start":{"line":100,"column":19},"end":{"line":100,"column":70}},"23":{"start":{"line":101,"column":19},"end":{"line":101,"column":24}},"24":{"start":{"line":102,"column":20},"end":{"line":102,"column":22}},"25":{"start":{"line":107,"column":29},"end":{"line":107,"column":36}},"26":{"start":{"line":108,"column":4},"end":{"line":128,"column":6}},"27":{"start":{"line":133,"column":2},"end":{"line":138,"column":4}},"28":{"start":{"line":134,"column":4},"end":{"line":136,"column":null}},"29":{"start":{"line":135,"column":6},"end":{"line":135,"column":35}},"30":{"start":{"line":137,"column":4},"end":{"line":137,"column":29}},"31":{"start":{"line":132,"column":0},"end":{"line":132,"column":16}},"32":{"start":{"line":142,"column":10},"end":{"line":142,"column":20}},"33":{"start":{"line":143,"column":2},"end":{"line":143,"column":21}}},"fnMap":{"0":{"name":"default_1","decl":{"start":{"line":45,"column":0},"end":{"line":45,"column":null}},"loc":{"start":{"line":47,"column":25},"end":{"line":85,"column":1}}},"1":{"name":"fakeFetch","decl":{"start":{"line":94,"column":9},"end":{"line":94,"column":18}},"loc":{"start":{"line":94,"column":18},"end":{"line":130,"column":1}}},"2":{"name":"(anonymous_2)","decl":{"start":{"line":95,"column":9},"end":{"line":95,"column":17}},"loc":{"start":{"line":95,"column":17},"end":{"line":129,"column":3}}},"3":{"name":"fakeFetchIfNeeded","decl":{"start":{"line":132,"column":16},"end":{"line":132,"column":33}},"loc":{"start":{"line":132,"column":33},"end":{"line":139,"column":1}}},"4":{"name":"(anonymous_4)","decl":{"start":{"line":133,"column":9},"end":{"line":133,"column":10}},"loc":{"start":{"line":133,"column":28},"end":{"line":138,"column":3}}},"5":{"name":"shouldFakeFetch","decl":{"start":{"line":141,"column":9},"end":{"line":141,"column":24}},"loc":{"start":{"line":141,"column":68},"end":{"line":144,"column":1}}}},"branchMap":{"0":{"loc":{"start":{"line":46,"column":2},"end":{"line":46,"column":null}},"type":"if","locations":[{"start":{"line":46,"column":2},"end":{"line":46,"column":null}},{"start":{"line":46,"column":2},"end":{"line":46,"column":null}}]},"1":{"loc":{"start":{"line":53,"column":4},"end":{"line":59,"column":null}},"type":"switch","locations":[{"start":{"line":53,"column":4},"end":{"line":59,"column":null}},{"start":{"line":61,"column":4},"end":{"line":69,"column":null}},{"start":{"line":71,"column":4},"end":{"line":79,"column":null}},{"start":{"line":82,"column":4},"end":{"line":83,"column":19}}]},"2":{"loc":{"start":{"line":62,"column":14},"end":{"line":62,"column":26}},"type":"cond-expr","locations":[{"start":{"line":62,"column":14},"end":{"line":62,"column":26}},{"start":{"line":62,"column":14},"end":{"line":62,"column":26}}]},"3":{"loc":{"start":{"line":72,"column":14},"end":{"line":72,"column":24}},"type":"cond-expr","locations":[{"start":{"line":72,"column":14},"end":{"line":72,"column":24}},{"start":{"line":72,"column":14},"end":{"line":72,"column":24}}]},"4":{"loc":{"start":{"line":97,"column":40},"end":{"line":97,"column":52}},"type":"cond-expr","locations":[{"start":{"line":97,"column":40},"end":{"line":97,"column":52}},{"start":{"line":97,"column":55},"end":{"line":97,"column":62}}]},"5":{"loc":{"start":{"line":134,"column":4},"end":{"line":136,"column":null}},"type":"if","locations":[{"start":{"line":134,"column":4},"end":{"line":136,"column":null}},{"start":{"line":134,"column":4},"end":{"line":136,"column":null}}]}},"s":{"0":1,"1":1,"2":1,"3":1,"4":1,"5":1,"6":1,"7":1,"8":0,"9":0,"10":0,"11":0,"12":0,"13":0,"14":0,"15":0,"16":0,"17":1,"18":0,"19":0,"20":0,"21":0,"22":0,"23":0,"24":0,"25":0,"26":0,"27":1,"28":0,"29":0,"30":0,"31":1,"32":0,"33":0},"f":{"0":0,"1":0,"2":0,"3":1,"4":0,"5":0},"b":{"0":[0,0],"1":[0,0,0,0],"2":[0,0],"3":[0,0],"4":[0,0],"5":[0,0]}}
,"/Users/mackentoch/GitProjects/react-redux-bootstrap-webpack-starter/front/src/redux/modules/userAuth/index.ts": {"path":"/Users/mackentoch/GitProjects/react-redux-bootstrap-webpack-starter/front/src/redux/modules/userAuth/index.ts","statementMap":{"0":{"start":{"line":2,"column":0},"end":{"line":2,"column":26}},"1":{"start":{"line":3,"column":0},"end":{"line":3,"column":50}},"2":{"start":{"line":4,"column":0},"end":{"line":4,"column":65}},"3":{"start":{"line":5,"column":0},"end":{"line":5,"column":69}},"4":{"start":{"line":6,"column":0},"end":{"line":6,"column":42}},"5":{"start":{"line":10,"column":32},"end":{"line":10,"column":57}},"6":{"start":{"line":11,"column":33},"end":{"line":11,"column":59}},"7":{"start":{"line":12,"column":30},"end":{"line":12,"column":53}},"8":{"start":{"line":14,"column":25},"end":{"line":14,"column":43}},"9":{"start":{"line":15,"column":26},"end":{"line":15,"column":45}},"10":{"start":{"line":16,"column":23},"end":{"line":16,"column":39}},"11":{"start":{"line":18,"column":39},"end":{"line":18,"column":71}},"12":{"start":{"line":20,"column":24},"end":{"line":20,"column":41}},"13":{"start":{"line":54,"column":28},"end":{"line":67,"column":2}},"14":{"start":{"line":71,"column":24},"end":{"line":71,"column":53}},"15":{"start":{"line":72,"column":2},"end":{"line":176,"column":null}},"16":{"start":{"line":75,"column":8},"end":{"line":75,"column":31}},"17":{"start":{"line":76,"column":8},"end":{"line":76,"column":18}},"18":{"start":{"line":77,"column":8},"end":{"line":77,"column":65}},"19":{"start":{"line":80,"column":6},"end":{"line":87,"column":null}},"20":{"start":{"line":92,"column":6},"end":{"line":99,"column":null}},"21":{"start":{"line":105,"column":6},"end":{"line":107,"column":null}},"22":{"start":{"line":113,"column":8},"end":{"line":113,"column":null}},"23":{"start":{"line":114,"column":10},"end":{"line":114,"column":20}},"24":{"start":{"line":115,"column":10},"end":{"line":115,"column":17}},"25":{"start":{"line":116,"column":10},"end":{"line":116,"column":20}},"26":{"start":{"line":117,"column":10},"end":{"line":117,"column":24}},"27":{"start":{"line":118,"column":10},"end":{"line":118,"column":23}},"28":{"start":{"line":122,"column":6},"end":{"line":130,"column":null}},"29":{"start":{"line":135,"column":6},"end":{"line":138,"column":null}},"30":{"start":{"line":144,"column":6},"end":{"line":146,"column":null}},"31":{"start":{"line":153,"column":10},"end":{"line":153,"column":72}},"32":{"start":{"line":157,"column":6},"end":{"line":163,"column":null}},"33":{"start":{"line":168,"column":6},"end":{"line":170,"column":null}},"34":{"start":{"line":175,"column":6},"end":{"line":175,"column":19}},"35":{"start":{"line":71,"column":0},"end":{"line":71,"column":24}},"36":{"start":{"line":186,"column":2},"end":{"line":186,"column":28}},"37":{"start":{"line":187,"column":2},"end":{"line":187,"column":37}},"38":{"start":{"line":185,"column":0},"end":{"line":185,"column":16}},"39":{"start":{"line":193,"column":16},"end":{"line":193,"column":31}},"40":{"start":{"line":194,"column":15},"end":{"line":194,"column":33}},"41":{"start":{"line":195,"column":25},"end":{"line":195,"column":42}},"42":{"start":{"line":195,"column":39},"end":{"line":195,"column":64}},"43":{"start":{"line":196,"column":20},"end":{"line":196,"column":46}},"44":{"start":{"line":197,"column":26},"end":{"line":197,"column":70}},"45":{"start":{"line":199,"column":2},"end":{"line":203,"column":null}},"46":{"start":{"line":192,"column":0},"end":{"line":192,"column":16}},"47":{"start":{"line":210,"column":0},"end":{"line":210,"column":9}},"48":{"start":{"line":211,"column":2},"end":{"line":248,"column":4}},"49":{"start":{"line":211,"column":23},"end":{"line":248,"column":4}},"50":{"start":{"line":212,"column":10},"end":{"line":212,"column":67}},"51":{"start":{"line":213,"column":10},"end":{"line":213,"column":39}},"52":{"start":{"line":215,"column":10},"end":{"line":215,"column":41}},"53":{"start":{"line":216,"column":10},"end":{"line":216,"column":63}},"54":{"start":{"line":217,"column":10},"end":{"line":217,"column":26}},"55":{"start":{"line":218,"column":10},"end":{"line":218,"column":23}},"56":{"start":{"line":219,"column":10},"end":{"line":225,"column":6}},"57":{"start":{"line":228,"column":10},"end":{"line":228,"column":37}},"58":{"start":{"line":229,"column":4},"end":{"line":247,"column":7}},"59":{"start":{"line":255,"column":2},"end":{"line":260,"column":4}},"60":{"start":{"line":256,"column":4},"end":{"line":258,"column":null}},"61":{"start":{"line":257,"column":6},"end":{"line":257,"column":48}},"62":{"start":{"line":259,"column":4},"end":{"line":259,"column":29}},"63":{"start":{"line":251,"column":0},"end":{"line":251,"column":16}},"64":{"start":{"line":263,"column":10},"end":{"line":263,"column":19}},"65":{"start":{"line":264,"column":2},"end":{"line":264,"column":20}},"66":{"start":{"line":270,"column":0},"end":{"line":270,"column":9}},"67":{"start":{"line":270,"column":28},"end":{"line":270,"column":null}},"68":{"start":{"line":271,"column":2},"end":{"line":308,"column":4}},"69":{"start":{"line":271,"column":23},"end":{"line":308,"column":4}},"70":{"start":{"line":272,"column":10},"end":{"line":272,"column":34}},"71":{"start":{"line":274,"column":6},"end":{"line":275,"column":null}},"72":{"start":{"line":277,"column":10},"end":{"line":277,"column":57}},"73":{"start":{"line":278,"column":10},"end":{"line":278,"column":41}},"74":{"start":{"line":279,"column":10},"end":{"line":279,"column":56}},"75":{"start":{"line":280,"column":10},"end":{"line":280,"column":25}},"76":{"start":{"line":281,"column":10},"end":{"line":281,"column":63}},"77":{"start":{"line":282,"column":10},"end":{"line":282,"column":51}},"78":{"start":{"line":284,"column":4},"end":{"line":286,"column":null}},"79":{"start":{"line":285,"column":6},"end":{"line":285,"column":51}},"80":{"start":{"line":289,"column":6},"end":{"line":289,"column":50}},"81":{"start":{"line":291,"column":22},"end":{"line":302,"column":null}},"82":{"start":{"line":291,"column":12},"end":{"line":302,"column":null}},"83":{"start":{"line":304,"column":6},"end":{"line":304,"column":21}},"84":{"start":{"line":306,"column":6},"end":{"line":306,"column":55}},"85":{"start":{"line":312,"column":2},"end":{"line":312,"column":null}},"86":{"start":{"line":314,"column":2},"end":{"line":319,"column":4}},"87":{"start":{"line":315,"column":4},"end":{"line":317,"column":null}},"88":{"start":{"line":316,"column":6},"end":{"line":316,"column":46}},"89":{"start":{"line":318,"column":4},"end":{"line":318,"column":29}},"90":{"start":{"line":311,"column":0},"end":{"line":311,"column":16}},"91":{"start":{"line":323,"column":10},"end":{"line":323,"column":20}},"92":{"start":{"line":324,"column":2},"end":{"line":324,"column":21}}},"fnMap":{"0":{"name":"default_1","decl":{"start":{"line":71,"column":0},"end":{"line":71,"column":24}},"loc":{"start":{"line":71,"column":67},"end":{"line":177,"column":1}}},"1":{"name":"disconnectUser","decl":{"start":{"line":185,"column":16},"end":{"line":185,"column":30}},"loc":{"start":{"line":185,"column":30},"end":{"line":188,"column":1}}},"2":{"name":"checkUserIsConnected","decl":{"start":{"line":192,"column":16},"end":{"line":192,"column":36}},"loc":{"start":{"line":192,"column":36},"end":{"line":205,"column":1}}},"3":{"name":"(anonymous_3)","decl":{"start":{"line":195,"column":25},"end":{"line":195,"column":26}},"loc":{"start":{"line":195,"column":34},"end":{"line":195,"column":42}}},"4":{"name":"logUser","decl":{"start":{"line":210,"column":9},"end":{"line":210,"column":16}},"loc":{"start":{"line":210,"column":48},"end":{"line":249,"column":1}}},"5":{"name":"(anonymous_5)","decl":{"start":{"line":211,"column":9},"end":{"line":211,"column":15}},"loc":{"start":{"line":211,"column":23},"end":{"line":248,"column":4}}},"6":{"name":"(anonymous_6)","decl":{"start":{"line":211,"column":23},"end":{"line":211,"column":null}},"loc":{"start":{"line":211,"column":23},"end":{"line":248,"column":4}}},"7":{"name":"logUserIfNeeded","decl":{"start":{"line":251,"column":16},"end":{"line":251,"column":31}},"loc":{"start":{"line":253,"column":18},"end":{"line":261,"column":1}}},"8":{"name":"(anonymous_9)","decl":{"start":{"line":255,"column":9},"end":{"line":255,"column":10}},"loc":{"start":{"line":255,"column":28},"end":{"line":260,"column":3}}},"9":{"name":"shouldLogUser","decl":{"start":{"line":262,"column":9},"end":{"line":262,"column":22}},"loc":{"start":{"line":262,"column":55},"end":{"line":265,"column":1}}},"10":{"name":"fetchUserInfosData","decl":{"start":{"line":270,"column":9},"end":{"line":270,"column":27}},"loc":{"start":{"line":270,"column":43},"end":{"line":309,"column":1}}},"11":{"name":"(anonymous_12)","decl":{"start":{"line":271,"column":9},"end":{"line":271,"column":15}},"loc":{"start":{"line":271,"column":23},"end":{"line":308,"column":4}}},"12":{"name":"(anonymous_13)","decl":{"start":{"line":271,"column":23},"end":{"line":271,"column":null}},"loc":{"start":{"line":271,"column":23},"end":{"line":308,"column":4}}},"13":{"name":"fetchUserInfoDataIfNeeded","decl":{"start":{"line":311,"column":16},"end":{"line":311,"column":41}},"loc":{"start":{"line":312,"column":17},"end":{"line":320,"column":1}}},"14":{"name":"(anonymous_16)","decl":{"start":{"line":314,"column":9},"end":{"line":314,"column":10}},"loc":{"start":{"line":314,"column":28},"end":{"line":319,"column":3}}},"15":{"name":"shouldFetchUserInfoData","decl":{"start":{"line":322,"column":9},"end":{"line":322,"column":32}},"loc":{"start":{"line":322,"column":65},"end":{"line":325,"column":1}}}},"branchMap":{"0":{"loc":{"start":{"line":71,"column":24},"end":{"line":71,"column":53}},"type":"if","locations":[{"start":{"line":71,"column":24},"end":{"line":71,"column":53}},{"start":{"line":71,"column":24},"end":{"line":71,"column":53}}]},"1":{"loc":{"start":{"line":73,"column":4},"end":{"line":89,"column":null}},"type":"switch","locations":[{"start":{"line":73,"column":4},"end":{"line":89,"column":null}},{"start":{"line":91,"column":4},"end":{"line":101,"column":null}},{"start":{"line":104,"column":4},"end":{"line":109,"column":null}},{"start":{"line":111,"column":4},"end":{"line":132,"column":null}},{"start":{"line":134,"column":4},"end":{"line":140,"column":null}},{"start":{"line":143,"column":4},"end":{"line":148,"column":null}},{"start":{"line":150,"column":4},"end":{"line":165,"column":null}},{"start":{"line":167,"column":4},"end":{"line":172,"column":null}},{"start":{"line":174,"column":4},"end":{"line":175,"column":19}}]},"2":{"loc":{"start":{"line":75,"column":8},"end":{"line":75,"column":31}},"type":"cond-expr","locations":[{"start":{"line":75,"column":8},"end":{"line":75,"column":31}},{"start":{"line":75,"column":8},"end":{"line":75,"column":31}}]},"3":{"loc":{"start":{"line":76,"column":8},"end":{"line":76,"column":18}},"type":"cond-expr","locations":[{"start":{"line":76,"column":8},"end":{"line":76,"column":18}},{"start":{"line":76,"column":8},"end":{"line":76,"column":18}}]},"4":{"loc":{"start":{"line":77,"column":8},"end":{"line":77,"column":65}},"type":"cond-expr","locations":[{"start":{"line":77,"column":8},"end":{"line":77,"column":65}},{"start":{"line":77,"column":8},"end":{"line":77,"column":65}}]},"5":{"loc":{"start":{"line":114,"column":10},"end":{"line":114,"column":20}},"type":"cond-expr","locations":[{"start":{"line":114,"column":10},"end":{"line":114,"column":20}},{"start":{"line":114,"column":10},"end":{"line":114,"column":20}}]},"6":{"loc":{"start":{"line":115,"column":10},"end":{"line":115,"column":17}},"type":"cond-expr","locations":[{"start":{"line":115,"column":10},"end":{"line":115,"column":17}},{"start":{"line":115,"column":10},"end":{"line":115,"column":17}}]},"7":{"loc":{"start":{"line":116,"column":10},"end":{"line":116,"column":20}},"type":"cond-expr","locations":[{"start":{"line":116,"column":10},"end":{"line":116,"column":20}},{"start":{"line":116,"column":10},"end":{"line":116,"column":20}}]},"8":{"loc":{"start":{"line":117,"column":10},"end":{"line":117,"column":24}},"type":"cond-expr","locations":[{"start":{"line":117,"column":10},"end":{"line":117,"column":24}},{"start":{"line":117,"column":10},"end":{"line":117,"column":24}}]},"9":{"loc":{"start":{"line":118,"column":10},"end":{"line":118,"column":23}},"type":"cond-expr","locations":[{"start":{"line":118,"column":10},"end":{"line":118,"column":23}},{"start":{"line":118,"column":10},"end":{"line":118,"column":23}}]},"10":{"loc":{"start":{"line":153,"column":10},"end":{"line":153,"column":72}},"type":"cond-expr","locations":[{"start":{"line":153,"column":10},"end":{"line":153,"column":72}},{"start":{"line":153,"column":10},"end":{"line":153,"column":72}}]},"11":{"loc":{"start":{"line":195,"column":39},"end":{"line":195,"column":42}},"type":"binary-expr","locations":[{"start":{"line":195,"column":39},"end":{"line":195,"column":42}},{"start":{"line":195,"column":47},"end":{"line":195,"column":53}},{"start":{"line":195,"column":57},"end":{"line":195,"column":62}}]},"12":{"loc":{"start":{"line":197,"column":58},"end":{"line":197,"column":62}},"type":"cond-expr","locations":[{"start":{"line":197,"column":58},"end":{"line":197,"column":62}},{"start":{"line":197,"column":65},"end":{"line":197,"column":70}}]},"13":{"loc":{"start":{"line":197,"column":26},"end":{"line":197,"column":31}},"type":"binary-expr","locations":[{"start":{"line":197,"column":26},"end":{"line":197,"column":31}},{"start":{"line":197,"column":35},"end":{"line":197,"column":55}}]},"14":{"loc":{"start":{"line":203,"column":21},"end":{"line":203,"column":36}},"type":"binary-expr","locations":[{"start":{"line":203,"column":21},"end":{"line":203,"column":36}},{"start":{"line":203,"column":40},"end":{"line":203,"column":50}}]},"15":{"loc":{"start":{"line":212,"column":44},"end":{"line":212,"column":56}},"type":"cond-expr","locations":[{"start":{"line":212,"column":44},"end":{"line":212,"column":56}},{"start":{"line":212,"column":59},"end":{"line":212,"column":66}}]},"16":{"loc":{"start":{"line":256,"column":4},"end":{"line":258,"column":null}},"type":"if","locations":[{"start":{"line":256,"column":4},"end":{"line":258,"column":null}},{"start":{"line":256,"column":4},"end":{"line":258,"column":null}}]},"17":{"loc":{"start":{"line":270,"column":28},"end":{"line":270,"column":null}},"type":"if","locations":[{"start":{"line":270,"column":28},"end":{"line":270,"column":null}},{"start":{"line":270,"column":28},"end":{"line":270,"column":null}}]},"18":{"loc":{"start":{"line":277,"column":34},"end":{"line":277,"column":46}},"type":"cond-expr","locations":[{"start":{"line":277,"column":34},"end":{"line":277,"column":46}},{"start":{"line":277,"column":49},"end":{"line":277,"column":56}}]},"19":{"loc":{"start":{"line":281,"column":47},"end":{"line":281,"column":52}},"type":"binary-expr","locations":[{"start":{"line":281,"column":47},"end":{"line":281,"column":52}},{"start":{"line":281,"column":56},"end":{"line":281,"column":58}}]},"20":{"loc":{"start":{"line":284,"column":4},"end":{"line":286,"column":null}},"type":"if","locations":[{"start":{"line":284,"column":4},"end":{"line":286,"column":null}},{"start":{"line":284,"column":4},"end":{"line":286,"column":null}}]},"21":{"loc":{"start":{"line":312,"column":2},"end":{"line":312,"column":null}},"type":"if","locations":[{"start":{"line":312,"column":2},"end":{"line":312,"column":null}},{"start":{"line":312,"column":2},"end":{"line":312,"column":null}}]},"22":{"loc":{"start":{"line":315,"column":4},"end":{"line":317,"column":null}},"type":"if","locations":[{"start":{"line":315,"column":4},"end":{"line":317,"column":null}},{"start":{"line":315,"column":4},"end":{"line":317,"column":null}}]}},"s":{"0":5,"1":5,"2":5,"3":5,"4":5,"5":5,"6":5,"7":5,"8":5,"9":5,"10":5,"11":5,"12":5,"13":5,"14":0,"15":0,"16":0,"17":0,"18":0,"19":0,"20":0,"21":0,"22":0,"23":0,"24":0,"25":0,"26":0,"27":0,"28":0,"29":0,"30":0,"31":0,"32":0,"33":0,"34":0,"35":5,"36":2,"37":2,"38":5,"39":1,"40":1,"41":1,"42":1,"43":1,"44":1,"45":1,"46":5,"47":0,"48":0,"49":0,"50":0,"51":0,"52":0,"53":0,"54":0,"55":0,"56":0,"57":0,"58":0,"59":0,"60":0,"61":0,"62":0,"63":5,"64":0,"65":0,"66":0,"67":0,"68":0,"69":0,"70":0,"71":0,"72":0,"73":0,"74":0,"75":0,"76":0,"77":0,"78":0,"79":0,"80":0,"81":0,"82":0,"83":0,"84":0,"85":0,"86":0,"87":0,"88":0,"89":0,"90":5,"91":0,"92":0},"f":{"0":0,"1":2,"2":1,"3":1,"4":0,"5":0,"6":0,"7":0,"8":0,"9":0,"10":0,"11":0,"12":0,"13":0,"14":0,"15":0},"b":{"0":[0,0],"1":[0,0,0,0,0,0,0,0,0],"2":[0,0],"3":[0,0],"4":[0,0],"5":[0,0],"6":[0,0],"7":[0,0],"8":[0,0],"9":[0,0],"10":[0,0],"11":[1,1,1],"12":[0,1],"13":[1,1],"14":[1,0],"15":[0,0],"16":[0,0],"17":[0,0],"18":[0,0],"19":[0,0],"20":[0,0],"21":[0,0],"22":[0,0]}}
[...]
column":8},"end":{"line":251,"column":15}},"79":{"start":{"line":256,"column":4},"end":{"line":261,"column":null}},"80":{"start":{"line":257,"column":6},"end":{"line":260,"column":null}},"81":{"start":{"line":258,"column":8},"end":{"line":258,"column":62}},"82":{"start":{"line":259,"column":8},"end":{"line":259,"column":15}},"83":{"start":{"line":270,"column":16},"end":{"line":270,"column":null}},"84":{"start":{"line":272,"column":4},"end":{"line":275,"column":null}},"85":{"start":{"line":273,"column":6},"end":{"line":273,"column":43}},"86":{"start":{"line":274,"column":6},"end":{"line":274,"column":13}},"87":{"start":{"line":278,"column":4},"end":{"line":281,"column":null}},"88":{"start":{"line":279,"column":6},"end":{"line":279,"column":45}},"89":{"start":{"line":280,"column":6},"end":{"line":280,"column":13}},"90":{"start":{"line":293,"column":4},"end":{"line":296,"column":null}},"91":{"start":{"line":294,"column":6},"end":{"line":294,"column":27}},"92":{"start":{"line":295,"column":6},"end":{"line":295,"column":13}},"93":{"start":{"line":298,"column":4},"end":{"line":301,"column":null}},"94":{"start":{"line":299,"column":6},"end":{"line":299,"column":29}},"95":{"start":{"line":300,"column":6},"end":{"line":300,"column":13}},"96":{"start":{"line":305,"column":0},"end":{"line":305,"column":20}}},"fnMap":{"0":{"name":"(anonymous_0)","decl":{"start":{"line":35,"column":2},"end":{"line":35,"column":10}},"loc":{"start":{"line":37,"column":34},"end":{"line":49,"column":3}}},"1":{"name":"(anonymous_1)","decl":{"start":{"line":59,"column":2},"end":{"line":59,"column":10}},"loc":{"start":{"line":62,"column":34},"end":{"line":81,"column":3}}},"2":{"name":"(anonymous_2)","decl":{"start":{"line":104,"column":2},"end":{"line":104,"column":17}},"loc":{"start":{"line":106,"column":34},"end":{"line":126,"column":3}}},"3":{"name":"(anonymous_3)","decl":{"start":{"line":134,"column":2},"end":{"line":134,"column":12}},"loc":{"start":{"line":136,"column":34},"end":{"line":150,"column":3}}},"4":{"name":"(anonymous_4)","decl":{"start":{"line":158,"column":2},"end":{"line":158,"column":24}},"loc":{"start":{"line":158,"column":42},"end":{"line":170,"column":3}}},"5":{"name":"(anonymous_5)","decl":{"start":{"line":178,"column":2},"end":{"line":178,"column":16}},"loc":{"start":{"line":178,"column":34},"end":{"line":184,"column":3}}},"6":{"name":"(anonymous_6)","decl":{"start":{"line":196,"column":2},"end":{"line":196,"column":13}},"loc":{"start":{"line":198,"column":40},"end":{"line":228,"column":3}}},"7":{"name":"(anonymous_7)","decl":{"start":{"line":238,"column":2},"end":{"line":238,"column":13}},"loc":{"start":{"line":241,"column":40},"end":{"line":262,"column":3}}},"8":{"name":"(anonymous_8)","decl":{"start":{"line":270,"column":2},"end":{"line":270,"column":15}},"loc":{"start":{"line":270,"column":52},"end":{"line":282,"column":3}}},"9":{"name":"(anonymous_9)","decl":{"start":{"line":292,"column":2},"end":{"line":292,"column":20}},"loc":{"start":{"line":292,"column":2},"end":{"line":302,"column":3}}}},"branchMap":{"0":{"loc":{"start":{"line":36,"column":4},"end":{"line":36,"column":null}},"type":"if","locations":[{"start":{"line":36,"column":4},"end":{"line":36,"column":null}},{"start":{"line":36,"column":4},"end":{"line":36,"column":null}}]},"1":{"loc":{"start":{"line":37,"column":4},"end":{"line":37,"column":null}},"type":"if","locations":[{"start":{"line":37,"column":4},"end":{"line":37,"column":null}},{"start":{"line":37,"column":4},"end":{"line":37,"column":null}}]},"2":{"loc":{"start":{"line":40,"column":4},"end":{"line":42,"column":null}},"type":"if","locations":[{"start":{"line":40,"column":4},"end":{"line":42,"column":null}},{"start":{"line":40,"column":4},"end":{"line":42,"column":null}}]},"3":{"loc":{"start":{"line":41,"column":14},"end":{"line":41,"column":26}},"type":"binary-expr","locations":[{"start":{"line":41,"column":14},"end":{"line":41,"column":26}},{"start":{"line":41,"column":30},"end":{"line":41,"column":60}},{"start":{"line":41,"column":65},"end":{"line":41,"column":69}}]},"4":{"loc":{"start":{"line":44,"column":4},"end":{"line":46,"column":null}},"type":"if","locations":[{"start":{"line":44,"column":4},"end":{"line":46,"column":null}},{"start":{"line":44,"column":4},"end":{"line":46,"column":null}}]},"5":{"loc":{"start":{"line":45,"column":14},"end":{"line":45,"column":28}},"type":"binary-expr","locations":[{"start":{"line":45,"column":14},"end":{"line":45,"column":28}},{"start":{"line":45,"column":32},"end":{"line":45,"column":64}},{"start":{"line":45,"column":69},"end":{"line":45,"column":73}}]},"6":{"loc":{"start":{"line":60,"column":4},"end":{"line":60,"column":null}},"type":"if","locations":[{"start":{"line":60,"column":4},"end":{"line":60,"column":null}},{"start":{"line":60,"column":4},"end":{"line":60,"column":null}}]},"7":{"loc":{"start":{"line":61,"column":4},"end":{"line":61,"column":null}},"type":"if","locations":[{"start":{"line":61,"column":4},"end":{"line":61,"column":null}},{"start":{"line":61,"column":4},"end":{"line":61,"column":null}}]},"8":{"loc":{"start":{"line":62,"column":4},"end":{"line":62,"column":null}},"type":"if","locations":[{"start":{"line":62,"column":4},"end":{"line":62,"column":null}},{"start":{"line":62,"column":4},"end":{"line":62,"column":null}}]},"9":{"loc":{"start":{"line":64,"column":4},"end":{"line":66,"column":null}},"type":"if","locations":[{"start":{"line":64,"column":4},"end":{"line":66,"column":null}},{"start":{"line":64,"column":4},"end":{"line":66,"column":null}}]},"10":{"loc":{"start":{"line":64,"column":8},"end":{"line":64,"column":14}},"type":"binary-expr","locations":[{"start":{"line":64,"column":8},"end":{"line":64,"column":14}},{"start":{"line":64,"column":18},"end":{"line":64,"column":35}}]},"11":{"loc":{"start":{"line":68,"column":4},"end":{"line":73,"column":null}},"type":"if","locations":[{"start":{"line":68,"column":4},"end":{"line":73,"column":null}},{"start":{"line":68,"column":4},"end":{"line":73,"column":null}}]},"12":{"loc":{"start":{"line":69,"column":6},"end":{"line":72,"column":null}},"type":"if","locations":[{"start":{"line":69,"column":6},"end":{"line":72,"column":null}},{"start":{"line":69,"column":6},"end":{"line":72,"column":null}}]},"13":{"loc":{"start":{"line":75,"column":4},"end":{"line":80,"column":null}},"type":"if","locations":[{"start":{"line":75,"column":4},"end":{"line":80,"column":null}},{"start":{"line":75,"column":4},"end":{"line":80,"column":null}}]},"14":{"loc":{"start":{"line":76,"column":6},"end":{"line":79,"column":null}},"type":"if","locations":[{"start":{"line":76,"column":6},"end":{"line":79,"column":null}},{"start":{"line":76,"column":6},"end":{"line":79,"column":null}}]},"15":{"loc":{"start":{"line":105,"column":4},"end":{"line":105,"column":null}},"type":"if","locations":[{"start":{"line":105,"column":4},"end":{"line":105,"column":null}},{"start":{"line":105,"column":4},"end":{"line":105,"column":null}}]},"16":{"loc":{"start":{"line":106,"column":4},"end":{"line":106,"column":null}},"type":"if","locations":[{"start":{"line":106,"column":4},"end":{"line":106,"column":null}},{"start":{"line":106,"column":4},"end":{"line":106,"column":null}}]},"17":{"loc":{"start":{"line":109,"column":4},"end":{"line":114,"column":null}},"type":"if","locations":[{"start":{"line":109,"column":4},"end":{"line":114,"column":null}},{"start":{"line":109,"column":4},"end":{"line":114,"column":null}}]},"18":{"loc":{"start":{"line":110,"column":6},"end":{"line":112,"column":null}},"type":"if","locations":[{"start":{"line":110,"column":6},"end":{"line":112,"column":null}},{"start":{"line":110,"column":6},"end":{"line":112,"column":null}}]},"19":{"loc":{"start":{"line":110,"column":10},"end":{"line":110,"column":22}},"type":"binary-expr","locations":[{"start":{"line":110,"column":10},"end":{"line":110,"column":22}},{"start":{"line":110,"column":26},"end":{"line":110,"column":56}}]},"20":{"loc":{"start":{"line":117,"column":4},"end":{"line":122,"column":null}},"type":"if","locations":[{"start":{"line":117,"column":4},"end":{"line":122,"column":null}},{"start":{"line":117,"column":4},"end":{"line":122,"column":null}}]},"21":{"loc":{"start":{"line":118,"column":6},"end":{"line":120,"column":null}},"type":"if","locations":[{"start":{"line":118,"column":6},"end":{"line":120,"column":null}},{"start":{"line":118,"column":6},"end":{"line":120,"column":null}}]},"22":{"loc":{"start":{"line":118,"column":10},"end":{"line":118,"column":24}},"type":"binary-expr","locations":[{"start":{"line":118,"column":10},"end":{"line":118,"column":24}},{"start":{"line":118,"column":28},"end":{"line":118,"column":60}}]},"23":{"loc":{"start":{"line":135,"column":4},"end":{"line":135,"column":null}},"type":"if","locations":[{"start":{"line":135,"column":4},"end":{"line":135,"column":null}},{"start":{"line":135,"column":4},"end":{"line":135,"column":null}}]},"24":{"loc":{"start":{"line":136,"column":4},"end":{"line":136,"column":null}},"type":"if","locations":[{"start":{"line":136,"column":4},"end":{"line":136,"column":null}},{"start":{"line":136,"column":4},"end":{"line":136,"column":null}}]},"25":{"loc":{"start":{"line":139,"column":4},"end":{"line":142,"column":null}},"type":"if","locations":[{"start":{"line":139,"column":4},"end":{"line":142,"column":null}},{"start":{"line":139,"column":4},"end":{"line":142,"column":null}}]},"26":{"loc":{"start":{"line":139,"column":8},"end":{"line":139,"column":20}},"type":"binary-expr","locations":[{"start":{"line":139,"column":8},"end":{"line":139,"column":20}},{"start":{"line":139,"column":24},"end":{"line":139,"column":46}}]},"27":{"loc":{"start":{"line":144,"column":4},"end":{"line":147,"column":null}},"type":"if","locations":[{"start":{"line":144,"column":4},"end":{"line":147,"column":null}},{"start":{"line":144,"column":4},"end":{"line":147,"column":null}}]},"28":{"loc":{"start":{"line":144,"column":8},"end":{"line":144,"column":22}},"type":"binary-expr","locations":[{"start":{"line":144,"column":8},"end":{"line":144,"column":22}},{"start":{"line":144,"column":26},"end":{"line":144,"column":50}}]},"29":{"loc":{"start":{"line":159,"column":4},"end":{"line":161,"column":null}},"type":"if","locations":[{"start":{"line":159,"column":4},"end":{"line":161,"column":null}},{"start":{"line":159,"column":4},"end":{"line":161,"column":null}}]},"30":{"loc":{"start":{"line":164,"column":4},"end":{"line":166,"column":null}},"type":"if","locations":[{"start":{"line":164,"column":4},"end":{"line":166,"column":null}},{"start":{"line":164,"column":4},"end":{"line":166,"column":null}}]},"31":{"loc":{"start":{"line":197,"column":4},"end":{"line":197,"column":null}},"type":"if","locations":[{"start":{"line":197,"column":4},"end":{"line":197,"column":null}},{"start":{"line":197,"column":4},"end":{"line":197,"column":null}}]},"32":{"loc":{"start":{"line":198,"column":4},"end":{"line":198,"column":null}},"type":"if","locations":[{"start":{"line":198,"column":4},"end":{"line":198,"column":null}},{"start":{"line":198,"column":4},"end":{"line":198,"column":null}}]},"33":{"loc":{"start":{"line":201,"column":4},"end":{"line":212,"column":null}},"type":"if","locations":[{"start":{"line":201,"column":4},"end":{"line":212,"column":null}},{"start":{"line":201,"column":4},"end":{"line":212,"column":null}}]},"34":{"loc":{"start":{"line":204,"column":11},"end":{"line":204,"column":17}},"type":"binary-expr","locations":[{"start":{"line":204,"column":11},"end":{"line":204,"column":17}},{"start":{"line":205,"column":12},"end":{"line":205,"column":24}},{"start":{"line":206,"column":12},"end":{"line":206,"column":58}},{"start":{"line":207,"column":10},"end":{"line":207,"column":14}}]},"35":{"loc":{"start":{"line":206,"column":18},"end":{"line":206,"column":51}},"type":"binary-expr","locations":[{"start":{"line":206,"column":18},"end":{"line":206,"column":51}},{"start":{"line":206,"column":55},"end":{"line":206,"column":57}}]},"36":{"loc":{"start":{"line":214,"column":4},"end":{"line":225,"column":null}},"type":"if","locations":[{"start":{"line":214,"column":4},"end":{"line":225,"column":null}},{"start":{"line":214,"column":4},"end":{"line":225,"column":null}}]},"37":{"loc":{"start":{"line":217,"column":11},"end":{"line":217,"column":17}},"type":"binary-expr","locations":[{"start":{"line":217,"column":11},"end":{"line":217,"column":17}},{"start":{"line":218,"column":12},"end":{"line":218,"column":26}},{"start":{"line":219,"column":12},"end":{"line":219,"column":60}},{"start":{"line":220,"column":10},"end":{"line":220,"column":14}}]},"38":{"loc":{"start":{"line":219,"column":18},"end":{"line":219,"column":53}},"type":"binary-expr","locations":[{"start":{"line":219,"column":18},"end":{"line":219,"column":53}},{"start":{"line":219,"column":57},"end":{"line":219,"column":59}}]},"39":{"loc":{"start":{"line":239,"column":4},"end":{"line":239,"column":null}},"type":"if","locations":[{"start":{"line":239,"column":4},"end":{"line":239,"column":null}},{"start":{"line":239,"column":4},"end":{"line":239,"column":null}}]},"40":{"loc":{"start":{"line":240,"column":4},"end":{"line":240,"column":null}},"type":"if","locations":[{"start":{"line":240,"column":4},"end":{"line":240,"column":null}},{"start":{"line":240,"column":4},"end":{"line":240,"column":null}}]},"41":{"loc":{"start":{"line":241,"column":4},"end":{"line":241,"column":null}},"type":"if","locations":[{"start":{"line":241,"column":4},"end":{"line":241,"column":null}},{"start":{"line":241,"column":4},"end":{"line":241,"column":null}}]},"42":{"loc":{"start":{"line":243,"column":4},"end":{"line":245,"column":null}},"type":"if","locations":[{"start":{"line":243,"column":4},"end":{"line":245,"column":null}},{"start":{"line":243,"column":4},"end":{"line":245,"column":null}}]},"43":{"loc":{"start":{"line":243,"column":8},"end":{"line":243,"column":14}},"type":"binary-expr","locations":[{"start":{"line":243,"column":8},"end":{"line":243,"column":14}},{"start":{"line":243,"column":18},"end":{"line":243,"column":35}}]},"44":{"loc":{"start":{"line":248,"column":4},"end":{"line":253,"column":null}},"type":"if","locations":[{"start":{"line":248,"column":4},"end":{"line":253,"column":null}},{"start":{"line":248,"column":4},"end":{"line":253,"column":null}}]},"45":{"loc":{"start":{"line":249,"column":6},"end":{"line":252,"column":null}},"type":"if","locations":[{"start":{"line":249,"column":6},"end":{"line":252,"column":null}},{"start":{"line":249,"column":6},"end":{"line":252,"column":null}}]},"46":{"loc":{"start":{"line":256,"column":4},"end":{"line":261,"column":null}},"type":"if","locations":[{"start":{"line":256,"column":4},"end":{"line":261,"column":null}},{"start":{"line":256,"column":4},"end":{"line":261,"column":null}}]},"47":{"loc":{"start":{"line":257,"column":6},"end":{"line":260,"column":null}},"type":"if","locations":[{"start":{"line":257,"column":6},"end":{"line":260,"column":null}},{"start":{"line":257,"column":6},"end":{"line":260,"column":null}}]},"48":{"loc":{"start":{"line":270,"column":16},"end":{"line":270,"column":null}},"type":"if","locations":[{"start":{"line":270,"column":16},"end":{"line":270,"column":null}},{"start":{"line":270,"column":16},"end":{"line":270,"column":null}}]},"49":{"loc":{"start":{"line":272,"column":4},"end":{"line":275,"column":null}},"type":"if","locations":[{"start":{"line":272,"column":4},"end":{"line":275,"column":null}},{"start":{"line":272,"column":4},"end":{"line":275,"column":null}}]},"50":{"loc":{"start":{"line":272,"column":8},"end":{"line":272,"column":20}},"type":"binary-expr","locations":[{"start":{"line":272,"column":8},"end":{"line":272,"column":20}},{"start":{"line":272,"column":24},"end":{"line":272,"column":49}}]},"51":{"loc":{"start":{"line":278,"column":4},"end":{"line":281,"column":null}},"type":"if","locations":[{"start":{"line":278,"column":4},"end":{"line":281,"column":null}},{"start":{"line":278,"column":4},"end":{"line":281,"column":null}}]},"52":{"loc":{"start":{"line":278,"column":8},"end":{"line":278,"column":22}},"type":"binary-expr","locations":[{"start":{"line":278,"column":8},"end":{"line":278,"column":22}},{"start":{"line":278,"column":26},"end":{"line":278,"column":53}}]},"53":{"loc":{"start":{"line":293,"column":4},"end":{"line":296,"column":null}},"type":"if","locations":[{"start":{"line":293,"column":4},"end":{"line":296,"column":null}},{"start":{"line":293,"column":4},"end":{"line":296,"column":null}}]},"54":{"loc":{"start":{"line":298,"column":4},"end":{"line":301,"column":null}},"type":"if","locations":[{"start":{"line":298,"column":4},"end":{"line":301,"column":null}},{"start":{"line":298,"column":4},"end":{"line":301,"column":null}}]}},"s":{"0":4,"1":4,"2":4,"3":4,"4":4,"5":4,"6":4,"7":4,"8":0,"9":0,"10":0,"11":0,"12":0,"13":0,"14":0,"15":0,"16":0,"17":0,"18":0,"19":0,"20":0,"21":0,"22":0,"23":0,"24":0,"25":0,"26":0,"27":0,"28":0,"29":0,"30":0,"31":0,"32":0,"33":0,"34":0,"35":0,"36":0,"37":0,"38":0,"39":0,"40":0,"41":0,"42":0,"43":0,"44":0,"45":0,"46":0,"47":0,"48":0,"49":0,"50":0,"51":0,"52":0,"53":0,"54":0,"55":0,"56":0,"57":0,"58":0,"59":0,"60":0,"61":0,"62":0,"63":0,"64":0,"65":0,"66":0,"67":0,"68":0,"69":0,"70":0,"71":0,"72":0,"73":0,"74":0,"75":0,"76":0,"77":0,"78":0,"79":0,"80":0,"81":0,"82":0,"83":0,"84":0,"85":0,"86":0,"87":0,"88":0,"89":0,"90":0,"91":0,"92":0,"93":0,"94":0,"95":0,"96":4},"f":{"0":0,"1":0,"2":0,"3":0,"4":0,"5":0,"6":0,"7":0,"8":0,"9":0},"b":{"0":[0,0],"1":[0,0],"2":[0,0],"3":[0,0,0],"4":[0,0],"5":[0,0,0],"6":[0,0],"7":[0,0],"8":[0,0],"9":[0,0],"10":[0,0],"11":[0,0],"12":[0,0],"13":[0,0],"14":[0,0],"15":[0,0],"16":[0,0],"17":[0,0],"18":[0,0],"19":[0,0],"20":[0,0],"21":[0,0],"22":[0,0],"23":[0,0],"24":[0,0],"25":[0,0],"26":[0,0],"27":[0,0],"28":[0,0],"29":[0,0],"30":[0,0],"31":[0,0],"32":[0,0],"33":[0,0],"34":[0,0,0,0],"35":[0,0],"36":[0,0],"37":[0,0,0,0],"38":[0,0],"39":[0,0],"40":[0,0],"41":[0,0],"42":[0,0],"43":[0,0],"44":[0,0],"45":[0,0],"46":[0,0],"47":[0,0],"48":[0,0],"49":[0,0],"50":[0,0],"51":[0,0],"52":[0,0],"53":[0,0],"54":[0,0]}}
,"/Users/mackentoch/GitProjects/react-redux-bootstrap-webpack-starter/front/src/services/sw/registerServiceWorker.ts": {"path":"/Users/mackentoch/GitProjects/react-redux-bootstrap-webpack-starter/front/src/services/sw/registerServiceWorker.ts","statementMap":{"0":{"start":{"line":1,"column":0},"end":{"line":1,"column":47}},"1":{"start":{"line":4,"column":8},"end":{"line":4,"column":20}},"2":{"start":{"line":7,"column":0},"end":{"line":7,"column":9}},"3":{"start":{"line":8,"column":2},"end":{"line":19,"column":null}},"4":{"start":{"line":9,"column":4},"end":{"line":18,"column":null}},"5":{"start":{"line":10,"column":6},"end":{"line":17,"column":9}},"6":{"start":{"line":10,"column":38},"end":{"line":17,"column":8}},"7":{"start":{"line":12,"column":31},"end":{"line":12,"column":null}},"8":{"start":{"line":12,"column":16},"end":{"line":12,"column":null}},"9":{"start":{"line":13,"column":10},"end":{"line":13,"column":55}},"10":{"start":{"line":15,"column":10},"end":{"line":15,"column":57}},"11":{"start":{"line":22,"column":0},"end":{"line":22,"column":37}}},"fnMap":{"0":{"name":"registerServiceWorker","decl":{"start":{"line":7,"column":9},"end":{"line":7,"column":30}},"loc":{"start":{"line":7,"column":30},"end":{"line":20,"column":1}}},"1":{"name":"(anonymous_1)","decl":{"start":{"line":10,"column":38},"end":{"line":10,"column":null}},"loc":{"start":{"line":10,"column":38},"end":{"line":17,"column":8}}}},"branchMap":{"0":{"loc":{"start":{"line":8,"column":2},"end":{"line":19,"column":null}},"type":"if","locations":[{"start":{"line":8,"column":2},"end":{"line":19,"column":null}},{"start":{"line":8,"column":2},"end":{"line":19,"column":null}}]},"1":{"loc":{"start":{"line":9,"column":4},"end":{"line":18,"column":null}},"type":"if","locations":[{"start":{"line":9,"column":4},"end":{"line":18,"column":null}},{"start":{"line":9,"column":4},"end":{"line":18,"column":null}}]}},"s":{"0":1,"1":1,"2":0,"3":0,"4":0,"5":0,"6":0,"7":0,"8":0,"9":0,"10":0,"11":1},"f":{"0":0,"1":0},"b":{"0":[0,0],"1":[0,0]}}
}
