TN:
SF:/Users/mackentoch/GitProjects/react-redux-bootstrap-webpack-starter/front/src/components/backToTop/BackToTop.tsx
FN:14,BackToTop
FN:14,(anonymous_1)
FN:20,(anonymous_2)
FN:38,(anonymous_3)
FN:55,(anonymous_4)
FN:68,(anonymous_5)
FN:73,unsubscribeEvents
FN:84,(anonymous_7)
FNF:8
FNH:4
FNDA:1,BackToTop
FNDA:0,(anonymous_1)
FNDA:0,(anonymous_2)
FNDA:0,(anonymous_3)
FNDA:0,(anonymous_4)
FNDA:1,(anonymous_5)
FNDA:1,unsubscribeEvents
FNDA:1,(anonymous_7)
DA:2,2
DA:3,2
DA:4,2
DA:14,2
DA:15,1
DA:16,1
DA:17,1
DA:20,1
DA:21,0
DA:22,0
DA:27,0
DA:37,0
DA:38,0
DA:39,0
DA:41,0
DA:43,0
DA:44,0
DA:46,0
DA:50,0
DA:55,1
DA:58,0
DA:59,0
DA:61,0
DA:62,0
DA:68,1
DA:69,1
DA:70,1
DA:73,1
DA:74,1
DA:75,1
DA:81,1
DA:84,1
DA:98,2
DA:100,2
LF:34
LH:19
BRDA:14,0,0,0
BRDA:14,0,1,1
BRDA:14,1,0,0
BRDA:14,1,1,1
BRDA:21,2,0,0
BRDA:21,2,1,0
BRDA:28,3,0,0
BRDA:28,3,1,0
BRDA:30,4,0,0
BRDA:30,4,1,0
BRDA:30,4,2,0
BRDA:37,5,0,0
BRDA:37,5,1,0
BRDA:39,6,0,0
BRDA:39,6,1,0
BRDA:41,7,0,0
BRDA:41,7,1,0
BRDA:58,8,0,0
BRDA:58,8,1,0
BRDA:59,9,0,0
BRDA:59,9,1,0
BRDA:59,10,0,0
BRDA:59,10,1,0
BRDA:59,10,2,0
BRDA:62,11,0,0
BRDA:62,11,1,0
BRDA:69,12,0,1
BRDA:69,12,1,0
BRDA:74,13,0,1
BRDA:74,13,1,0
BRDA:83,14,0,0
BRDA:83,14,1,1
BRF:32
BRH:5
end_of_record
TN:
SF:/Users/mackentoch/GitProjects/react-redux-bootstrap-webpack-starter/front/src/components/backToTop/backToTopButton/BackToTopButton.tsx
FN:34,setPosition
FN:54,(anonymous_1)
FNF:2
FNH:2
FNDA:2,setPosition
FNDA:2,(anonymous_1)
DA:1,3
DA:2,3
DA:3,3
DA:4,3
DA:17,3
DA:18,3
DA:19,3
DA:20,3
DA:21,3
DA:22,3
DA:23,3
DA:34,2
DA:35,2
DA:37,2
DA:39,1
DA:40,1
DA:41,1
DA:44,1
DA:45,1
DA:46,1
DA:49,0
DA:54,3
DA:55,2
DA:56,4
DA:57,2
DA:58,2
DA:60,2
DA:65,2
DA:83,3
DA:85,3
LF:30
LH:29
BRDA:34,0,0,0
BRDA:34,0,1,2
BRDA:34,1,0,0
BRDA:34,1,1,2
BRDA:38,2,0,1
BRDA:38,2,1,1
BRDA:38,2,2,0
BRDA:56,3,0,0
BRDA:56,3,1,2
BRDA:73,4,0,2
BRDA:73,4,1,1
BRDA:78,5,0,2
BRDA:78,5,1,1
BRF:13
BRH:9
end_of_record
TN:
SF:/Users/mackentoch/GitProjects/react-redux-bootstrap-webpack-starter/front/src/components/backToTop/backToTopButton/UpIcon.tsx
FN:9,(anonymous_0)
FNF:1
FNH:1
FNDA:2,(anonymous_0)
DA:1,4
DA:9,4
DA:10,2
DA:20,4
DA:22,4
LF:5
LH:5
BRDA:9,0,0,0
BRDA:9,0,1,2
BRF:2
BRH:1
end_of_record
TN:
SF:/Users/mackentoch/GitProjects/react-redux-bootstrap-webpack-starter/front/src/components/backToTop/backToTopButton/styled/WithRightMargin.tsx
FNF:0
FNH:0
DA:1,3
DA:3,3
DA:7,3
LF:3
LH:3
BRDA:3,0,0,3
BRDA:3,0,1,3
BRF:2
BRH:2
end_of_record
TN:
SF:/Users/mackentoch/GitProjects/react-redux-bootstrap-webpack-starter/front/src/components/fadeInEntrance/FadeInEntrance.tsx
FN:10,FadeInEntrance
FNF:1
FNH:1
FNDA:5,FadeInEntrance
DA:1,5
DA:2,5
DA:10,5
DA:11,5
DA:14,5
DA:16,5
LF:6
LH:6
BRF:0
BRH:0
end_of_record
TN:
SF:/Users/mackentoch/GitProjects/react-redux-bootstrap-webpack-starter/front/src/components/fadeInEntrance/index.ts
FNF:0
FNH:0
DA:1,4
DA:3,4
LF:2
LH:2
BRF:0
BRH:0
end_of_record
TN:
SF:/Users/mackentoch/GitProjects/react-redux-bootstrap-webpack-starter/front/src/components/fadeInEntrance/styled/FadeInDiv.tsx
FN:30,(anonymous_0)
FNF:1
FNH:1
FNDA:5,(anonymous_0)
DA:1,5
DA:3,5
DA:13,5
DA:27,5
DA:30,5
DA:33,5
LF:6
LH:6
BRDA:3,0,0,5
BRDA:3,0,1,5
BRDA:13,1,0,5
BRDA:13,1,1,5
BRDA:27,2,0,5
BRDA:27,2,1,5
BRDA:30,3,0,5
BRDA:30,3,1,5
BRF:8
BRH:8
end_of_record
TN:
SF:/Users/mackentoch/GitProjects/react-redux-bootstrap-webpack-starter/front/src/components/logoutRoute/LogoutRoute.tsx
FN:14,LogoutRoute
FN:16,(anonymous_1)
FNF:2
FNH:2
FNDA:2,LogoutRoute
FNDA:1,(anonymous_1)
DA:1,1
DA:2,1
DA:3,1
DA:15,2
DA:16,2
DA:18,2
DA:25,1
DA:27,1
LF:8
LH:8
BRF:0
BRH:0
end_of_record
TN:
SF:/Users/mackentoch/GitProjects/react-redux-bootstrap-webpack-starter/front/src/components/logoutRoute/index.ts
FN:20,(anonymous_0)
FN:24,(anonymous_1)
FNF:2
FNH:2
FNDA:1,(anonymous_0)
FNDA:1,(anonymous_1)
DA:1,1
DA:2,1
DA:3,1
DA:4,1
DA:7,1
DA:20,1
DA:21,1
DA:24,1
DA:25,1
DA:29,1
LF:10
LH:10
BRF:0
BRH:0
end_of_record
TN:
SF:/Users/mackentoch/GitProjects/react-redux-bootstrap-webpack-starter/front/src/components/navigation/NavigationBar.tsx
FN:21,NavigationBar
FN:33,(anonymous_1)
FN:40,(anonymous_2)
FN:40,(anonymous_3)
FN:49,(anonymous_4)
FN:62,(anonymous_5)
FNF:6
FNH:3
FNDA:1,NavigationBar
FNDA:0,(anonymous_1)
FNDA:1,(anonymous_2)
FNDA:0,(anonymous_3)
FNDA:0,(anonymous_4)
FNDA:1,(anonymous_5)
DA:1,2
DA:2,2
DA:22,1
DA:23,1
DA:24,1
DA:25,1
DA:26,1
DA:27,1
DA:28,1
DA:30,1
DA:33,1
DA:34,0
DA:35,0
DA:40,1
DA:43,0
DA:44,0
DA:49,1
DA:50,0
DA:51,0
DA:52,0
DA:56,1
DA:62,1
DA:82,2
DA:84,2
LF:24
LH:17
BRDA:34,0,0,0
BRDA:34,0,1,0
BRDA:40,1,0,0
BRDA:40,1,1,1
BRDA:43,2,0,0
BRDA:43,2,1,0
BRDA:50,3,0,0
BRDA:50,3,1,0
BRDA:69,4,0,1
BRDA:69,4,1,0
BRF:10
BRH:2
end_of_record
TN:
SF:/Users/mackentoch/GitProjects/react-redux-bootstrap-webpack-starter/front/src/components/navigation/index.ts
FN:36,(anonymous_0)
FN:43,(anonymous_1)
FNF:2
FNH:2
FNDA:1,(anonymous_0)
FNDA:1,(anonymous_1)
DA:2,2
DA:3,2
DA:4,2
DA:5,2
DA:6,2
DA:36,2
DA:37,1
DA:43,2
DA:44,1
DA:48,2
LF:10
LH:10
BRF:0
BRH:0
end_of_record
TN:
SF:/Users/mackentoch/GitProjects/react-redux-bootstrap-webpack-starter/front/src/components/privateRoute/PrivateRoute.tsx
FN:13,PrivateRoute
FN:20,(anonymous_1)
FNF:2
FNH:0
FNDA:0,PrivateRoute
FNDA:0,(anonymous_1)
DA:1,1
DA:2,1
DA:14,0
DA:15,0
DA:17,0
DA:21,0
DA:31,1
DA:33,1
LF:8
LH:4
BRDA:22,0,0,0
BRDA:22,0,1,0
BRF:2
BRH:0
end_of_record
TN:
SF:/Users/mackentoch/GitProjects/react-redux-bootstrap-webpack-starter/front/src/components/privateRoute/index.ts
FN:22,(anonymous_0)
FN:28,(anonymous_1)
FNF:2
FNH:1
FNDA:2,(anonymous_0)
FNDA:0,(anonymous_1)
DA:1,1
DA:2,1
DA:3,1
DA:4,1
DA:7,1
DA:22,1
DA:23,2
DA:28,1
DA:29,0
DA:33,1
LF:10
LH:9
BRF:0
BRH:0
end_of_record
TN:
SF:/Users/mackentoch/GitProjects/react-redux-bootstrap-webpack-starter/front/src/components/scrollToTop/ScrollToTop.tsx
FN:9,ScrollToTop
FNF:1
FNH:1
FNDA:1,ScrollToTop
DA:1,1
DA:2,1
DA:3,1
DA:9,1
DA:10,1
DA:11,1
DA:13,1
DA:16,1
DA:18,1
LF:9
LH:9
BRF:0
BRH:0
end_of_record
TN:
SF:/Users/mackentoch/GitProjects/react-redux-bootstrap-webpack-starter/front/src/components/scrollToTop/hooks/useScrollToTopOnLocationChange/index.ts
FN:4,useScrollToTopOnLocationChange
FN:7,(anonymous_1)
FN:11,(anonymous_2)
FNF:3
FNH:3
FNDA:1,useScrollToTopOnLocationChange
FNDA:1,(anonymous_1)
FNDA:1,(anonymous_2)
DA:1,1
DA:4,1
DA:5,1
DA:7,1
DA:8,1
DA:11,1
DA:12,1
DA:13,0
DA:14,0
LF:9
LH:7
BRDA:12,0,0,0
BRDA:12,0,1,1
BRDA:13,1,0,0
BRDA:13,1,1,0
BRF:4
BRH:1
end_of_record
TN:
SF:/Users/mackentoch/GitProjects/react-redux-bootstrap-webpack-starter/front/src/config/appConfig.ts
FNF:0
FNH:0
DA:1,7
DA:16,7
LF:2
LH:2
BRF:0
BRH:0
end_of_record
TN:
SF:/Users/mackentoch/GitProjects/react-redux-bootstrap-webpack-starter/front/src/config/navigation.ts
FNF:0
FNH:0
DA:15,1
DA:38,1
LF:2
LH:2
BRF:0
BRH:0
end_of_record
TN:
SF:/Users/mackentoch/GitProjects/react-redux-bootstrap-webpack-starter/front/src/layout/mainLayout/MainLayout.tsx
FN:16,MainLayout
FN:18,(anonymous_1)
FN:29,(anonymous_2)
FN:36,(anonymous_3)
FNF:4
FNH:1
FNDA:1,MainLayout
FNDA:0,(anonymous_1)
FNDA:0,(anonymous_2)
FNDA:0,(anonymous_3)
DA:1,1
DA:2,1
DA:4,1
DA:5,1
DA:6,1
DA:7,1
DA:16,1
DA:18,1
DA:19,0
DA:21,0
DA:28,1
DA:35,1
DA:43,1
DA:59,1
LF:14
LH:12
BRDA:19,0,0,0
BRDA:19,0,1,0
BRF:2
BRH:0
end_of_record
TN:
SF:/Users/mackentoch/GitProjects/react-redux-bootstrap-webpack-starter/front/src/pages/about/About.tsx
FN:13,About
FNF:1
FNH:1
FNDA:1,About
DA:1,1
DA:3,1
DA:14,1
DA:21,1
DA:23,1
LF:5
LH:5
BRF:0
BRH:0
end_of_record
TN:
SF:/Users/mackentoch/GitProjects/react-redux-bootstrap-webpack-starter/front/src/pages/about/index.ts
FN:7,(anonymous_0)
FN:11,(anonymous_1)
FNF:2
FNH:2
FNDA:1,(anonymous_0)
FNDA:1,(anonymous_1)
DA:1,1
DA:2,1
DA:4,1
DA:7,1
DA:8,1
DA:11,1
DA:12,1
DA:17,1
DA:26,1
LF:9
LH:9
BRF:0
BRH:0
end_of_record
TN:
SF:/Users/mackentoch/GitProjects/react-redux-bootstrap-webpack-starter/front/src/pages/home/Home.tsx
FN:17,Home
FNF:1
FNH:1
FNDA:1,Home
DA:1,1
DA:3,1
DA:4,1
DA:5,1
DA:6,1
DA:7,1
DA:18,1
DA:42,1
DA:44,1
LF:9
LH:9
BRF:0
BRH:0
end_of_record
TN:
SF:/Users/mackentoch/GitProjects/react-redux-bootstrap-webpack-starter/front/src/pages/home/index.ts
FN:7,(anonymous_0)
FN:11,(anonymous_1)
FNF:2
FNH:2
FNDA:1,(anonymous_0)
FNDA:1,(anonymous_1)
DA:1,1
DA:2,1
DA:4,1
DA:7,1
DA:8,1
DA:11,1
DA:12,1
DA:17,1
DA:26,1
LF:9
LH:9
BRF:0
BRH:0
end_of_record
TN:
SF:/Users/mackentoch/GitProjects/react-redux-bootstrap-webpack-starter/front/src/pages/home/styled/HomeInfo.tsx
FNF:0
FNH:0
DA:1,1
DA:3,1
DA:5,1
LF:3
LH:3
BRDA:3,0,0,1
BRDA:3,0,1,1
BRF:2
BRH:2
end_of_record
TN:
SF:/Users/mackentoch/GitProjects/react-redux-bootstrap-webpack-starter/front/src/pages/home/styled/MainTitle.ts
FNF:0
FNH:0
DA:1,1
DA:3,1
DA:8,1
LF:3
LH:3
BRDA:3,0,0,1
BRDA:3,0,1,1
BRF:2
BRH:2
end_of_record
TN:
SF:/Users/mackentoch/GitProjects/react-redux-bootstrap-webpack-starter/front/src/pages/pageNotFound/PageNotFound.tsx
FN:14,PageNotFound
FNF:1
FNH:1
FNDA:1,PageNotFound
DA:1,1
DA:3,1
DA:4,1
DA:15,1
DA:24,1
DA:26,1
LF:6
LH:6
BRF:0
BRH:0
end_of_record
TN:
SF:/Users/mackentoch/GitProjects/react-redux-bootstrap-webpack-starter/front/src/pages/pageNotFound/index.ts
FN:7,(anonymous_0)
FN:11,(anonymous_1)
FNF:2
FNH:2
FNDA:1,(anonymous_0)
FNDA:1,(anonymous_1)
DA:1,1
DA:2,1
DA:4,1
DA:7,1
DA:8,1
DA:11,1
DA:12,1
DA:17,1
DA:26,1
LF:9
LH:9
BRF:0
BRH:0
end_of_record
TN:
SF:/Users/mackentoch/GitProjects/react-redux-bootstrap-webpack-starter/front/src/pages/protected/Protected.tsx
FN:13,Protected
FNF:1
FNH:1
FNDA:1,Protected
DA:1,1
DA:3,1
DA:14,1
DA:22,1
DA:24,1
LF:5
LH:5
BRF:0
BRH:0
end_of_record
TN:
SF:/Users/mackentoch/GitProjects/react-redux-bootstrap-webpack-starter/front/src/pages/protected/index.ts
FN:7,(anonymous_0)
FN:11,(anonymous_1)
FNF:2
FNH:2
FNDA:1,(anonymous_0)
FNDA:1,(anonymous_1)
DA:1,1
DA:2,1
DA:4,1
DA:7,1
DA:8,1
DA:11,1
DA:12,1
DA:17,1
DA:26,1
LF:9
LH:9
BRF:0
BRH:0
end_of_record
TN:
SF:/Users/mackentoch/GitProjects/react-redux-bootstrap-webpack-starter/front/src/redux/middleware/fetchMiddleware.ts
FN:42,(anonymous_0)
FN:63,(anonymous_1)
FN:63,(anonymous_2)
FN:65,(anonymous_3)
FN:65,(anonymous_4)
FNF:5
FNH:5
FNDA:5,(anonymous_0)
FNDA:2,(anonymous_1)
FNDA:2,(anonymous_2)
FNDA:2,(anonymous_3)
FNDA:2,(anonymous_4)
DA:2,5
DA:5,5
DA:6,5
DA:42,5
DA:43,5
DA:44,5
DA:63,5
DA:65,2
DA:67,2
DA:68,2
DA:71,0
DA:72,0
DA:82,0
DA:83,0
DA:88,0
DA:89,0
DA:90,0
DA:95,0
DA:101,0
DA:104,0
DA:117,0
DA:118,0
DA:127,0
DA:131,0
DA:143,0
DA:144,0
DA:146,0
DA:147,0
DA:152,0
DA:155,5
LF:30
LH:11
BRDA:42,0,0,5
BRDA:42,0,1,5
BRDA:67,1,0,2
BRDA:67,1,1,0
BRDA:71,2,0,0
BRDA:71,2,1,0
BRDA:82,3,0,0
BRDA:82,3,1,0
BRDA:88,4,0,0
BRDA:88,4,1,0
BRDA:89,5,0,0
BRDA:89,5,1,0
BRDA:117,6,0,0
BRDA:117,6,1,0
BRF:14
BRH:3
end_of_record
TN:
SF:/Users/mackentoch/GitProjects/react-redux-bootstrap-webpack-starter/front/src/redux/modules/fakeModuleWithFetch/index.ts
FN:45,default_1
FN:94,fakeFetch
FN:95,(anonymous_2)
FN:132,fakeFetchIfNeeded
FN:133,(anonymous_4)
FN:141,shouldFakeFetch
FNF:6
FNH:1
FNDA:0,default_1
FNDA:0,fakeFetch
FNDA:0,(anonymous_2)
FNDA:1,fakeFetchIfNeeded
FNDA:0,(anonymous_4)
FNDA:0,shouldFakeFetch
DA:1,1
DA:3,1
DA:4,1
DA:5,1
DA:9,1
DA:10,1
DA:11,1
DA:36,1
DA:45,1
DA:46,0
DA:49,0
DA:51,0
DA:54,0
DA:62,0
DA:63,0
DA:72,0
DA:73,0
DA:83,0
DA:95,0
DA:96,0
DA:97,0
DA:98,0
DA:100,0
DA:101,0
DA:102,0
DA:107,0
DA:108,0
DA:132,1
DA:133,1
DA:134,0
DA:135,0
DA:137,0
DA:142,0
DA:143,0
LF:34
LH:11
BRDA:46,0,0,0
BRDA:46,0,1,0
BRDA:53,1,0,0
BRDA:53,1,1,0
BRDA:53,1,2,0
BRDA:53,1,3,0
BRDA:62,2,0,0
BRDA:62,2,1,0
BRDA:72,3,0,0
BRDA:72,3,1,0
BRDA:97,4,0,0
BRDA:97,4,1,0
BRDA:134,5,0,0
BRDA:134,5,1,0
BRF:14
BRH:0
end_of_record
TN:
SF:/Users/mackentoch/GitProjects/react-redux-bootstrap-webpack-starter/front/src/redux/modules/userAuth/index.ts
FN:72,default_1
FN:186,disconnectUser
FN:199,checkUserIsConnected
FN:200,(anonymous_3)
FN:203,(anonymous_4)
FN:225,logUser
FN:226,(anonymous_6)
FN:226,(anonymous_7)
FN:269,logUserIfNeeded
FN:273,(anonymous_10)
FN:280,shouldLogUser
FN:288,fetchUserInfosData
FN:289,(anonymous_13)
FN:289,(anonymous_14)
FN:331,fetchUserInfoDataIfNeeded
FN:334,(anonymous_17)
FN:342,shouldFetchUserInfoData
FNF:17
FNH:4
FNDA:0,default_1
FNDA:3,disconnectUser
FNDA:1,checkUserIsConnected
FNDA:1,(anonymous_3)
FNDA:1,(anonymous_4)
FNDA:0,logUser
FNDA:0,(anonymous_6)
FNDA:0,(anonymous_7)
FNDA:0,logUserIfNeeded
FNDA:0,(anonymous_10)
FNDA:0,shouldLogUser
FNDA:0,fetchUserInfosData
FNDA:0,(anonymous_13)
FNDA:0,(anonymous_14)
FNDA:0,fetchUserInfoDataIfNeeded
FNDA:0,(anonymous_17)
FNDA:0,shouldFetchUserInfoData
DA:2,5
DA:3,5
DA:4,5
DA:5,5
DA:6,5
DA:7,5
DA:11,5
DA:12,5
DA:13,5
DA:15,5
DA:16,5
DA:17,5
DA:19,5
DA:21,5
DA:55,5
DA:72,5
DA:73,0
DA:76,0
DA:77,0
DA:78,0
DA:81,0
DA:93,0
DA:106,0
DA:114,0
DA:115,0
DA:116,0
DA:117,0
DA:118,0
DA:119,0
DA:123,0
DA:136,0
DA:145,0
DA:154,0
DA:158,0
DA:169,0
DA:176,0
DA:186,5
DA:187,3
DA:188,3
DA:199,5
DA:200,1
DA:201,1
DA:202,1
DA:203,1
DA:204,1
DA:205,1
DA:207,1
DA:214,1
DA:225,0
DA:226,0
DA:227,0
DA:231,0
DA:233,0
DA:234,0
DA:235,0
DA:236,0
DA:237,0
DA:246,0
DA:247,0
DA:269,5
DA:273,0
DA:274,0
DA:275,0
DA:277,0
DA:281,0
DA:282,0
DA:288,0
DA:289,0
DA:290,0
DA:292,0
DA:295,0
DA:298,0
DA:299,0
DA:300,0
DA:301,0
DA:302,0
DA:304,0
DA:305,0
DA:309,0
DA:311,0
DA:324,0
DA:326,0
DA:331,5
DA:332,0
DA:334,0
DA:335,0
DA:336,0
DA:338,0
DA:343,0
DA:344,0
LF:90
LH:30
BRDA:72,0,0,0
BRDA:72,0,1,0
BRDA:74,1,0,0
BRDA:74,1,1,0
BRDA:74,1,2,0
BRDA:74,1,3,0
BRDA:74,1,4,0
BRDA:74,1,5,0
BRDA:74,1,6,0
BRDA:74,1,7,0
BRDA:74,1,8,0
BRDA:76,2,0,0
BRDA:76,2,1,0
BRDA:77,3,0,0
BRDA:77,3,1,0
BRDA:78,4,0,0
BRDA:78,4,1,0
BRDA:115,5,0,0
BRDA:115,5,1,0
BRDA:116,6,0,0
BRDA:116,6,1,0
BRDA:117,7,0,0
BRDA:117,7,1,0
BRDA:118,8,0,0
BRDA:118,8,1,0
BRDA:119,9,0,0
BRDA:119,9,1,0
BRDA:154,10,0,0
BRDA:154,10,1,0
BRDA:203,11,0,1
BRDA:203,11,1,1
BRDA:203,11,2,1
BRDA:205,12,0,0
BRDA:205,12,1,1
BRDA:205,13,0,1
BRDA:205,13,1,1
BRDA:211,14,0,1
BRDA:211,14,1,0
BRDA:217,15,0,1
BRDA:217,15,1,0
BRDA:228,16,0,0
BRDA:228,16,1,0
BRDA:274,17,0,0
BRDA:274,17,1,0
BRDA:288,18,0,0
BRDA:288,18,1,0
BRDA:296,19,0,0
BRDA:296,19,1,0
BRDA:301,20,0,0
BRDA:301,20,1,0
BRDA:304,21,0,0
BRDA:304,21,1,0
BRDA:332,22,0,0
BRDA:332,22,1,0
BRDA:335,23,0,0
BRDA:335,23,1,0
BRF:56
BRH:8
end_of_record
TN:
SF:/Users/mackentoch/GitProjects/react-redux-bootstrap-webpack-starter/front/src/services/API/fetchTools.ts
FN:4,(anonymous_0)
FN:38,(anonymous_1)
FNF:2
FNH:0
FNDA:0,(anonymous_0)
FNDA:0,(anonymous_1)
DA:1,4
DA:4,4
DA:5,0
DA:7,0
DA:11,0
DA:16,4
DA:20,4
DA:24,4
DA:28,4
DA:38,4
DA:39,0
LF:11
LH:7
BRDA:5,0,0,0
BRDA:5,0,1,0
BRDA:9,1,0,0
BRDA:9,1,1,0
BRDA:38,2,0,0
BRDA:38,2,1,0
BRF:6
BRH:0
end_of_record
TN:
SF:/Users/mackentoch/GitProjects/react-redux-bootstrap-webpack-starter/front/src/services/auth/index.ts
FN:35,(anonymous_0)
FN:59,(anonymous_1)
FN:104,(anonymous_2)
FN:134,(anonymous_3)
FN:158,(anonymous_4)
FN:178,(anonymous_5)
FN:196,(anonymous_6)
FN:238,(anonymous_7)
FN:270,(anonymous_8)
FN:292,(anonymous_9)
FNF:10
FNH:1
FNDA:0,(anonymous_0)
FNDA:0,(anonymous_1)
FNDA:0,(anonymous_2)
FNDA:0,(anonymous_3)
FNDA:0,(anonymous_4)
FNDA:0,(anonymous_5)
FNDA:0,(anonymous_6)
FNDA:0,(anonymous_7)
FNDA:0,(anonymous_8)
FNDA:1,(anonymous_9)
DA:1,4
DA:2,4
DA:5,4
DA:6,4
DA:8,4
DA:13,4
DA:14,4
DA:23,4
DA:36,0
DA:37,0
DA:40,0
DA:41,0
DA:44,0
DA:45,0
DA:48,0
DA:60,0
DA:61,0
DA:62,0
DA:64,0
DA:65,0
DA:68,0
DA:69,0
DA:70,0
DA:71,0
DA:75,0
DA:76,0
DA:77,0
DA:78,0
DA:105,0
DA:106,0
DA:109,0
DA:110,0
DA:111,0
DA:113,0
DA:117,0
DA:118,0
DA:119,0
DA:121,0
DA:125,0
DA:135,0
DA:136,0
DA:139,0
DA:140,0
DA:141,0
DA:144,0
DA:145,0
DA:146,0
DA:149,0
DA:159,0
DA:160,0
DA:163,0
DA:164,0
DA:165,0
DA:168,0
DA:169,0
DA:179,0
DA:180,0
DA:181,0
DA:183,0
DA:197,0
DA:198,0
DA:201,0
DA:202,0
DA:203,0
DA:210,0
DA:214,0
DA:215,0
DA:216,0
DA:223,0
DA:227,0
DA:239,0
DA:240,0
DA:241,0
DA:243,0
DA:244,0
DA:248,0
DA:249,0
DA:250,0
DA:251,0
DA:256,0
DA:257,0
DA:258,0
DA:259,0
DA:270,0
DA:272,0
DA:273,0
DA:274,0
DA:278,0
DA:279,0
DA:280,0
DA:293,1
DA:294,1
DA:295,1
DA:298,0
DA:299,0
DA:300,0
DA:305,4
LF:97
LH:12
BRDA:36,0,0,0
BRDA:36,0,1,0
BRDA:37,1,0,0
BRDA:37,1,1,0
BRDA:40,2,0,0
BRDA:40,2,1,0
BRDA:41,3,0,0
BRDA:41,3,1,0
BRDA:41,3,2,0
BRDA:44,4,0,0
BRDA:44,4,1,0
BRDA:45,5,0,0
BRDA:45,5,1,0
BRDA:45,5,2,0
BRDA:60,6,0,0
BRDA:60,6,1,0
BRDA:61,7,0,0
BRDA:61,7,1,0
BRDA:62,8,0,0
BRDA:62,8,1,0
BRDA:64,9,0,0
BRDA:64,9,1,0
BRDA:64,10,0,0
BRDA:64,10,1,0
BRDA:68,11,0,0
BRDA:68,11,1,0
BRDA:69,12,0,0
BRDA:69,12,1,0
BRDA:75,13,0,0
BRDA:75,13,1,0
BRDA:76,14,0,0
BRDA:76,14,1,0
BRDA:105,15,0,0
BRDA:105,15,1,0
BRDA:106,16,0,0
BRDA:106,16,1,0
BRDA:109,17,0,0
BRDA:109,17,1,0
BRDA:110,18,0,0
BRDA:110,18,1,0
BRDA:110,19,0,0
BRDA:110,19,1,0
BRDA:117,20,0,0
BRDA:117,20,1,0
BRDA:118,21,0,0
BRDA:118,21,1,0
BRDA:118,22,0,0
BRDA:118,22,1,0
BRDA:135,23,0,0
BRDA:135,23,1,0
BRDA:136,24,0,0
BRDA:136,24,1,0
BRDA:139,25,0,0
BRDA:139,25,1,0
BRDA:139,26,0,0
BRDA:139,26,1,0
BRDA:144,27,0,0
BRDA:144,27,1,0
BRDA:144,28,0,0
BRDA:144,28,1,0
BRDA:159,29,0,0
BRDA:159,29,1,0
BRDA:164,30,0,0
BRDA:164,30,1,0
BRDA:197,31,0,0
BRDA:197,31,1,0
BRDA:198,32,0,0
BRDA:198,32,1,0
BRDA:201,33,0,0
BRDA:201,33,1,0
BRDA:204,34,0,0
BRDA:204,34,1,0
BRDA:204,34,2,0
BRDA:204,34,3,0
BRDA:206,35,0,0
BRDA:206,35,1,0
BRDA:214,36,0,0
BRDA:214,36,1,0
BRDA:217,37,0,0
BRDA:217,37,1,0
BRDA:217,37,2,0
BRDA:217,37,3,0
BRDA:219,38,0,0
BRDA:219,38,1,0
BRDA:239,39,0,0
BRDA:239,39,1,0
BRDA:240,40,0,0
BRDA:240,40,1,0
BRDA:241,41,0,0
BRDA:241,41,1,0
BRDA:243,42,0,0
BRDA:243,42,1,0
BRDA:243,43,0,0
BRDA:243,43,1,0
BRDA:248,44,0,0
BRDA:248,44,1,0
BRDA:249,45,0,0
BRDA:249,45,1,0
BRDA:256,46,0,0
BRDA:256,46,1,0
BRDA:257,47,0,0
BRDA:257,47,1,0
BRDA:270,48,0,0
BRDA:270,48,1,0
BRDA:272,49,0,0
BRDA:272,49,1,0
BRDA:272,50,0,0
BRDA:272,50,1,0
BRDA:278,51,0,0
BRDA:278,51,1,0
BRDA:278,52,0,0
BRDA:278,52,1,0
BRDA:293,53,0,1
BRDA:293,53,1,0
BRDA:298,54,0,0
BRDA:298,54,1,0
BRF:116
BRH:1
end_of_record
TN:
SF:/Users/mackentoch/GitProjects/react-redux-bootstrap-webpack-starter/front/src/services/sw/registerServiceWorker.ts
FN:7,registerServiceWorker
FN:10,(anonymous_1)
FNF:2
FNH:0
FNDA:0,registerServiceWorker
FNDA:0,(anonymous_1)
DA:1,1
DA:4,1
DA:7,0
DA:8,0
DA:9,0
DA:10,0
DA:12,0
DA:13,0
DA:15,0
DA:22,1
LF:10
LH:3
BRDA:8,0,0,0
BRDA:8,0,1,0
BRDA:9,1,0,0
BRDA:9,1,1,0
BRF:4
BRH:0
end_of_record
