TN:
SF:/Users/mackentoch/GitProjects/react-redux-bootstrap-webpack-starter/front/src/components/backToTop/BackToTop.tsx
FN:14,BackToTop
FN:14,(anonymous_1)
FN:20,(anonymous_2)
FN:38,(anonymous_3)
FN:55,(anonymous_4)
FN:68,(anonymous_5)
FN:73,unsubscribeEvents
FN:84,(anonymous_7)
FNF:8
FNH:4
FNDA:1,BackToTop
FNDA:0,(anonymous_1)
FNDA:0,(anonymous_2)
FNDA:0,(anonymous_3)
FNDA:0,(anonymous_4)
FNDA:1,(anonymous_5)
FNDA:1,unsubscribeEvents
FNDA:1,(anonymous_7)
DA:2,1
DA:3,1
DA:4,1
DA:14,2
DA:15,1
DA:16,1
DA:17,1
DA:20,1
DA:21,0
DA:22,0
DA:27,0
DA:37,0
DA:38,0
DA:39,0
DA:41,0
DA:43,0
DA:44,0
DA:46,0
DA:50,0
DA:55,1
DA:58,0
DA:59,0
DA:61,0
DA:62,0
DA:68,1
DA:69,1
DA:70,1
DA:73,1
DA:74,1
DA:75,1
DA:81,1
DA:84,1
DA:98,1
DA:100,1
LF:34
LH:19
BRDA:14,0,0,0
BRDA:14,0,1,1
BRDA:14,1,0,0
BRDA:14,1,1,1
BRDA:21,2,0,0
BRDA:21,2,1,0
BRDA:28,3,0,0
BRDA:28,3,1,0
BRDA:30,4,0,0
BRDA:30,4,1,0
BRDA:30,4,2,0
BRDA:37,5,0,0
BRDA:37,5,1,0
BRDA:39,6,0,0
BRDA:39,6,1,0
BRDA:41,7,0,0
BRDA:41,7,1,0
BRDA:58,8,0,0
BRDA:58,8,1,0
BRDA:59,9,0,0
BRDA:59,9,1,0
BRDA:59,10,0,0
BRDA:59,10,1,0
BRDA:59,10,2,0
BRDA:62,11,0,0
BRDA:62,11,1,0
BRDA:69,12,0,1
BRDA:69,12,1,0
BRDA:74,13,0,1
BRDA:74,13,1,0
BRDA:83,14,0,0
BRDA:83,14,1,1
BRF:32
BRH:5
end_of_record
TN:
SF:/Users/mackentoch/GitProjects/react-redux-bootstrap-webpack-starter/front/src/components/backToTop/backToTopButton/BackToTopButton.tsx
FN:34,setPosition
FN:54,(anonymous_1)
FNF:2
FNH:2
FNDA:2,setPosition
FNDA:2,(anonymous_1)
DA:1,2
DA:2,2
DA:3,2
DA:4,2
DA:17,2
DA:18,2
DA:19,2
DA:20,2
DA:21,2
DA:22,2
DA:23,2
DA:34,2
DA:35,2
DA:37,2
DA:39,1
DA:40,1
DA:41,1
DA:44,1
DA:45,1
DA:46,1
DA:49,0
DA:54,2
DA:55,2
DA:56,4
DA:57,2
DA:58,2
DA:60,2
DA:65,2
DA:83,2
DA:85,2
LF:30
LH:29
BRDA:34,0,0,0
BRDA:34,0,1,2
BRDA:34,1,0,0
BRDA:34,1,1,2
BRDA:38,2,0,1
BRDA:38,2,1,1
BRDA:38,2,2,0
BRDA:56,3,0,0
BRDA:56,3,1,2
BRDA:73,4,0,2
BRDA:73,4,1,1
BRDA:78,5,0,2
BRDA:78,5,1,1
BRF:13
BRH:9
end_of_record
TN:
SF:/Users/mackentoch/GitProjects/react-redux-bootstrap-webpack-starter/front/src/components/backToTop/backToTopButton/UpIcon.tsx
FN:9,(anonymous_0)
FNF:1
FNH:1
FNDA:2,(anonymous_0)
DA:1,3
DA:9,4
DA:10,2
DA:20,3
DA:22,3
LF:5
LH:5
BRDA:9,0,0,0
BRDA:9,0,1,2
BRF:2
BRH:1
end_of_record
TN:
SF:/Users/mackentoch/GitProjects/react-redux-bootstrap-webpack-starter/front/src/components/backToTop/backToTopButton/styled/WithRightMargin.tsx
FNF:0
FNH:0
DA:1,2
DA:3,2
DA:7,2
LF:3
LH:3
BRDA:3,0,0,2
BRDA:3,0,1,2
BRF:2
BRH:2
end_of_record
TN:
SF:/Users/mackentoch/GitProjects/react-redux-bootstrap-webpack-starter/front/src/components/fadeInEntrance/FadeInEntrance.tsx
FN:10,FadeInEntrance
FNF:1
FNH:1
FNDA:5,FadeInEntrance
DA:1,5
DA:2,5
DA:10,5
DA:11,5
DA:14,5
DA:16,5
LF:6
LH:6
BRF:0
BRH:0
end_of_record
TN:
SF:/Users/mackentoch/GitProjects/react-redux-bootstrap-webpack-starter/front/src/components/fadeInEntrance/index.ts
FNF:0
FNH:0
DA:1,4
DA:3,4
LF:2
LH:2
BRF:0
BRH:0
end_of_record
TN:
SF:/Users/mackentoch/GitProjects/react-redux-bootstrap-webpack-starter/front/src/components/fadeInEntrance/styled/FadeInDiv.tsx
FN:30,(anonymous_0)
FNF:1
FNH:1
FNDA:5,(anonymous_0)
DA:1,5
DA:3,5
DA:13,5
DA:27,5
DA:30,5
DA:33,5
LF:6
LH:6
BRDA:3,0,0,5
BRDA:3,0,1,5
BRDA:13,1,0,5
BRDA:13,1,1,5
BRDA:27,2,0,5
BRDA:27,2,1,5
BRDA:30,3,0,5
BRDA:30,3,1,5
BRF:8
BRH:8
end_of_record
TN:
SF:/Users/mackentoch/GitProjects/react-redux-bootstrap-webpack-starter/front/src/components/scrollToTop/ScrollToTop.tsx
FN:9,ScrollToTop
FNF:1
FNH:1
FNDA:1,ScrollToTop
DA:1,1
DA:2,1
DA:3,1
DA:9,1
DA:10,1
DA:11,1
DA:13,1
DA:16,1
DA:18,1
LF:9
LH:9
BRF:0
BRH:0
end_of_record
TN:
SF:/Users/mackentoch/GitProjects/react-redux-bootstrap-webpack-starter/front/src/components/scrollToTop/hooks/useScrollToTopOnLocationChange/index.ts
FN:4,useScrollToTopOnLocationChange
FN:7,(anonymous_1)
FN:11,(anonymous_2)
FNF:3
FNH:3
FNDA:1,useScrollToTopOnLocationChange
FNDA:1,(anonymous_1)
FNDA:1,(anonymous_2)
DA:1,1
DA:4,1
DA:5,1
DA:7,1
DA:8,1
DA:11,1
DA:12,1
DA:13,0
DA:14,0
LF:9
LH:7
BRDA:12,0,0,0
BRDA:12,0,1,1
BRDA:13,1,0,0
BRDA:13,1,1,0
BRF:4
BRH:1
end_of_record
TN:
SF:/Users/mackentoch/GitProjects/react-redux-bootstrap-webpack-starter/front/src/config/appConfig.ts
FNF:0
FNH:0
DA:1,1
DA:16,1
LF:2
LH:2
BRF:0
BRH:0
end_of_record
TN:
SF:/Users/mackentoch/GitProjects/react-redux-bootstrap-webpack-starter/front/src/pages/about/About.tsx
FN:13,About
FNF:1
FNH:1
FNDA:1,About
DA:1,1
DA:3,1
DA:14,1
DA:21,1
DA:23,1
LF:5
LH:5
BRF:0
BRH:0
end_of_record
TN:
SF:/Users/mackentoch/GitProjects/react-redux-bootstrap-webpack-starter/front/src/pages/about/index.ts
FN:7,(anonymous_0)
FN:11,(anonymous_1)
FNF:2
FNH:2
FNDA:1,(anonymous_0)
FNDA:1,(anonymous_1)
DA:1,1
DA:2,1
DA:4,1
DA:7,1
DA:8,1
DA:11,1
DA:12,1
DA:17,1
DA:26,1
LF:9
LH:9
BRF:0
BRH:0
end_of_record
TN:
SF:/Users/mackentoch/GitProjects/react-redux-bootstrap-webpack-starter/front/src/pages/home/Home.tsx
FN:17,Home
FNF:1
FNH:1
FNDA:1,Home
DA:1,1
DA:3,1
DA:4,1
DA:5,1
DA:6,1
DA:7,1
DA:18,1
DA:42,1
DA:44,1
LF:9
LH:9
BRF:0
BRH:0
end_of_record
TN:
SF:/Users/mackentoch/GitProjects/react-redux-bootstrap-webpack-starter/front/src/pages/home/index.ts
FN:7,(anonymous_0)
FN:11,(anonymous_1)
FNF:2
FNH:2
FNDA:1,(anonymous_0)
FNDA:1,(anonymous_1)
DA:1,1
DA:2,1
DA:4,1
DA:7,1
DA:8,1
DA:11,1
DA:12,1
DA:17,1
DA:26,1
LF:9
LH:9
BRF:0
BRH:0
end_of_record
TN:
SF:/Users/mackentoch/GitProjects/react-redux-bootstrap-webpack-starter/front/src/pages/home/styled/HomeInfo.tsx
FNF:0
FNH:0
DA:1,1
DA:3,1
DA:5,1
LF:3
LH:3
BRDA:3,0,0,1
BRDA:3,0,1,1
BRF:2
BRH:2
end_of_record
TN:
SF:/Users/mackentoch/GitProjects/react-redux-bootstrap-webpack-starter/front/src/pages/home/styled/MainTitle.ts
FNF:0
FNH:0
DA:1,1
DA:3,1
DA:8,1
LF:3
LH:3
BRDA:3,0,0,1
BRDA:3,0,1,1
BRF:2
BRH:2
end_of_record
TN:
SF:/Users/mackentoch/GitProjects/react-redux-bootstrap-webpack-starter/front/src/pages/pageNotFound/PageNotFound.tsx
FN:14,PageNotFound
FNF:1
FNH:1
FNDA:1,PageNotFound
DA:1,1
DA:3,1
DA:4,1
DA:15,1
DA:24,1
DA:26,1
LF:6
LH:6
BRF:0
BRH:0
end_of_record
TN:
SF:/Users/mackentoch/GitProjects/react-redux-bootstrap-webpack-starter/front/src/pages/pageNotFound/index.ts
FN:7,(anonymous_0)
FN:11,(anonymous_1)
FNF:2
FNH:2
FNDA:1,(anonymous_0)
FNDA:1,(anonymous_1)
DA:1,1
DA:2,1
DA:4,1
DA:7,1
DA:8,1
DA:11,1
DA:12,1
DA:17,1
DA:26,1
LF:9
LH:9
BRF:0
BRH:0
end_of_record
TN:
SF:/Users/mackentoch/GitProjects/react-redux-bootstrap-webpack-starter/front/src/pages/protected/Protected.tsx
FN:13,Protected
FNF:1
FNH:1
FNDA:1,Protected
DA:1,1
DA:3,1
DA:14,1
DA:22,1
DA:24,1
LF:5
LH:5
BRF:0
BRH:0
end_of_record
TN:
SF:/Users/mackentoch/GitProjects/react-redux-bootstrap-webpack-starter/front/src/pages/protected/index.ts
FN:7,(anonymous_0)
FN:11,(anonymous_1)
FNF:2
FNH:2
FNDA:1,(anonymous_0)
FNDA:1,(anonymous_1)
DA:1,1
DA:2,1
DA:4,1
DA:7,1
DA:8,1
DA:11,1
DA:12,1
DA:17,1
DA:26,1
LF:9
LH:9
BRF:0
BRH:0
end_of_record
TN:
SF:/Users/mackentoch/GitProjects/react-redux-bootstrap-webpack-starter/front/src/redux/modules/fakeModuleWithFetch/index.ts
FN:45,default_1
FN:94,fakeFetch
FN:95,(anonymous_2)
FN:132,fakeFetchIfNeeded
FN:133,(anonymous_4)
FN:141,shouldFakeFetch
FNF:6
FNH:1
FNDA:0,default_1
FNDA:0,fakeFetch
FNDA:0,(anonymous_2)
FNDA:1,fakeFetchIfNeeded
FNDA:0,(anonymous_4)
FNDA:0,shouldFakeFetch
DA:1,1
DA:3,1
DA:4,1
DA:5,1
DA:9,1
DA:10,1
DA:11,1
DA:36,1
DA:45,1
DA:46,0
DA:49,0
DA:51,0
DA:54,0
DA:62,0
DA:63,0
DA:72,0
DA:73,0
DA:83,0
DA:95,0
DA:96,0
DA:97,0
DA:98,0
DA:100,0
DA:101,0
DA:102,0
DA:107,0
DA:108,0
DA:132,1
DA:133,1
DA:134,0
DA:135,0
DA:137,0
DA:142,0
DA:143,0
LF:34
LH:11
BRDA:46,0,0,0
BRDA:46,0,1,0
BRDA:53,1,0,0
BRDA:53,1,1,0
BRDA:53,1,2,0
BRDA:53,1,3,0
BRDA:62,2,0,0
BRDA:62,2,1,0
BRDA:72,3,0,0
BRDA:72,3,1,0
BRDA:97,4,0,0
BRDA:97,4,1,0
BRDA:134,5,0,0
BRDA:134,5,1,0
BRF:14
BRH:0
end_of_record
